"../../../BonVoyage/Content/Assets/Font.uasset" 0
"../../../BonVoyage/Content/Assets/Steagisler_Italic.uasset" 1
"../../../BonVoyage/Content/Assets/Steagisler_EmphasisItalic_Font.uasset" 2
"../../../BonVoyage/Content/Assets/Steagisler_Regular.uasset" 3
"../../../BonVoyage/Content/Assets/Steagisler_EmphasisRegular_Font.uasset" 4
"../../../BonVoyage/Content/Assets/Steagisler_Italic_Font.uasset" 5
"../../../BonVoyage/Content/Assets/Steagisler_Regular_Font.uasset" 6
"../../../BonVoyage/Content/Assets/Blueprints/CelestialObjects/StarAuraParticle.uasset" 7
"../../../BonVoyage/Content/Assets/Blueprints/CelestialObjects/Atmosphere.uasset" 8
"../../../BonVoyage/Content/Assets/Blueprints/CelestialObjects/StarAura.uasset" 9
"../../../Engine/Content/EditorBlueprintResources/StandardMacros.uasset" 10
"../../../BonVoyage/Content/Assets/Blueprints/GameSystem/ShipListSave.uasset" 11
"../../../BonVoyage/Content/Assets/Blueprints/PlayableShips/ShipComponents/CrewComponent/CrewListSave.uasset" 12
"../../../BonVoyage/Content/AIBlackboard.uasset" 13
"../../../BonVoyage/Content/AIShipController.uasset" 14
"../../../BonVoyage/Content/AggroCheck.uasset" 15
"../../../BonVoyage/Content/MoveTo.uasset" 16
"../../../BonVoyage/Content/ShipTree.uasset" 17
"../../../BonVoyage/Content/Assets/Blueprints/PlayableShips/ShipComponents/BaseComponent/BaseComponentSave.uasset" 18
"../../../BonVoyage/Content/Assets/Blueprints/PlayableShips/ShipComponents/BaseComponent/BaseShipComponent.uasset" 19
"../../../BonVoyage/Content/Assets/Blueprints/PlayableShips/ShipComponents/RoomComponent/RoomBonuses.uasset" 20
"../../../BonVoyage/Content/Assets/Blueprints/PlayableShips/ShipComponents/RoomComponent/RoomStatuses.uasset" 21
"../../../BonVoyage/Content/Assets/DataModels/Room.uasset" 22
"../../../BonVoyage/Content/Assets/Blueprints/PlayableShips/ShipComponents/HullComponent/HullSave.uasset" 23
"../../../BonVoyage/Content/Assets/Widgets/Healthbar.uasset" 24
"../../../BonVoyage/Content/Assets/Blueprints/PlayableShips/ShipComponents/HullComponent/HullComponent.uasset" 25
"../../../BonVoyage/Content/Assets/Blueprints/PlayableShips/ShipComponents/ShieldComponent/ShieldSave.uasset" 26
"../../../Engine/Content/Functions/Engine_MaterialFunctions01/Gradient/RadialGradient.uasset" 27
"../../../BonVoyage/Content/StarterContent/Particles/Materials/M_radial_ramp.uasset" 28
"../../../BonVoyage/Content/Assets/ParticleSystems/Shield.uasset" 29
"../../../BonVoyage/Content/Assets/Blueprints/PlayableShips/ShipComponents/ShieldComponent/ShieldComponent.uasset" 30
"../../../BonVoyage/Content/Assets/Blueprints/PlayableShips/ShipComponents/RoomComponent/RoomSave.uasset" 31
"../../../BonVoyage/Content/Assets/Blueprints/PlayableShips/ShipComponents/TeleporterComponent/TeleporterComponent.uasset" 32
"../../../BonVoyage/Content/Assets/Blueprints/PlayableShips/ShipComponents/ScannerComponent/ScannerSave.uasset" 33
"../../../BonVoyage/Content/Assets/Blueprints/PlayableShips/ShipComponents/CameraComponent/CameraSave.uasset" 34
"../../../BonVoyage/Content/Assets/Blueprints/PlayableShips/ShipComponents/CameraComponent/CameraComponent.uasset" 35
"../../../BonVoyage/Content/Assets/Blueprints/PlayableShips/ShipComponents/ImpulseComponent/ImpulseSave.uasset" 36
"../../../BonVoyage/Content/Assets/Blueprints/PlayableShips/ShipComponents/ImpulseComponent/ImpulseComponent.uasset" 37
"../../../BonVoyage/Content/Assets/PlanetMarkerSizeCurve.uasset" 38
"../../../BonVoyage/Content/Assets/Textures/Diamond.uasset" 39
"../../../BonVoyage/Content/Assets/Materials/PlanetMarkerMaterial.uasset" 40
"../../../BonVoyage/Content/StarterContent/Materials/M_Basic_Wall.uasset" 41
"../../../BonVoyage/Content/Assets/Blueprints/CelestialObjects/PlanetModel.uasset" 42
"../../../BonVoyage/Content/Assets/Blueprints/CelestialObjects/Planet.uasset" 43
"../../../BonVoyage/Content/StarterContent/Textures/T_Burst_M.uasset" 44
"../../../BonVoyage/Content/StarterContent/Particles/Materials/M_Burst.uasset" 45
"../../../BonVoyage/Content/StarterContent/Textures/T_Explosion_SubUV.uasset" 46
"../../../BonVoyage/Content/StarterContent/Particles/Materials/M_explosion_subUV.uasset" 47
"../../../BonVoyage/Content/StarterContent/Particles/Materials/m_flare_01.uasset" 48
"../../../BonVoyage/Content/Assets/ParticleSystems/ExplosionEffect.uasset" 49
"../../../BonVoyage/Content/Assets/ParticleSystems/Trail.uasset" 50
"../../../BonVoyage/Content/StarterContent/Shapes/Shape_Sphere.uasset" 51
"../../../BonVoyage/Content/Assets/Blueprints/Projectiles/BaseProjectile.uasset" 52
"../../../BonVoyage/Content/Assets/Blueprints/PlayableShips/ShipComponents/WeaponsComponent/WeaponTypes.uasset" 53
"../../../BonVoyage/Content/Assets/DataModels/Weapon.uasset" 54
"../../../Engine/Content/Functions/Engine_MaterialFunctions02/Utility/BlendAngleCorrectedNormals.uasset" 55
"../../../BonVoyage/Content/StarterContent/Textures/T_Tech_Hex_Tile_M.uasset" 56
"../../../BonVoyage/Content/StarterContent/Textures/T_Tech_Hex_Tile_N.uasset" 57
"../../../BonVoyage/Content/StarterContent/Materials/M_Tech_Hex_Tile.uasset" 58
"../../../BonVoyage/Content/Assets/Models/MainTurret.uasset" 59
"../../../BonVoyage/Content/Assets/Blueprints/PlayableShips/ShipComponents/WeaponsComponent/WeaponObject.uasset" 60
"../../../BonVoyage/Content/Assets/Blueprints/PlayableShips/ShipComponents/WeaponsComponent/Mount.uasset" 61
"../../../BonVoyage/Content/Assets/DataModels/Ship.uasset" 62
"../../../BonVoyage/Content/Assets/Blueprints/PlayableShips/Base_Ship/ShipType.uasset" 63
"../../../BonVoyage/Content/Assets/Blueprints/PlayableShips/ShipComponents/WeaponsComponent/WeaponsComponent.uasset" 64
"../../../BonVoyage/Content/Tests/TestingMenu.uasset" 65
"../../../BonVoyage/Content/Tests/UnitTests.uasset" 66
"../../../BonVoyage/Content/StarterContent/Textures/T_Concrete_Panels_D.uasset" 67
"../../../BonVoyage/Content/Assets/Widgets/GameplayHUD.uasset" 68
"../../../BonVoyage/Content/Assets/Textures/Cogs.uasset" 69
"../../../BonVoyage/Content/Assets/Textures/Crown.uasset" 70
"../../../BonVoyage/Content/Assets/Textures/ShieldLightning.uasset" 71
"../../../BonVoyage/Content/Assets/Widgets/ShipRecord.uasset" 72
"../../../BonVoyage/Content/Assets/Blueprints/PlayableShips/ShipComponents/ScannerComponent/ScannerComponent.uasset" 73
"../../../BonVoyage/Content/Assets/Textures/RateOfFire.uasset" 74
"../../../BonVoyage/Content/Assets/Textures/TargetHit.uasset" 75
"../../../BonVoyage/Content/Assets/Widgets/RoomRecord.uasset" 76
"../../../BonVoyage/Content/Assets/Blueprints/PlayableShips/ShipComponents/CrewComponent/CrewActions.uasset" 77
"../../../BonVoyage/Content/Assets/Textures/Armor.uasset" 78
"../../../BonVoyage/Content/Assets/Textures/ArmorPiercing.uasset" 79
"../../../BonVoyage/Content/Assets/Textures/Calibrate.uasset" 80
"../../../BonVoyage/Content/Assets/Textures/Damage.uasset" 81
"../../../BonVoyage/Content/Assets/Textures/Flask.uasset" 82
"../../../BonVoyage/Content/Assets/Textures/Footprints.uasset" 83
"../../../BonVoyage/Content/Assets/Textures/Repair.uasset" 84
"../../../BonVoyage/Content/Assets/Textures/Shield.uasset" 85
"../../../BonVoyage/Content/Assets/Textures/Star.uasset" 86
"../../../BonVoyage/Content/Assets/Textures/Wrench.uasset" 87
"../../../BonVoyage/Content/Assets/Widgets/CrewRecord.uasset" 88
"../../../BonVoyage/Content/Assets/Blueprints/PlayableShips/ShipComponents/RoomComponent/RoomComponent.uasset" 89
"../../../BonVoyage/Content/Assets/DataModels/Crew.uasset" 90
"../../../BonVoyage/Content/Assets/Blueprints/PlayableShips/ShipComponents/CrewComponent/CrewStatuses.uasset" 91
"../../../BonVoyage/Content/Assets/Blueprints/PlayableShips/ShipComponents/CrewComponent/CrewObject.uasset" 92
"../../../BonVoyage/Content/Assets/Blueprints/PlayableShips/ShipComponents/CrewComponent/CrewMemberSave.uasset" 93
"../../../BonVoyage/Content/Assets/DataTables/NPCData.uasset" 94
"../../../BonVoyage/Content/Assets/Blueprints/PlayableShips/ShipComponents/CrewComponent/CrewComponent.uasset" 95
"../../../BonVoyage/Content/Assets/Widgets/MapIcon.uasset" 96
"../../../BonVoyage/Content/Assets/Blueprints/PlayableShips/ShipComponents/RoomComponent/RoomObject.uasset" 97
"../../../BonVoyage/Content/Assets/Blueprints/PlayableShips/ShipComponents/HUDComponent/HUDSave.uasset" 98
"../../../BonVoyage/Content/Assets/Widgets/RoomRoster.uasset" 99
"../../../BonVoyage/Content/Assets/Widgets/ShipMap.uasset" 100
"../../../BonVoyage/Content/Assets/Widgets/AwayPanel.uasset" 101
"../../../BonVoyage/Content/Assets/Widgets/ConsoleLog.uasset" 102
"../../../BonVoyage/Content/Assets/Blueprints/PlayableShips/ShipComponents/HUDComponent/HUDComponent.uasset" 103
"../../../BonVoyage/Content/Assets/Blueprints/PlayableShips/ShipComponents/AIComponent/AIState.uasset" 104
"../../../BonVoyage/Content/Assets/Blueprints/PlayableShips/ShipComponents/AIComponent/AIComponent.uasset" 105
"../../../BonVoyage/Content/Assets/Blueprints/PlayableShips/ShipComponents/AIComponent/AISave.uasset" 106
"../../../Engine/Content/EngineResources/WhiteSquareTexture.uasset" 107
"../../../BonVoyage/Content/Assets/Materials/Widget3DPassThrough.uasset" 108
"../../../BonVoyage/Content/Assets/Widgets/MessageText.uasset" 109
"../../../Engine/Content/MapTemplates/Sky/DaylightAmbientCubemap.uasset" 110
"../../../BonVoyage/Content/StarterContent/Blueprints/Assets/M_LightStage_Skybox_Master.uasset" 111
"../../../BonVoyage/Content/StarterContent/Blueprints/Assets/M_LightStage_Skybox_Black.uasset" 112
"../../../BonVoyage/Content/Assets/Blueprints/PlayableShips/Base_Ship/Gunboat_PhysicsAsset.uasset" 113
"../../../BonVoyage/Content/Assets/Blueprints/PlayableShips/Destroyer_Skeleton.uasset" 114
"../../../BonVoyage/Content/Assets/Models/Destroyer_PhysicsAsset.uasset" 115
"../../../BonVoyage/Content/Assets/Models/Destroyer.uasset" 116
"../../../BonVoyage/Content/Assets/Blueprints/PlayableShips/Desolator_Skeleton.uasset" 117
"../../../BonVoyage/Content/Assets/Models/Gunboat.uasset" 118
"../../../BonVoyage/Content/Assets/Widgets/RoomSelector.uasset" 119
"../../../BonVoyage/Content/Assets/Blueprints/PlayableShips/Base_Ship/ShipBase.uasset" 120
"../../../BonVoyage/Content/StarterContent/Textures/T_Water_N.uasset" 121
"../../../BonVoyage/Content/StarterContent/Particles/Materials/M_Heat_Distortion.uasset" 122
"../../../BonVoyage/Content/Assets/ParticleSystems/WarpTunnel.uasset" 123
"../../../BonVoyage/Content/Assets/Blueprints/GameSystem/GameplayPC.uasset" 124
"../../../BonVoyage/Content/Assets/Blueprints/PlayableShips/clampyard_PhysicsAsset.uasset" 125
"../../../BonVoyage/Content/Assets/Blueprints/PlayableShips/Clampyard_Skeleton.uasset" 126
"../../../BonVoyage/Content/Assets/Blueprints/PlayableShips/clampyard.uasset" 127
"../../../BonVoyage/Content/Assets/Blueprints/PlayableShips/Base_Ship/StationBase.uasset" 128
"../../../BonVoyage/Content/Assets/DataTables/RoomData.uasset" 129
"../../../BonVoyage/Content/Assets/Models/Destroyer2_PhysicsAsset.uasset" 130
"../../../BonVoyage/Content/Assets/Models/Destroyer2.uasset" 131
"../../../BonVoyage/Content/Assets/DataTables/ShipData.uasset" 132
"../../../BonVoyage/Content/StarterContent/Textures/T_Fire_SubUV.uasset" 133
"../../../BonVoyage/Content/StarterContent/Textures/T_Fire_Tiled_D.uasset" 134
"../../../BonVoyage/Content/StarterContent/Particles/Materials/M_Fire_SubUV.uasset" 135
"../../../BonVoyage/Content/Assets/ParticleSystems/FlakTrail.uasset" 136
"../../../BonVoyage/Content/Assets/Blueprints/Projectiles/FlakProjectile.uasset" 137
"../../../BonVoyage/Content/Assets/Models/Turret.uasset" 138
"../../../BonVoyage/Content/Assets/Blueprints/PlayableShips/ShipComponents/WeaponsComponent/Turret2.uasset" 139
"../../../BonVoyage/Content/Assets/DataTables/WeaponData.uasset" 140
"../../../BonVoyage/Content/Assets/Blueprints/GameSystem/HeraldGameMode.uasset" 141
"../../../BonVoyage/Content/Assets/Blueprints/GameSystem/HeraldGameInstance.uasset" 142
"../../../BonVoyage/Content/Assets/Blueprints/PlayableShips/ShipComponents/TeleporterComponent/TeleporterSave.uasset" 143
"../../../BonVoyage/Content/Assets/Blueprints/PlayableShips/ShipComponents/TeleporterComponent/TeleporterStatus.uasset" 144
"../../../BonVoyage/Content/Assets/Blueprints/PlayableShips/ShipComponents/WeaponsComponent/WeaponMount.uasset" 145
"../../../BonVoyage/Content/Assets/Blueprints/PlayableShips/ShipComponents/WeaponsComponent/WeaponsSave.uasset" 146
"../../../BonVoyage/Content/Assets/Blueprints/Weapons/MainTurret_Blueprint.uasset" 147
"../../../BonVoyage/Content/Assets/Materials/Atmosphere.uasset" 148
"../../../BonVoyage/Content/Assets/Materials/ProjectileMaterial.uasset" 149
"../../../BonVoyage/Content/Assets/Blueprints/PlayableShips/Desolator_PhysicsAsset.uasset" 150
"../../../BonVoyage/Content/Assets/Models/Desolator.uasset" 151
"../../../Engine/Content/Functions/Engine_MaterialFunctions01/Opacity/CameraDepthFade.uasset" 152
"../../../Engine/Content/EngineMaterials/T_Default_Material_Grid_M.uasset" 153
"../../../Engine/Content/EngineMaterials/T_Default_Material_Grid_N.uasset" 154
"../../../Engine/Content/EngineMaterials/WorldGridMaterial.uasset" 155
"../../../BonVoyage/Content/Assets/Models/Turret2.uasset" 156
"../../../BonVoyage/Content/Assets/ParticleSystems/ParticleTrail.uasset" 157
"../../../BonVoyage/Content/StarterContent/Textures/T_Smoke_SubUV.uasset" 158
"../../../BonVoyage/Content/StarterContent/Textures/T_Smoke_Tiled_D.uasset" 159
"../../../BonVoyage/Content/StarterContent/Particles/Materials/M_smoke_subUV.uasset" 160
"../../../BonVoyage/Content/Assets/ParticleSystems/RedNebulaEffect.uasset" 161
"../../../BonVoyage/Content/StarterContent/Particles/Materials/M_Radial_Gradient.uasset" 162
"../../../BonVoyage/Content/Assets/ParticleSystems/ShipFireEffect.uasset" 163
"../../../BonVoyage/Content/Assets/ParticleSystems/SparkEffect.uasset" 164
"../../../BonVoyage/Content/Assets/Textures/AreaOfEffect.uasset" 165
"../../../BonVoyage/Content/Assets/Textures/Eyeball.uasset" 166
"../../../BonVoyage/Content/Assets/Textures/Health.uasset" 167
"../../../BonVoyage/Content/Assets/Textures/Integrity.uasset" 168
"../../../BonVoyage/Content/Assets/Textures/MarsNormal.uasset" 169
"../../../BonVoyage/Content/Assets/Textures/SunSpots.uasset" 170
"../../../BonVoyage/Content/Assets/Textures/SunSpots2.uasset" 171
"../../../BonVoyage/Content/Assets/Textures/TargetMiss.uasset" 172
"../../../BonVoyage/Content/Geometry/Meshes/CubeMaterial.uasset" 173
"../../../BonVoyage/Content/Geometry/Meshes/1M_Cube.uasset" 174
"../../../BonVoyage/Content/Geometry/Meshes/1M_Cube_Chamfer.uasset" 175
"../../../BonVoyage/Content/Geometry/Meshes/TemplateFloor.uasset" 176
"../../../BonVoyage/Content/Mannequin/Character/Mesh/UE4_Mannequin_Skeleton.uasset" 177
"../../../BonVoyage/Content/Mannequin/Animations/ThirdPersonJump_End.uasset" 178
"../../../BonVoyage/Content/StarterContent/Architecture/Pillar_50x500.uasset" 179
"../../../BonVoyage/Content/StarterContent/Architecture/Wall_400x300.uasset" 180
"../../../BonVoyage/Content/StarterContent/Architecture/Wall_400x400.uasset" 181
"../../../BonVoyage/Content/StarterContent/Architecture/Wall_500x500.uasset" 182
"../../../BonVoyage/Content/StarterContent/Architecture/Wall_Door_400x400.uasset" 183
"../../../BonVoyage/Content/StarterContent/Architecture/Wall_Window_400x400.uasset" 184
"../../../BonVoyage/Content/StarterContent/Audio/Light01_Cue.uasset" 185
"../../../BonVoyage/Content/StarterContent/Audio/Light02_Cue.uasset" 186
"../../../BonVoyage/Content/StarterContent/Audio/Explosion_Cue.uasset" 187
"../../../BonVoyage/Content/StarterContent/Particles/P_Explosion.uasset" 188
"../../../BonVoyage/Content/StarterContent/Blueprints/Blueprint_Effect_Explosion.uasset" 189
"../../../Engine/Content/EditorMeshes/ColorCalibrator/T_ColorGrid.uasset" 190
"../../../BonVoyage/Content/StarterContent/Materials/M_ColorGrid_LowSpec.uasset" 191
"../../../BonVoyage/Content/StarterContent/Textures/T_Bush_D.uasset" 192
"../../../BonVoyage/Content/StarterContent/Textures/T_Bush_N.uasset" 193
"../../../BonVoyage/Content/StarterContent/Props/Materials/M_Bush.uasset" 194
"../../../BonVoyage/Content/StarterContent/Props/SM_Bush.uasset" 195
"../../../BonVoyage/Content/StarterContent/Textures/T_Chair_M.uasset" 196
"../../../BonVoyage/Content/StarterContent/Textures/T_Chair_N.uasset" 197
"../../../BonVoyage/Content/StarterContent/Props/Materials/M_Chair.uasset" 198
"../../../BonVoyage/Content/StarterContent/Props/SM_Couch.uasset" 199
"../../../BonVoyage/Content/StarterContent/Materials/M_Glass.uasset" 200
"../../../BonVoyage/Content/StarterContent/Textures/T_Door_M.uasset" 201
"../../../BonVoyage/Content/StarterContent/Textures/T_Door_N.uasset" 202
"../../../BonVoyage/Content/StarterContent/Props/Materials/M_Door.uasset" 203
"../../../BonVoyage/Content/StarterContent/Props/SM_Door.uasset" 204
"../../../BonVoyage/Content/StarterContent/Props/Materials/M_MaterialSphere.uasset" 205
"../../../BonVoyage/Content/StarterContent/Props/Materials/M_MaterialSphere_Plain.uasset" 206
"../../../BonVoyage/Content/StarterContent/Props/SM_MatPreviewMesh_02.uasset" 207
"../../../BonVoyage/Content/StarterContent/Textures/T_Detail_Rocky_N.uasset" 208
"../../../BonVoyage/Content/StarterContent/Textures/T_Rock_Basalt_D.uasset" 209
"../../../BonVoyage/Content/StarterContent/Textures/T_RockMesh_M.uasset" 210
"../../../BonVoyage/Content/StarterContent/Textures/T_RockMesh_N.uasset" 211
"../../../BonVoyage/Content/StarterContent/Props/Materials/M_Rock.uasset" 212
"../../../BonVoyage/Content/StarterContent/Props/SM_Rock.uasset" 213
"../../../BonVoyage/Content/StarterContent/Textures/T_Shelf_M.uasset" 214
"../../../BonVoyage/Content/StarterContent/Textures/T_Shelf_N.uasset" 215
"../../../BonVoyage/Content/StarterContent/Props/Materials/M_Shelf.uasset" 216
"../../../BonVoyage/Content/StarterContent/Props/SM_Shelf.uasset" 217
"../../../BonVoyage/Content/StarterContent/Materials/M_Basic_Floor.uasset" 218
"../../../BonVoyage/Content/StarterContent/Props/SM_Stairs.uasset" 219
"../../../BonVoyage/Content/StarterContent/Shapes/Shape_Cone.uasset" 220
"../../../BonVoyage/Content/StarterContent/Shapes/Shape_Cylinder.uasset" 221
"../../../BonVoyage/Content/StarterContent/Shapes/Shape_NarrowCapsule.uasset" 222
"../../../BonVoyage/Content/StarterContent/Shapes/Shape_Pipe.uasset" 223
"../../../BonVoyage/Content/StarterContent/Shapes/Shape_Pipe_180.uasset" 224
"../../../BonVoyage/Content/StarterContent/Shapes/Shape_Pipe_90.uasset" 225
"../../../BonVoyage/Content/StarterContent/Shapes/Shape_Plane.uasset" 226
"../../../BonVoyage/Content/StarterContent/Shapes/Shape_Torus.uasset" 227
"../../../BonVoyage/Content/StarterContent/Shapes/Shape_Trim.uasset" 228
"../../../BonVoyage/Content/StarterContent/Shapes/Shape_Trim_90_In.uasset" 229
"../../../BonVoyage/Content/StarterContent/Shapes/Shape_Trim_90_Out.uasset" 230
"../../../BonVoyage/Content/StarterContent/Shapes/Shape_TriPyramid.uasset" 231
"../../../BonVoyage/Content/StarterContent/Shapes/Shape_Tube.uasset" 232
"../../../BonVoyage/Content/StarterContent/Shapes/Shape_Wedge_A.uasset" 233
"../../../BonVoyage/Content/StarterContent/Shapes/Shape_Wedge_B.uasset" 234
"../../../BonVoyage/Content/StarterContent/Shapes/Shape_WideCapsule.uasset" 235
"../../../BonVoyage/Content/ThirdPerson/Meshes/RampMaterial.uasset" 236
"../../../BonVoyage/Content/ThirdPerson/Meshes/Bump_StaticMesh.uasset" 237
"../../../BonVoyage/Content/ThirdPerson/Meshes/LeftArm_StaticMesh.uasset" 238
"../../../BonVoyage/Content/ThirdPerson/Meshes/Linear_Stair_StaticMesh.uasset" 239
"../../../BonVoyage/Content/ThirdPerson/Meshes/Ramp_StaticMesh.uasset" 240
"../../../BonVoyage/Content/ThirdPerson/Meshes/RightArm_StaticMesh.uasset" 241
"../../../BonVoyage/Content/Mannequin/Animations/ThirdPerson_Jump.uasset" 242
"../../../BonVoyage/Content/Mannequin/Animations/ThirdPersonJump_Loop.uasset" 243
"../../../BonVoyage/Content/Mannequin/Animations/ThirdPersonJump_Start.uasset" 244
"../../../BonVoyage/Content/Mannequin/Animations/ThirdPersonIdle.uasset" 245
"../../../BonVoyage/Content/Mannequin/Animations/ThirdPersonRun.uasset" 246
"../../../BonVoyage/Content/Mannequin/Animations/ThirdPersonWalk.uasset" 247
"../../../BonVoyage/Content/Mannequin/Animations/ThirdPerson_IdleRun_2D.uasset" 248
"../../../BonVoyage/Content/Mannequin/Animations/ThirdPerson_AnimBP.uasset" 249
"../../../Engine/Content/Functions/MaterialLayerFunctions/MatLayerBlend_NormalBlend.uasset" 250
"../../../Engine/Content/Functions/MaterialLayerFunctions/MatLayerBlend_Simple.uasset" 251
"../../../BonVoyage/Content/Mannequin/Character/Materials/MaterialLayers/T_ML_Rubber_Blue_01_D.uasset" 252
"../../../BonVoyage/Content/Mannequin/Character/Materials/MaterialLayers/T_ML_Rubber_Blue_01_N.uasset" 253
"../../../BonVoyage/Content/Mannequin/Character/Materials/MaterialLayers/ML_GlossyBlack_Latex_UE4.uasset" 254
"../../../BonVoyage/Content/Mannequin/Character/Materials/MaterialLayers/ML_Plastic_Shiny_Beige.uasset" 255
"../../../BonVoyage/Content/Mannequin/Character/Textures/UE4_LOGO_CARD.uasset" 256
"../../../BonVoyage/Content/Mannequin/Character/Materials/MaterialLayers/ML_Plastic_Shiny_Beige_LOGO.uasset" 257
"../../../BonVoyage/Content/Mannequin/Character/Materials/MaterialLayers/T_ML_Aluminum01.uasset" 258
"../../../BonVoyage/Content/Mannequin/Character/Materials/MaterialLayers/T_ML_Aluminum01_N.uasset" 259
"../../../BonVoyage/Content/Mannequin/Character/Materials/MaterialLayers/ML_SoftMetal_UE4.uasset" 260
"../../../BonVoyage/Content/Mannequin/Character/Textures/UE4_Mannequin__normals.uasset" 261
"../../../BonVoyage/Content/Mannequin/Character/Textures/UE4_Mannequin_MAT_MASKA.uasset" 262
"../../../BonVoyage/Content/Mannequin/Character/Materials/M_UE4Man_Body.uasset" 263
"../../../BonVoyage/Content/Mannequin/Character/Textures/UE4Man_Logo_N.uasset" 264
"../../../BonVoyage/Content/Mannequin/Character/Materials/M_UE4Man_ChestLogo.uasset" 265
"../../../BonVoyage/Content/Mannequin/Character/Mesh/SK_Mannequin_PhysicsAsset.uasset" 266
"../../../BonVoyage/Content/Mannequin/Character/Mesh/SK_Mannequin.uasset" 267
"../../../BonVoyage/Content/ThirdPersonBP/Blueprints/ThirdPersonCharacter.uasset" 268
"../../../BonVoyage/Content/ThirdPersonBP/Blueprints/ThirdPersonGameMode.uasset" 269
"../../../Engine/Content/EngineMaterials/DefaultMaterial.uasset" 270
"../../../Engine/Content/BasicShapes/Cone.uasset" 271
"../../../Engine/Content/BasicShapes/Cube.uasset" 272
"../../../Engine/Content/BasicShapes/Cylinder.uasset" 273
"../../../Engine/Content/BasicShapes/Plane.uasset" 274
"../../../Engine/Content/BasicShapes/Sphere.uasset" 275
"../../../Engine/Content/EditorLandscapeResources/DataLayer.uasset" 276
"../../../Engine/Content/EditorMaterials/GizmoMaterial.uasset" 277
"../../../Engine/Content/EditorMaterials/MAT_Groups_Toggle.uasset" 278
"../../../Engine/Content/EditorMaterials/MAT_Groups_Visibility.uasset" 279
"../../../Engine/Content/EditorMaterials/PreviewShadowIndicator.uasset" 280
"../../../Engine/Content/EditorMaterials/PreviewShadowIndicatorMaterial.uasset" 281
"../../../Engine/Content/EditorMaterials/AssetViewer/EpicQuadPanorama_CC+EV1.uasset" 282
"../../../Engine/Content/EditorMaterials/MatineeGroups/MAT_ColorTrack.uasset" 283
"../../../Engine/Content/EditorMaterials/MatineeGroups/MAT_Groups_Anim.uasset" 284
"../../../Engine/Content/EditorMaterials/MatineeGroups/MAT_Groups_AudioMaster.uasset" 285
"../../../Engine/Content/EditorMaterials/MatineeGroups/MAT_Groups_Director.uasset" 286
"../../../Engine/Content/EditorMaterials/MatineeGroups/MAT_Groups_Event.uasset" 287
"../../../Engine/Content/EditorMaterials/MatineeGroups/MAT_Groups_Fade.uasset" 288
"../../../Engine/Content/EditorMaterials/MatineeGroups/MAT_Groups_Float.uasset" 289
"../../../Engine/Content/EditorMaterials/MatineeGroups/MAT_Groups_Move.uasset" 290
"../../../Engine/Content/EditorMaterials/MatineeGroups/MAT_Groups_Slomo.uasset" 291
"../../../Engine/Content/EditorMaterials/MatineeGroups/MAT_Groups_Sound.uasset" 292
"../../../Engine/Content/EditorMaterials/MatineeGroups/MAT_Groups_Vector.uasset" 293
"../../../Engine/Content/EditorMaterials/ParticleSystems/PSysThumbnail_NoImage.uasset" 294
"../../../Engine/Content/EditorMaterials/ParticleSystems/PSysThumbnail_OOD.uasset" 295
"../../../Engine/Content/EditorMaterials/Camera/CineMat.uasset" 296
"../../../Engine/Content/EditorMaterials/Camera/MI_CineMat_Rig.uasset" 297
"../../../Engine/Content/EditorMeshes/Camera/SM_CraneRig_Arm.uasset" 298
"../../../Engine/Content/EditorMeshes/Camera/SM_CraneRig_Base.uasset" 299
"../../../Engine/Content/EditorMeshes/Camera/SM_CraneRig_Body.uasset" 300
"../../../Engine/Content/EditorMeshes/Camera/SM_CraneRig_Mount.uasset" 301
"../../../Engine/Content/EditorMeshes/Camera/SM_RailRig_Mount.uasset" 302
"../../../Engine/Content/EditorMeshes/Camera/SM_RailRig_Track.uasset" 303
"../../../Engine/Content/EditorResources/BSPVertex.uasset" 304
"../../../Engine/Content/EditorResources/EmptyActor.uasset" 305
"../../../Engine/Content/EditorResources/S_Actor.uasset" 306
"../../../Engine/Content/EditorResources/S_Trigger.uasset" 307
"../../../Engine/Content/EditorResources/AudioIcons/S_AudioComponent.uasset" 308
"../../../Engine/Content/EditorResources/AudioIcons/S_AudioComponent_AutoActivate.uasset" 309
"../../../Engine/Content/EditorResources/LightIcons/S_LightError.uasset" 310
"../../../Engine/Content/EditorResources/SequenceRecorder/Countdown.uasset" 311
"../../../Engine/Content/EditorResources/SequenceRecorder/RecordingIndicator.uasset" 312
"../../../Engine/Content/EditorSounds/Notifications/CompileFailed.uasset" 313
"../../../Engine/Content/EditorSounds/Notifications/CompileFailed_Cue.uasset" 314
"../../../Engine/Content/EditorSounds/Notifications/CompileSuccess.uasset" 315
"../../../Engine/Content/EditorSounds/Notifications/CompileStart_Cue.uasset" 316
"../../../Engine/Content/EditorSounds/Notifications/CompileSuccess_Cue.uasset" 317
"../../../Engine/Content/EngineDamageTypes/DmgTypeBP_Environmental.uasset" 318
"../../../Engine/Content/EngineDebugMaterials/HeatmapGradient.uasset" 319
"../../../Engine/Content/EngineDebugMaterials/BoneWeightMaterial.uasset" 320
"../../../Engine/Content/EngineDebugMaterials/ClothMaterial.uasset" 321
"../../../Engine/Content/EngineDebugMaterials/ClothMaterial_WF.uasset" 322
"../../../Engine/Content/EngineDebugMaterials/DebugEditorMaterial.uasset" 323
"../../../Engine/Content/EngineDebugMaterials/DebugMeshMaterial.uasset" 324
"../../../Engine/Content/EngineDebugMaterials/GeomMaterial.uasset" 325
"../../../Engine/Content/EngineFonts/Faces/RobotoBold.uasset" 326
"../../../Engine/Content/EngineFonts/Faces/RobotoBoldItalic.uasset" 327
"../../../Engine/Content/EngineFonts/Faces/RobotoItalic.uasset" 328
"../../../Engine/Content/EngineFonts/Faces/RobotoLight.uasset" 329
"../../../Engine/Content/EngineFonts/Faces/RobotoRegular.uasset" 330
"../../../Engine/Content/EngineFonts/Roboto.uasset" 331
"../../../Engine/Content/EngineFonts/Faces/RobotoTiny.uasset" 332
"../../../Engine/Content/EngineFonts/RobotoTiny.uasset" 333
"../../../Engine/Content/EngineMaterials/DefaultBloomKernel.uasset" 334
"../../../Engine/Content/EngineMaterials/DefaultBokeh.uasset" 335
"../../../Engine/Content/EngineMaterials/DefaultDiffuse.uasset" 336
"../../../Engine/Content/EngineMaterials/DefaultDeferredDecalMaterial.uasset" 337
"../../../Engine/Content/EngineMaterials/DefaultLightFunctionMaterial.uasset" 338
"../../../Engine/Content/EngineMaterials/DefaultPhysicalMaterial.uasset" 339
"../../../Engine/Content/Functions/Engine_MaterialFunctions02/Utility/BreakOutFloat2Components.uasset" 340
"../../../Engine/Content/EngineMaterials/DefaultPostProcessMaterial.uasset" 341
"../../../Engine/Content/EngineFonts/RobotoDistanceField.uasset" 342
"../../../Engine/Content/EngineMaterials/DefaultTextMaterialOpaque.uasset" 343
"../../../Engine/Content/EngineMaterials/DefaultWhiteGrid.uasset" 344
"../../../Engine/Content/EngineMaterials/EditorBrushMaterial.uasset" 345
"../../../Engine/Content/EngineMaterials/Good64x64TilingNoiseHighFreq.uasset" 346
"../../../Engine/Content/EngineMaterials/MiniFont.uasset" 347
"../../../Engine/Content/EngineMaterials/InvalidLightmapSettings.uasset" 348
"../../../Engine/Content/EngineMaterials/M_InvalidLightmapSettings.uasset" 349
"../../../Engine/Content/EngineMaterials/PhAT_JointLimitMaterial.uasset" 350
"../../../Engine/Content/EngineMaterials/PreintegratedSkinBRDF.uasset" 351
"../../../Engine/Content/EngineMaterials/RemoveSurfaceMaterial.uasset" 352
"../../../Engine/Content/EngineMaterials/WeightMapPlaceholderTexture.uasset" 353
"../../../Engine/Content/EngineMaterials/Widget3DPassThrough.uasset" 354
"../../../Engine/Content/EngineMaterials/Widget3DPassThrough_Masked.uasset" 355
"../../../Engine/Content/EngineMaterials/Widget3DPassThrough_Opaque.uasset" 356
"../../../Engine/Content/EngineMaterials/Widget3DPassThrough_Masked_OneSided.uasset" 357
"../../../Engine/Content/EngineMaterials/Widget3DPassThrough_Opaque_OneSided.uasset" 358
"../../../Engine/Content/EngineMaterials/Widget3DPassThrough_Translucent.uasset" 359
"../../../Engine/Content/EngineMaterials/Widget3DPassThrough_Translucent_OneSided.uasset" 360
"../../../Engine/Content/EngineMeshes/Cube.uasset" 361
"../../../Engine/Content/EngineMeshes/Cylinder.uasset" 362
"../../../Engine/Content/EngineMeshes/Sphere.uasset" 363
"../../../Engine/Content/EngineResources/Black.uasset" 364
"../../../Engine/Content/EngineResources/DefaultTexture.uasset" 365
"../../../Engine/Content/EngineResources/DefaultTextureCube.uasset" 366
"../../../Engine/Content/EngineResources/GradientTexture0.uasset" 367
"../../../Engine/Content/EngineSounds/Master.uasset" 368
"../../../Engine/Content/Functions/Engine_MaterialFunctions01/Shading/ConvertFromDiffSpec.uasset" 369
"../../../Engine/Content/Functions/Engine_MaterialFunctions01/Shading/PowerToRoughness.uasset" 370
"../../../Engine/Content/Maps/Templates/Thumbnails/Default.uasset" 371
"../../../Engine/Content/Maps/Templates/Thumbnails/VR-Basic.uasset" 372
"../../../Engine/Content/MobileResources/T_MobileControls_texture.uasset" 373
"../../../Engine/Content/MobileResources/T_MobileMenu2.uasset" 374
"../../../Engine/Content/MobileResources/HUD/AnalogHat.uasset" 375
"../../../Engine/Content/MobileResources/HUD/VirtualJoystick_Background.uasset" 376
"../../../Engine/Content/MobileResources/HUD/VirtualJoystick_Thumb.uasset" 377
"../../../Engine/Content/MobileResources/HUD/DefaultVirtualJoysticks.uasset" 378
"../../../Engine/Content/MobileResources/HUD/LeftVirtualJoystickOnly.uasset" 379
"../../../Engine/Content/MobileResources/HUD/MobileHUDButton1_off.uasset" 380
"../../../Engine/Content/MobileResources/HUD/MobileHUDButton1_on.uasset" 381
"../../../Engine/Content/MobileResources/HUD/MobileHUDButton2_off.uasset" 382
"../../../Engine/Content/MobileResources/HUD/MobileHUDButton2_on.uasset" 383
"../../../Engine/Content/MobileResources/HUD/MobileHUDButton3.uasset" 384
"../../../Engine/Content/MobileResources/HUD/MobileHUDButtonFire.uasset" 385
"../../../Engine/Content/MobileResources/HUD/MobileHUDDirectionPad.uasset" 386
"../../../Engine/Content/MobileResources/HUD/MobileHUDDirectionPad2.uasset" 387
"../../../Engine/Content/MobileResources/HUD/MobileHUDDirectionPad3.uasset" 388
"../../../Engine/Content/MobileResources/HUD/MobileHUDDirectionStick.uasset" 389
"../../../Engine/Content/MobileResources/HUD/T_Castle_ThumbstickInner.uasset" 390
"../../../Engine/Content/MobileResources/HUD/T_Castle_ThumbstickOutter.uasset" 391
"../../../Engine/Content/Tutorial/ContentIntroCurve.uasset" 392
"../../../Engine/Content/Tutorial/Basics/TutorialAssets/icon_tab_Levels_40x.uasset" 393
"../../../Engine/Content/Tutorial/BlueprintTutorials/TutorialAssets/BlueprintInterface_64x.uasset" 394
"../../../Engine/Content/Tutorial/BlueprintTutorials/TutorialAssets/BlueprintMacroLibrary_64x.uasset" 395
"../../../Engine/Content/Tutorial/BlueprintTutorials/TutorialAssets/Blueprint_64x.uasset" 396
"../../../Engine/Content/Tutorial/BlueprintTutorials/TutorialAssets/Tutorial_BP_Interface.uasset" 397
"../../../Engine/Content/Tutorial/Foliage/TutorialAssets/Foliage.uasset" 398
"../../../Engine/Content/Tutorial/Landscape/TutorialAssets/Landscape.uasset" 399
"../../../Engine/Content/Tutorial/Paper2D/TutorialAssets/Paper2DFlipbook_TutorialIcon.uasset" 400
"../../../Engine/Content/Tutorial/Paper2D/TutorialAssets/Paper2DSprite_TutorialIcon.uasset" 401
"../../../Engine/Content/Tutorial/SubEditors/TutorialAssets/icon_Editor_Preferences_General_40x.uasset" 402
"../../../Engine/Content/Tutorial/SubEditors/TutorialAssets/icon_ShowSkeletalMeshes_40x.uasset" 403
"../../../Engine/Content/Tutorial/SubEditors/TutorialAssets/TutorialMaterial.uasset" 404
"../../../Engine/Content/Tutorial/SubEditors/TutorialAssets/T_SmokeSubUV_8X8.uasset" 405
"../../../Engine/Content/Tutorial/SubEditors/TutorialAssets/T_soft_smoke.uasset" 406
"../../../Engine/Content/Tutorial/SubEditors/TutorialAssets/M_smoke_subUV_blackbody.uasset" 407
"../../../Engine/Content/Tutorial/SubEditors/TutorialAssets/TutorialParticleSystem.uasset" 408
"../../../Engine/Content/EditorMeshes/EditorCube.uasset" 409
"../../../Engine/Content/Tutorial/SubEditors/TutorialAssets/Tutorial_DM.uasset" 410
"../../../Engine/Content/VREditor/Devices/Generic/GenericHMDMaterial.uasset" 411
"../../../Engine/Content/VREditor/Devices/Generic/GenericHMD.uasset" 412
"../../../Engine/Content/VREditor/FloatingText/LineMaterial.uasset" 413
"../../../Engine/Content/VREditor/FloatingText/JointSphere.uasset" 414
"../../../Engine/Content/VREditor/FloatingText/LineSegmentCylinder.uasset" 415
"../../../Engine/Content/VREditor/Fonts/VRText_RobotoLarge.uasset" 416
"../../../Engine/Content/VREditor/Fonts/VRTextMaterial.uasset" 417
"../../../Engine/Content/VREditor/Fonts/TranslucentVRTextMaterial.uasset" 418
"../../../Engine/Content/VREditor/LaserPointer/CursorPointer.uasset" 419
"../../../Engine/Content/VREditor/LaserPointer/VR_LaserPower_01.uasset" 420
"../../../Engine/Content/VREditor/TransformGizmo/TransformGizmoMaterial.uasset" 421
"../../../Engine/Content/VREditor/LaserPointer/HoverMaterial.uasset" 422
"../../../Engine/Content/VREditor/TransformGizmo/TranslucentTransformGizmoMaterial.uasset" 423
"../../../Engine/Content/VREditor/LaserPointer/TranslucentHoverMaterial.uasset" 424
"../../../Engine/Content/VREditor/LaserPointer/HoverMesh.uasset" 425
"../../../Engine/Content/VREditor/LaserPointer/LaserPointerMaterial.uasset" 426
"../../../Engine/Content/VREditor/LaserPointer/LaserPointerMaterialInst.uasset" 427
"../../../Engine/Content/VREditor/LaserPointer/TranslucentLaserPointerMaterialInst.uasset" 428
"../../../Engine/Content/VREditor/LaserPointer/LaserPointerMesh.uasset" 429
"../../../Engine/Content/VREditor/LaserPointer/LaserPointerMesh_End.uasset" 430
"../../../Engine/Content/VREditor/LaserPointer/LaserPointerMesh_Start.uasset" 431
"../../../Engine/Content/Functions/Engine_MaterialFunctions02/Utility/BreakOutFloat3Components.uasset" 432
"../../../Engine/Content/Functions/Engine_MaterialFunctions02/Math/Transform3x3Matrix.uasset" 433
"../../../Engine/Content/Functions/Engine_MaterialFunctions02/SplitComponents.uasset" 434
"../../../Engine/Content/Functions/Engine_MaterialFunctions02/Utility/MakeFloat3.uasset" 435
"../../../Engine/Content/VREditor/SnapGrid/SnapGridMaterial.uasset" 436
"../../../Engine/Content/VREditor/SnapGrid/SnapGridPlaneMesh.uasset" 437
"../../../Engine/Content/VREditor/Sounds/VR_teleport.uasset" 438
"../../../Engine/Content/VREditor/Sounds/UI/Click_on_Button_Cue.uasset" 439
"../../../Engine/Content/VREditor/Sounds/UI/Dockable_Window_Close.uasset" 440
"../../../Engine/Content/VREditor/Sounds/UI/Dockable_Window_Drop.uasset" 441
"../../../Engine/Content/VREditor/Sounds/UI/Dockable_Window_Open.uasset" 442
"../../../Engine/Content/VREditor/Sounds/UI/Dockable_Window_Pick_Up.uasset" 443
"../../../Engine/Content/VREditor/Sounds/UI/Drop_Item_From_ContentBrowser.uasset" 444
"../../../Engine/Content/VREditor/Sounds/UI/Floating_UI_Open-001.uasset" 445
"../../../Engine/Content/VREditor/Sounds/UI/Gizmo_Handle_Clicked.uasset" 446
"../../../Engine/Content/VREditor/Sounds/UI/Object_PickUp.uasset" 447
"../../../Engine/Content/VREditor/Sounds/UI/Object_Snaps_To_Another_Actor.uasset" 448
"../../../Engine/Content/VREditor/Sounds/UI/Object_Snaps_To_Grid.uasset" 449
"../../../Engine/Content/VREditor/Sounds/UI/Radial_Menu_FadeOut.uasset" 450
"../../../Engine/Content/VREditor/Sounds/UI/Scaling_Down.uasset" 451
"../../../Engine/Content/VREditor/Sounds/UI/Scaling_Up.uasset" 452
"../../../Engine/Content/VREditor/Sounds/UI/Selection_Changes.uasset" 453
"../../../Engine/Content/VREditor/Sounds/UI/Teleport_Mode_Entered.uasset" 454
"../../../Engine/Content/VREditor/Teleport/TeleportDirectionMaterial.uasset" 455
"../../../Engine/Content/VREditor/Teleport/TeleportDirectionMaterial_Inst.uasset" 456
"../../../Engine/Content/VREditor/Teleport/TeleportDirectionMesh.uasset" 457
"../../../Engine/Content/VREditor/TransformGizmo/BoundingBoxCorner.uasset" 458
"../../../Engine/Content/VREditor/TransformGizmo/BoundingBoxEdge.uasset" 459
"../../../Engine/Content/VREditor/TransformGizmo/PlaneTranslationHandle.uasset" 460
"../../../Engine/Content/VREditor/TransformGizmo/RotationHandleFull.uasset" 461
"../../../Engine/Content/VREditor/TransformGizmo/RotationHandleIndicator.uasset" 462
"../../../Engine/Content/VREditor/TransformGizmo/RotationHandleQuarter.uasset" 463
"../../../Engine/Content/VREditor/TransformGizmo/Main.uasset" 464
"../../../Engine/Content/VREditor/TransformGizmo/Xray.uasset" 465
"../../../Engine/Content/VREditor/TransformGizmo/SM_Dialog_Close.uasset" 466
"../../../Engine/Content/VREditor/TransformGizmo/SM_Dialog_Move.uasset" 467
"../../../Engine/Content/VREditor/TransformGizmo/SM_Sequencer_Key.uasset" 468
"../../../Engine/Content/VREditor/TransformGizmo/StartRotationHandleIndicator.uasset" 469
"../../../Engine/Content/VREditor/TransformGizmo/TranslucentTransformGizmoMaterial_Inst.uasset" 470
"../../../Engine/Content/VREditor/TransformGizmo/TransformGizmoFreeRotation.uasset" 471
"../../../Engine/Content/VREditor/TransformGizmo/TransformGizmoMaterial_Inst.uasset" 472
"../../../Engine/Content/VREditor/TransformGizmo/TranslateArrowHandle.uasset" 473
"../../../Engine/Content/VREditor/TransformGizmo/UniformScaleHandle.uasset" 474
"../../../Engine/Content/VREditor/UI/KeyDiskMaterial.uasset" 475
"../../../Engine/Content/VREditor/UI/DiscMaterial.uasset" 476
"../../../Engine/Content/VREditor/UI/SM_Radial_Disk.uasset" 477
"../../../Engine/Content/VREditor/WorldMovementGrid/SimpleGrid.uasset" 478
"../../../Engine/Content/VREditor/WorldMovementGrid/GridMaterial.uasset" 479
"../../../Engine/Content/Functions/Engine_MaterialFunctions01/Density/ExponentialDensity.uasset" 480
"../../../Engine/Content/VREditor/WorldMovementGrid/GridPostProcess.uasset" 481
"../../../Engine/Content/EditorLandscapeResources/FlattenHeightMat.uasset" 482
"../../../Engine/Content/VREditor/WorldMovementGrid/PlaneMesh.uasset" 483
"../../../Engine/Plugins/2D/Paper2D/Content/PlaceholderTextures/DummySpriteTexture.uasset" 484
"../../../Engine/Plugins/2D/Paper2D/Content/DummySprite.uasset" 485
"../../../Engine/Plugins/2D/Paper2D/Content/DefaultPaperTerrainMaterial.uasset" 486
"../../../Engine/Plugins/2D/Paper2D/Content/DefaultSpriteMaterial.uasset" 487
"../../../Engine/Plugins/2D/Paper2D/Content/MaskedUnlitSpriteMaterial.uasset" 488
"../../../Engine/Plugins/2D/Paper2D/Content/OpaqueUnlitSpriteMaterial.uasset" 489
"../../../Engine/Plugins/Runtime/Oculus/OculusVR/Content/Textures/GearVRController_AO.uasset" 490
"../../../Engine/Plugins/Runtime/Oculus/OculusVR/Content/Textures/GearVRController_Color.uasset" 491
"../../../Engine/Plugins/Runtime/Oculus/OculusVR/Content/Textures/GearVRController_Normal.uasset" 492
"../../../Engine/Plugins/Runtime/Oculus/OculusVR/Content/Materials/GearVRControllerMaterial.uasset" 493
"../../../Engine/Plugins/Runtime/Oculus/OculusVR/Content/Meshes/GearVrController.uasset" 494
"../../../BonVoyage/Content/StarterContent/Blueprints/Assets/FogBrightnessLUT.uasset" 495
"../../../BonVoyage/Content/StarterContent/Blueprints/Assets/SunlightColorLUT.uasset" 496
"../../../BonVoyage/Content/StarterContent/Blueprints/Assets/M_LightStage_Arrows.uasset" 497
"../../../BonVoyage/Content/StarterContent/Blueprints/Assets/M_LightStage_Skybox_HDRI.uasset" 498
"../../../Engine/Content/EditorMaterials/Thumbnails/SkySphereMaterial.uasset" 499
"../../../BonVoyage/Content/StarterContent/Blueprints/Assets/Skybox.uasset" 500
"../../../BonVoyage/Content/StarterContent/Blueprints/Assets/SM_Arrows.uasset" 501
"../../../BonVoyage/Content/StarterContent/HDRI/HDRI_Epic_Courtyard_Daylight.uasset" 502
"../../../BonVoyage/Content/StarterContent/Blueprints/BP_LightStudio.uasset" 503
"../../../BonVoyage/Content/StarterContent/Maps/Advanced_Lighting_BuiltData.uasset" 504
"../../../BonVoyage/Content/StarterContent/Materials/M_AssetPlatform.uasset" 505
"../../../Engine/Content/EditorMeshes/ColorCalibrator/M_ChromeBall.uasset" 506
"../../../Engine/Content/EditorMeshes/ColorCalibrator/M_ClearCoat.uasset" 507
"../../../Engine/Content/EditorMeshes/ColorCalibrator/M_ClearCoatBlack.uasset" 508
"../../../Engine/Content/EditorMeshes/ColorCalibrator/M_ColorGrid.uasset" 509
"../../../Engine/Content/EditorMeshes/ColorCalibrator/M_GreyBall.uasset" 510
"../../../Engine/Content/EditorMeshes/ColorCalibrator/SM_ColorCalibrator.uasset" 511
"../../../BonVoyage/Content/StarterContent/Architecture/SM_AssetPlatform.uasset" 512
"../../../BonVoyage/Content/StarterContent/Maps/Advanced_Lighting.umap" 513
"../../../Engine/Content/EngineSky/C_Sky_Cloud_Color.uasset" 514
"../../../Engine/Content/EngineSky/C_Sky_Horizon_Color.uasset" 515
"../../../Engine/Content/EngineSky/C_Sky_Zenith_Color.uasset" 516
"../../../Engine/Content/EngineSky/T_Sky_Blue.uasset" 517
"../../../Engine/Content/EngineSky/T_Sky_Clouds_M.uasset" 518
"../../../Engine/Content/EngineSky/T_Sky_Stars.uasset" 519
"../../../Engine/Content/EngineSky/M_Sky_Panning_Clouds2.uasset" 520
"../../../Engine/Content/EngineSky/SM_SkySphere.uasset" 521
"../../../Engine/Content/EngineSky/BP_Sky_Sphere.uasset" 522
"../../../BonVoyage/Content/StarterContent/Maps/Minimal_Default_BuiltData.uasset" 523
"../../../BonVoyage/Content/StarterContent/Textures/T_MacroVariation.uasset" 524
"../../../BonVoyage/Content/StarterContent/Materials/M_Metal_Brushed_Nickel.uasset" 525
"../../../BonVoyage/Content/StarterContent/Textures/T_Metal_Aluminum_D.uasset" 526
"../../../BonVoyage/Content/StarterContent/Textures/T_Metal_Gold_N.uasset" 527
"../../../BonVoyage/Content/StarterContent/Materials/M_Metal_Burnished_Steel.uasset" 528
"../../../BonVoyage/Content/StarterContent/Textures/T_Metal_Copper_D.uasset" 529
"../../../BonVoyage/Content/StarterContent/Materials/M_Metal_Copper.uasset" 530
"../../../BonVoyage/Content/StarterContent/Textures/T_Statue_M.uasset" 531
"../../../BonVoyage/Content/StarterContent/Textures/T_Statue_N.uasset" 532
"../../../BonVoyage/Content/StarterContent/Props/Materials/M_StatueGlass.uasset" 533
"../../../BonVoyage/Content/StarterContent/Architecture/Floor_400x400.uasset" 534
"../../../BonVoyage/Content/StarterContent/Audio/Starter_Background_Cue.uasset" 535
"../../../BonVoyage/Content/StarterContent/Props/SM_Chair.uasset" 536
"../../../BonVoyage/Content/StarterContent/Props/Materials/M_Statue.uasset" 537
"../../../BonVoyage/Content/StarterContent/Props/SM_Statue.uasset" 538
"../../../BonVoyage/Content/StarterContent/Textures/T_TableRound_M.uasset" 539
"../../../BonVoyage/Content/StarterContent/Textures/T_TableRound_N.uasset" 540
"../../../BonVoyage/Content/StarterContent/Props/Materials/M_TableRound.uasset" 541
"../../../BonVoyage/Content/StarterContent/Props/SM_TableRound.uasset" 542
"../../../BonVoyage/Content/StarterContent/Maps/Minimal_Default.umap" 543
"../../../BonVoyage/Content/StarterContent/Audio/Fire01_Cue.uasset" 544
"../../../BonVoyage/Content/StarterContent/Particles/P_Fire.uasset" 545
"../../../BonVoyage/Content/StarterContent/Blueprints/Blueprint_Effect_Fire.uasset" 546
"../../../BonVoyage/Content/StarterContent/Audio/Smoke01_Cue.uasset" 547
"../../../BonVoyage/Content/StarterContent/Particles/P_Smoke.uasset" 548
"../../../BonVoyage/Content/StarterContent/Blueprints/Blueprint_Effect_Smoke.uasset" 549
"../../../BonVoyage/Content/StarterContent/Audio/Fire_Sparks01_Cue.uasset" 550
"../../../BonVoyage/Content/StarterContent/Textures/T_Spark_Core.uasset" 551
"../../../BonVoyage/Content/StarterContent/Particles/Materials/M_Spark.uasset" 552
"../../../BonVoyage/Content/StarterContent/Particles/P_Sparks.uasset" 553
"../../../BonVoyage/Content/StarterContent/Blueprints/Blueprint_Effect_Sparks.uasset" 554
"../../../BonVoyage/Content/StarterContent/Audio/Steam01_Cue.uasset" 555
"../../../BonVoyage/Content/StarterContent/Particles/P_Steam_Lit.uasset" 556
"../../../BonVoyage/Content/StarterContent/Blueprints/Blueprint_Effect_Steam.uasset" 557
"../../../BonVoyage/Content/StarterContent/Textures/T_Lamp_M.uasset" 558
"../../../BonVoyage/Content/StarterContent/Textures/T_Lamp_N.uasset" 559
"../../../BonVoyage/Content/StarterContent/Props/Materials/M_Lamp.uasset" 560
"../../../BonVoyage/Content/StarterContent/Props/SM_Lamp_Ceiling.uasset" 561
"../../../BonVoyage/Content/StarterContent/Blueprints/Blueprint_CeilingLight.uasset" 562
"../../../BonVoyage/Content/StarterContent/Props/SM_Lamp_Wall.uasset" 563
"../../../BonVoyage/Content/StarterContent/Blueprints/Blueprint_WallSconce.uasset" 564
"../../../BonVoyage/Content/StarterContent/Maps/StarterMap_BuiltData.uasset" 565
"../../../Engine/Content/Functions/Engine_MaterialFunctions03/Procedurals/ComputeFilterWidth.uasset" 566
"../../../Engine/Content/EngineMaterials/AntiAliasedTextMaterialTranslucent.uasset" 567
"../../../BonVoyage/Content/StarterContent/Textures/T_Brick_Clay_Beveled_D.uasset" 568
"../../../BonVoyage/Content/StarterContent/Textures/T_Brick_Clay_Beveled_M.uasset" 569
"../../../BonVoyage/Content/StarterContent/Textures/T_Brick_Clay_Beveled_N.uasset" 570
"../../../BonVoyage/Content/StarterContent/Materials/M_Brick_Clay_Beveled.uasset" 571
"../../../BonVoyage/Content/StarterContent/Textures/T_Brick_Clay_New_D.uasset" 572
"../../../BonVoyage/Content/StarterContent/Textures/T_Brick_Clay_New_M.uasset" 573
"../../../BonVoyage/Content/StarterContent/Textures/T_Brick_Clay_New_N.uasset" 574
"../../../BonVoyage/Content/StarterContent/Materials/M_Brick_Clay_New.uasset" 575
"../../../BonVoyage/Content/StarterContent/Textures/T_Brick_Clay_Old_D.uasset" 576
"../../../BonVoyage/Content/StarterContent/Textures/T_Brick_Clay_Old_N.uasset" 577
"../../../BonVoyage/Content/StarterContent/Textures/T_Perlin_Noise_M.uasset" 578
"../../../BonVoyage/Content/StarterContent/Materials/M_Brick_Clay_Old.uasset" 579
"../../../BonVoyage/Content/StarterContent/Textures/T_Brick_Cut_Stone_D.uasset" 580
"../../../BonVoyage/Content/StarterContent/Textures/T_Brick_Cut_Stone_N.uasset" 581
"../../../BonVoyage/Content/StarterContent/Materials/M_Brick_Cut_Stone.uasset" 582
"../../../BonVoyage/Content/StarterContent/Textures/T_Brick_Hewn_Stone_D.uasset" 583
"../../../BonVoyage/Content/StarterContent/Textures/T_Brick_Hewn_Stone_M.uasset" 584
"../../../BonVoyage/Content/StarterContent/Textures/T_Brick_Hewn_Stone_N.uasset" 585
"../../../BonVoyage/Content/StarterContent/Materials/M_Brick_Hewn_Stone.uasset" 586
"../../../BonVoyage/Content/StarterContent/Textures/T_Ceramic_Tile_M.uasset" 587
"../../../BonVoyage/Content/StarterContent/Textures/T_Ceramic_Tile_N.uasset" 588
"../../../BonVoyage/Content/StarterContent/Textures/T_Rock_Marble_Polished_D.uasset" 589
"../../../BonVoyage/Content/StarterContent/Materials/M_Ceramic_Tile_Checker.uasset" 590
"../../../BonVoyage/Content/StarterContent/Textures/T_CobbleStone_Pebble_D.uasset" 591
"../../../BonVoyage/Content/StarterContent/Textures/T_CobbleStone_Pebble_M.uasset" 592
"../../../BonVoyage/Content/StarterContent/Textures/T_CobbleStone_Pebble_N.uasset" 593
"../../../BonVoyage/Content/StarterContent/Materials/M_CobbleStone_Pebble.uasset" 594
"../../../BonVoyage/Content/StarterContent/Textures/T_CobbleStone_Rough_D.uasset" 595
"../../../BonVoyage/Content/StarterContent/Textures/T_CobbleStone_Rough_N.uasset" 596
"../../../BonVoyage/Content/StarterContent/Textures/T_Gradinet_01.uasset" 597
"../../../BonVoyage/Content/StarterContent/Textures/T_Rock_Smooth_Granite_D.uasset" 598
"../../../BonVoyage/Content/StarterContent/Materials/M_CobbleStone_Rough.uasset" 599
"../../../BonVoyage/Content/StarterContent/Textures/T_CobbleStone_Smooth_D.uasset" 600
"../../../BonVoyage/Content/StarterContent/Textures/T_CobbleStone_Smooth_M.uasset" 601
"../../../BonVoyage/Content/StarterContent/Textures/T_CobbleStone_Smooth_N.uasset" 602
"../../../BonVoyage/Content/StarterContent/Materials/M_CobbleStone_Smooth.uasset" 603
"../../../BonVoyage/Content/StarterContent/Textures/T_Concrete_Grime_D.uasset" 604
"../../../BonVoyage/Content/StarterContent/Textures/T_Metal_Rust_N.uasset" 605
"../../../BonVoyage/Content/StarterContent/Materials/M_Concrete_Grime.uasset" 606
"../../../BonVoyage/Content/StarterContent/Textures/T_Concrete_Panels_N.uasset" 607
"../../../BonVoyage/Content/StarterContent/Materials/M_Concrete_Panels.uasset" 608
"../../../BonVoyage/Content/StarterContent/Textures/T_Concrete_Poured_D.uasset" 609
"../../../BonVoyage/Content/StarterContent/Textures/T_Concrete_Poured_N.uasset" 610
"../../../BonVoyage/Content/StarterContent/Materials/M_Concrete_Poured.uasset" 611
"../../../BonVoyage/Content/StarterContent/Textures/T_Concrete_Tiles_D.uasset" 612
"../../../BonVoyage/Content/StarterContent/Textures/T_Concrete_Tiles_M.uasset" 613
"../../../BonVoyage/Content/StarterContent/Textures/T_Concrete_Tiles_N.uasset" 614
"../../../BonVoyage/Content/StarterContent/Textures/T_Concrete_Tiles_Variation_M.uasset" 615
"../../../BonVoyage/Content/StarterContent/Materials/M_Concrete_Tiles.uasset" 616
"../../../BonVoyage/Content/StarterContent/Textures/T_Ground_Grass_D.uasset" 617
"../../../BonVoyage/Content/StarterContent/Textures/T_Ground_Grass_N.uasset" 618
"../../../BonVoyage/Content/StarterContent/Materials/M_Ground_Grass.uasset" 619
"../../../BonVoyage/Content/StarterContent/Textures/T_Ground_Gravel_D.uasset" 620
"../../../BonVoyage/Content/StarterContent/Textures/T_Ground_Gravel_N.uasset" 621
"../../../BonVoyage/Content/StarterContent/Materials/M_Ground_Gravel.uasset" 622
"../../../BonVoyage/Content/StarterContent/Textures/T_ground_Moss_D.uasset" 623
"../../../BonVoyage/Content/StarterContent/Textures/T_Ground_Moss_N.uasset" 624
"../../../BonVoyage/Content/StarterContent/Materials/M_Ground_Moss.uasset" 625
"../../../BonVoyage/Content/StarterContent/Materials/M_Metal_Chrome.uasset" 626
"../../../BonVoyage/Content/StarterContent/Textures/T_Metal_Gold_D.uasset" 627
"../../../BonVoyage/Content/StarterContent/Materials/M_Metal_Gold.uasset" 628
"../../../BonVoyage/Content/StarterContent/Textures/T_Metal_Rust_D.uasset" 629
"../../../BonVoyage/Content/StarterContent/Materials/M_Metal_Rust.uasset" 630
"../../../BonVoyage/Content/StarterContent/Textures/T_Metal_Steel_D.uasset" 631
"../../../BonVoyage/Content/StarterContent/Textures/T_Metal_Steel_N.uasset" 632
"../../../BonVoyage/Content/StarterContent/Materials/M_Metal_Steel.uasset" 633
"../../../BonVoyage/Content/StarterContent/Textures/T_Rock_Basalt_N.uasset" 634
"../../../BonVoyage/Content/StarterContent/Materials/M_Rock_Basalt.uasset" 635
"../../../BonVoyage/Content/StarterContent/Materials/M_Rock_Marble_Polished.uasset" 636
"../../../BonVoyage/Content/StarterContent/Textures/T_Rock_Sandstone_D.uasset" 637
"../../../BonVoyage/Content/StarterContent/Textures/T_Rock_Sandstone_N.uasset" 638
"../../../BonVoyage/Content/StarterContent/Materials/M_Rock_Sandstone.uasset" 639
"../../../BonVoyage/Content/StarterContent/Textures/T_Rock_Slate_D.uasset" 640
"../../../BonVoyage/Content/StarterContent/Textures/T_Rock_Slate_N.uasset" 641
"../../../BonVoyage/Content/StarterContent/Materials/M_Rock_Slate.uasset" 642
"../../../BonVoyage/Content/StarterContent/Textures/T_Checker_Noise_M.uasset" 643
"../../../BonVoyage/Content/StarterContent/Textures/T_Single_Tile_N.uasset" 644
"../../../BonVoyage/Content/StarterContent/Textures/T_Tech_Dot_M.uasset" 645
"../../../BonVoyage/Content/StarterContent/Textures/T_Tech_Dot_N.uasset" 646
"../../../BonVoyage/Content/StarterContent/Materials/M_Tech_Checker_Dot.uasset" 647
"../../../BonVoyage/Content/StarterContent/Materials/M_Tech_Hex_Tile_Pulse.uasset" 648
"../../../BonVoyage/Content/StarterContent/Textures/T_Tech_Panel_M.uasset" 649
"../../../BonVoyage/Content/StarterContent/Textures/T_Tech_Panel_N.uasset" 650
"../../../BonVoyage/Content/StarterContent/Materials/M_Tech_Panel.uasset" 651
"../../../BonVoyage/Content/StarterContent/Materials/M_Water_Lake.uasset" 652
"../../../BonVoyage/Content/StarterContent/Textures/T_Water_M.uasset" 653
"../../../BonVoyage/Content/StarterContent/Materials/M_Water_Ocean.uasset" 654
"../../../BonVoyage/Content/StarterContent/Textures/T_Wood_Floor_Walnut_D.uasset" 655
"../../../BonVoyage/Content/StarterContent/Textures/T_Wood_Floor_Walnut_M.uasset" 656
"../../../BonVoyage/Content/StarterContent/Textures/T_Wood_Floor_Walnut_N.uasset" 657
"../../../BonVoyage/Content/StarterContent/Materials/M_Wood_Floor_Walnut_Polished.uasset" 658
"../../../Engine/Content/Functions/Engine_MaterialFunctions01/Opacity/AlphaOffset.uasset" 659
"../../../BonVoyage/Content/StarterContent/Materials/M_Wood_Floor_Walnut_Worn.uasset" 660
"../../../BonVoyage/Content/StarterContent/Textures/T_Wood_Oak_D.uasset" 661
"../../../BonVoyage/Content/StarterContent/Textures/T_Wood_Oak_N.uasset" 662
"../../../BonVoyage/Content/StarterContent/Materials/M_Wood_Oak.uasset" 663
"../../../BonVoyage/Content/StarterContent/Textures/T_Wood_Pine_D.uasset" 664
"../../../BonVoyage/Content/StarterContent/Textures/T_Wood_Pine_N.uasset" 665
"../../../BonVoyage/Content/StarterContent/Materials/M_Wood_Pine.uasset" 666
"../../../BonVoyage/Content/StarterContent/Textures/T_Wood_Walnut_D.uasset" 667
"../../../BonVoyage/Content/StarterContent/Textures/T_Wood_Walnut_N.uasset" 668
"../../../BonVoyage/Content/StarterContent/Materials/M_Wood_Walnut.uasset" 669
"../../../BonVoyage/Content/StarterContent/Architecture/Wall_400x200.uasset" 670
"../../../BonVoyage/Content/StarterContent/Architecture/Wall_Door_400x300.uasset" 671
"../../../BonVoyage/Content/StarterContent/Architecture/Wall_Window_400x300.uasset" 672
"../../../BonVoyage/Content/StarterContent/Audio/Collapse_Cue.uasset" 673
"../../../BonVoyage/Content/StarterContent/Audio/Starter_Music_Cue.uasset" 674
"../../../BonVoyage/Content/StarterContent/Textures/T_Dust_Particle_D.uasset" 675
"../../../BonVoyage/Content/StarterContent/Particles/Materials/M_Dust_Particle.uasset" 676
"../../../BonVoyage/Content/StarterContent/Particles/P_Ambient_Dust.uasset" 677
"../../../BonVoyage/Content/StarterContent/Props/MaterialSphere.uasset" 678
"../../../BonVoyage/Content/StarterContent/Textures/T_Frame_M.uasset" 679
"../../../BonVoyage/Content/StarterContent/Textures/T_Frame_N.uasset" 680
"../../../BonVoyage/Content/StarterContent/Props/Materials/M_Frame.uasset" 681
"../../../BonVoyage/Content/StarterContent/Props/SM_CornerFrame.uasset" 682
"../../../BonVoyage/Content/StarterContent/Props/SM_DoorFrame.uasset" 683
"../../../BonVoyage/Content/StarterContent/Props/SM_GlassWindow.uasset" 684
"../../../BonVoyage/Content/StarterContent/Props/SM_PillarFrame.uasset" 685
"../../../BonVoyage/Content/StarterContent/Props/SM_PillarFrame300.uasset" 686
"../../../BonVoyage/Content/StarterContent/Props/SM_WindowFrame.uasset" 687
"../../../BonVoyage/Content/StarterContent/Shapes/Shape_Cube.uasset" 688
"../../../BonVoyage/Content/StarterContent/Shapes/Shape_QuadPyramid.uasset" 689
"../../../BonVoyage/Content/StarterContent/Maps/StarterMap.umap" 690
"../../../BonVoyage/Content/Assets/ParticleSystems/BlueNebulaEffect.uasset" 691
"../../../BonVoyage/Content/Assets/Blueprints/CelestialObjects/NebulaBase.uasset" 692
"../../../Engine/Content/Functions/Engine_MaterialFunctions03/Procedurals/NormalFromHeightmap.uasset" 693
"../../../BonVoyage/Content/Assets/Textures/star2.uasset" 694
"../../../BonVoyage/Content/Assets/Materials/Star_Mat.uasset" 695
"../../../BonVoyage/Content/Assets/Blueprints/CelestialObjects/Star.uasset" 696
"../../../BonVoyage/Content/Materials/galaxy_a_back6.uasset" 697
"../../../BonVoyage/Content/Materials/GalaxyBack.uasset" 698
"../../../BonVoyage/Content/Materials/galaxy_a_bottom4.uasset" 699
"../../../BonVoyage/Content/Materials/GalaxyBottom.uasset" 700
"../../../BonVoyage/Content/Materials/galaxy_a_front5.uasset" 701
"../../../BonVoyage/Content/Materials/GalaxyFront.uasset" 702
"../../../BonVoyage/Content/Materials/galaxy_a_left2.uasset" 703
"../../../BonVoyage/Content/Materials/GalaxyLeft.uasset" 704
"../../../BonVoyage/Content/Materials/galaxy_a_right1.uasset" 705
"../../../BonVoyage/Content/Materials/GalaxyRight.uasset" 706
"../../../BonVoyage/Content/Materials/galaxy_a_top3.uasset" 707
"../../../BonVoyage/Content/Materials/GalaxyTop.uasset" 708
"../../../BonVoyage/Content/Assets/Models/galaxy_a.uasset" 709
"../../../BonVoyage/Content/Assets/Blueprints/Environ/galaxy_skybox_Blueprint.uasset" 710
"../../../BonVoyage/Content/Assets/Blueprints/Environ/NebulaDamageType.uasset" 711
"../../../BonVoyage/Content/Assets/ParticleSystems/GreenNebulaEffect.uasset" 712
"../../../BonVoyage/Content/Assets/Blueprints/Environ/NebulaBlueprint.uasset" 713
"../../../BonVoyage/Content/Assets/Blueprints/GameSystem/IRCManager_Blueprint.uasset" 714
"../../../BonVoyage/Content/ThirdPersonBP/Maps/ThirdPersonExampleMap_BuiltData.uasset" 715
"../../../BonVoyage/Content/Assets/Textures/Mars.uasset" 716
"../../../BonVoyage/Content/Assets/Textures/MarsHeight.uasset" 717
"../../../BonVoyage/Content/Assets/Materials/Mars_Mat.uasset" 718
"../../../BonVoyage/Content/Assets/Textures/moon.uasset" 719
"../../../BonVoyage/Content/Assets/Textures/MoonNormals.uasset" 720
"../../../BonVoyage/Content/Assets/Materials/Moon_Mat.uasset" 721
"../../../BonVoyage/Content/Assets/ParticleSystems/PurpleNebulaEffect.uasset" 722
"../../../BonVoyage/Content/ThirdPersonBP/Maps/ThirdPersonExampleMap.umap" 723
"../../../Engine/Content/Maps/Entry.umap" 724
