Log file open, 09/20/17 14:45:16
LogWindows: LoadLibraryWithSearchPaths failed for file aqProf.dll. GetLastError=0
LogWindows: LoadLibraryWithSearchPaths failed for file VSPerf140.dll. GetLastError=0
LogWindows: LoadLibraryWithSearchPaths failed for file VtuneApi.dll. GetLastError=0
LogWindows: LoadLibraryWithSearchPaths failed for file VtuneApi32e.dll. GetLastError=0
LogInit: Display: Running engine for game: BonVoyage
LogPlatformFile: Not using cached read wrapper
LogInit: Display: RandInit(1774310752) SRandInit(1774310752).
LogTaskGraph: Started task graph with 5 named threads and 14 total threads with 3 sets of task threads.
LogStats: Stats thread started at 0.193708
LogD3D11RHI: Aftermath initialized
LogPluginManager: Mounting plugin Paper2D
LogPluginManager: Mounting plugin LightPropagationVolume
LogPluginManager: Mounting plugin CodeLiteSourceCodeAccess
LogPluginManager: Mounting plugin GitSourceControl
LogPluginManager: Mounting plugin KDevelopSourceCodeAccess
LogPluginManager: Mounting plugin NullSourceCodeAccess
LogPluginManager: Mounting plugin PerforceSourceControl
LogPluginManager: Mounting plugin SubversionSourceControl
LogPluginManager: Mounting plugin UObjectPlugin
LogPluginManager: Mounting plugin VisualStudioSourceCodeAccess
LogPluginManager: Mounting plugin XCodeSourceCodeAccess
LogPluginManager: Mounting plugin AssetManagerEditor
LogPluginManager: Mounting plugin AudioCapture
LogPluginManager: Mounting plugin FacialAnimation
LogPluginManager: Mounting plugin GameplayTagsEditor
LogPluginManager: Mounting plugin MobileLauncherProfileWizard
LogPluginManager: Mounting plugin PluginBrowser
LogPluginManager: Mounting plugin SpeedTreeImporter
LogPluginManager: Mounting plugin AlembicImporter
LogPluginManager: Mounting plugin CharacterAI
LogPluginManager: Mounting plugin HTML5Networking
LogPluginManager: Mounting plugin AndroidMedia
LogPluginManager: Mounting plugin AvfMedia
LogPluginManager: Mounting plugin MediaPlayerEditor
LogPluginManager: Mounting plugin WmfMedia
LogPluginManager: Mounting plugin TcpMessaging
LogPluginManager: Mounting plugin UdpMessaging
LogPluginManager: Mounting plugin LevelSequenceEditor
LogPluginManager: Mounting plugin MatineeToLevelSequence
LogPluginManager: Mounting plugin OnlineSubsystemGooglePlay
LogPluginManager: Mounting plugin OnlineSubsystemIOS
LogPluginManager: Mounting plugin OnlineSubsystem
LogPluginManager: Mounting plugin OnlineSubsystemNull
LogPluginManager: Mounting plugin OnlineSubsystemUtils
LogPluginManager: Mounting plugin AndroidDeviceProfileSelector
LogPluginManager: Mounting plugin AndroidMoviePlayer
LogPluginManager: Mounting plugin AndroidPermission
LogPluginManager: Mounting plugin AppleMoviePlayer
LogPluginManager: Mounting plugin ArchVisCharacter
LogPluginManager: Mounting plugin CableComponent
LogPluginManager: Mounting plugin CustomMeshComponent
LogPluginManager: Mounting plugin ExampleDeviceProfileSelector
LogPluginManager: Mounting plugin GoogleCloudMessaging
LogPluginManager: Mounting plugin ImmediatePhysics
LogPluginManager: Mounting plugin IOSDeviceProfileSelector
LogPluginManager: Mounting plugin LinuxDeviceProfileSelector
LogPluginManager: Mounting plugin LocationServicesBPLibrary
LogPluginManager: Mounting plugin MobilePatchingUtils
LogPluginManager: Mounting plugin OculusVR
LogPluginManager: Mounting plugin PhysXVehicles
LogPluginManager: Mounting plugin ProceduralMeshComponent
LogPluginManager: Mounting plugin RuntimePhysXCooking
LogPluginManager: Mounting plugin SteamVR
LogPluginManager: Mounting plugin WindowsMoviePlayer
LogInit: Using libcurl 7.47.1
LogInit:  - built for x86_64-pc-win32
LogInit:  - supports SSL with OpenSSL/1.0.2g
LogInit:  - supports HTTP deflate (compression) using libz 1.2.8
LogInit:  - other features:
LogInit:      CURL_VERSION_SSL
LogInit:      CURL_VERSION_LIBZ
LogInit:      CURL_VERSION_IPV6
LogInit:      CURL_VERSION_ASYNCHDNS
LogInit:      CURL_VERSION_LARGEFILE
LogInit:      CURL_VERSION_IDN
LogInit:  CurlRequestOptions (configurable via config and command line):
LogInit:  - bVerifyPeer = false  - Libcurl will NOT verify peer certificate
LogInit:  - bUseHttpProxy = false  - Libcurl will NOT use HTTP proxy
LogInit:  - bDontReuseConnections = false  - Libcurl will reuse connections
LogInit:  - CertBundlePath = nullptr  - Libcurl will use whatever was configured at build time.
LogHMD: Failed initializing OVRPlugin 1.15.0
LogInit: Build: ++UE4+Release-4.17-CL-3586342
LogInit: Engine Version: 4.17.1-3586342+++UE4+Release-4.17
LogInit: Compatible Engine Version: 4.17.0-3573198+++UE4+Release-4.17
LogInit: Net CL: 3573198
LogDevObjectVersion: Number of dev versions registered: 16
LogDevObjectVersion:   Dev-Blueprints (B0D832E4-1F89-4F0D-ACCF-7EB736FD4AA2): 10
LogDevObjectVersion:   Dev-Build (E1C64328-A22C-4D53-A36C-8E866417BD8C): 0
LogDevObjectVersion:   Dev-Core (375EC13C-06E4-48FB-B500-84F0262A717E): 2
LogDevObjectVersion:   Dev-Editor (E4B068ED-F494-42E9-A231-DA0B2E46BB41): 20
LogDevObjectVersion:   Dev-Framework (CFFC743F-43B0-4480-9391-14DF171D2073): 28
LogDevObjectVersion:   Dev-Mobile (B02B49B5-BB20-44E9-A304-32B752E40360): 0
LogDevObjectVersion:   Dev-Networking (A4E4105C-59A1-49B5-A7C5-40C4547EDFEE): 0
LogDevObjectVersion:   Dev-Online (39C831C9-5AE6-47DC-9A44-9C173E1C8E7C): 0
LogDevObjectVersion:   Dev-Physics (78F01B33-EBEA-4F98-B9B4-84EACCB95AA2): 0
LogDevObjectVersion:   Dev-Platform (6631380F-2D4D-43E0-8009-CF276956A95A): 0
LogDevObjectVersion:   Dev-Rendering (12F88B9F-8875-4AFC-A67C-D90C383ABD29): 19
LogDevObjectVersion:   Dev-Sequencer (7B5AE74C-D270-4C10-A958-57980B212A5A): 4
LogDevObjectVersion:   Dev-VR (D7296918-1DD6-4BDD-9DE2-64A83CC13884): 0
LogDevObjectVersion:   Dev-LoadTimes (C2A15278-BFE7-4AFE-6C17-90FF531DF755): 1
LogDevObjectVersion:   Private-Geometry (6EACA3D4-40EC-4CC1-B786-8BED09428FC5): 1
LogDevObjectVersion:   Dev-AnimPhys (29E575DD-E0A3-4627-9D10-D276232CDCEA): 7
LogInit: Compiled (64-bit): Aug 15 2017 02:05:26
LogInit: Compiled with Visual C++: 19.00.24215.01
LogInit: Build Configuration: Development
LogInit: Branch Name: ++UE4+Release-4.17
LogInit: Command line:  /Temp/Autosaves/Game/ThirdPersonBP/Maps/UEDPCThirdPersonExampleMap -game -PIEVIACONSOLE -ResX=1920 -ResY=1080  -Multiprocess -messaging -SessionName="Play in Standalone Game" -windowed 
LogInit: Base directory: D:/Unreal/UE_4.17/Engine/Binaries/Win64/
LogInit: Installed Engine Build: 1
LogInit: Presizing for max 8388607 objects, including 0 objects not considered by GC, pre-allocating 0 bytes for permanent pool.
LogInit: Object subsystem initialized
[2017.09.20-21.45.17:365][  0]LogInit: Selected Device Profile: [Windows]
[2017.09.20-21.45.17:365][  0]LogInit: Applying CVar settings loaded from the selected device profile: [Windows]
[2017.09.20-21.45.17:369][  0]LogInit: Computer: CYLONRAIDER
[2017.09.20-21.45.17:369][  0]LogInit: User: User
[2017.09.20-21.45.17:369][  0]LogInit: CPU Page size=4096, Cores=4
[2017.09.20-21.45.17:369][  0]LogInit: High frequency timer resolution =2.531249 MHz
[2017.09.20-21.45.17:369][  0]LogMemory: Memory total: Physical=63.9GB (64GB approx)
[2017.09.20-21.45.17:369][  0]LogMemory: Platform Memory Stats for Windows
[2017.09.20-21.45.17:369][  0]LogMemory: Process Physical Memory: 284.34 MB used, 284.34 MB peak
[2017.09.20-21.45.17:369][  0]LogMemory: Process Virtual Memory: 279.76 MB used, 279.76 MB peak
[2017.09.20-21.45.17:369][  0]LogMemory: Physical Memory: 8442.65 MB used,  57014.60 MB free, 65457.25 MB total
[2017.09.20-21.45.17:369][  0]LogMemory: Virtual Memory: 705.90 MB used,  57014.60 MB free, 134217728.00 MB total
[2017.09.20-21.45.17:660][  0]LogInit: Using OS detected language (en-US).
[2017.09.20-21.45.17:660][  0]LogInit: Using OS detected locale (en-US).
[2017.09.20-21.45.17:663][  0]LogTextLocalizationManager: No specific localization for 'en-US' exists, so the 'en' localization will be used.
[2017.09.20-21.45.18:130][  0]LogD3D11RHI: D3D11 adapters:
[2017.09.20-21.45.18:787][  0]LogD3D11RHI:    0. 'NVIDIA GeForce GTX 1070' (Feature Level 11_0)
[2017.09.20-21.45.18:787][  0]LogD3D11RHI:       8113/0/32728 MB DedicatedVideo/DedicatedSystem/SharedSystem, Outputs:1, VendorId:0x10de
[2017.09.20-21.45.18:788][  0]LogD3D11RHI:    1. 'Microsoft Basic Render Driver' (Feature Level 11_0)
[2017.09.20-21.45.18:788][  0]LogD3D11RHI:       0/0/32728 MB DedicatedVideo/DedicatedSystem/SharedSystem, Outputs:0, VendorId:0x1414
[2017.09.20-21.45.18:788][  0]LogD3D11RHI: Chosen D3D11 Adapter: 0
[2017.09.20-21.45.18:795][  0]LogD3D11RHI: Creating new Direct3DDevice
[2017.09.20-21.45.18:795][  0]LogD3D11RHI:     GPU DeviceId: 0x1be1 (for the marketing name, search the web for "GPU Device Id")
[2017.09.20-21.45.18:795][  0]LogWindows: EnumDisplayDevices:
[2017.09.20-21.45.18:795][  0]LogWindows:    0. 'NVIDIA GeForce GTX 1070' (P:1 D:1)
[2017.09.20-21.45.18:795][  0]LogWindows:    1. 'NVIDIA GeForce GTX 1070' (P:0 D:0)
[2017.09.20-21.45.18:795][  0]LogWindows:    2. 'NVIDIA GeForce GTX 1070' (P:0 D:0)
[2017.09.20-21.45.18:796][  0]LogWindows:    3. 'NVIDIA GeForce GTX 1070' (P:0 D:0)
[2017.09.20-21.45.18:796][  0]LogWindows: DebugString: FoundDriverCount:4 
[2017.09.20-21.45.18:796][  0]LogD3D11RHI:     Adapter Name: NVIDIA GeForce GTX 1070
[2017.09.20-21.45.18:796][  0]LogD3D11RHI:   Driver Version: 382.05 (internal:22.21.13.8205, unified:382.05)
[2017.09.20-21.45.18:796][  0]LogD3D11RHI:      Driver Date: 5-1-2017
[2017.09.20-21.45.18:796][  0]LogRHI: Texture pool is 1361 MB (70% of 1945 MB)
[2017.09.20-21.45.19:422][  0]LogD3D11RHI: Async texture creation enabled
[2017.09.20-21.45.19:451][  0]LogD3D11RHI: GPU Timing Frequency: 1000.000000 (Debug: 2 1)
[2017.09.20-21.45.19:494][  0]LogShaderCompilers: Guid format shader working directory is 14 characters bigger than the processId version (../../../../Projects/BonVoyage/Intermediate/Shaders/WorkingDirectory/15024/).
[2017.09.20-21.45.19:494][  0]LogShaderCompilers: Cleaned the shader compiler working directory 'C:/Users/User/AppData/Local/Temp/UnrealShaderWorkingDir/268B347147A8EB29E01D91BBB8EF507B/'.
[2017.09.20-21.45.19:494][  0]LogShaderCompilers: Display: Using Local Shader Compiler.
[2017.09.20-21.45.20:364][  0]LogTemp: Display: Loaded TP WindowsClientTargetPlatform
[2017.09.20-21.45.20:401][  0]LogTemp: Display: Loaded TP WindowsNoEditorTargetPlatform
[2017.09.20-21.45.20:443][  0]LogTemp: Display: Loaded TP WindowsServerTargetPlatform
[2017.09.20-21.45.20:481][  0]LogTemp: Display: Loaded TP WindowsTargetPlatform
[2017.09.20-21.45.20:481][  0]LogTargetPlatformManager: Display: Building Assets For Windows
[2017.09.20-21.45.20:838][  0]LogDerivedDataCache: Display: Max Cache Size: 512 MB
[2017.09.20-21.45.20:937][  0]LogDerivedDataCache: Loaded boot cache 0.10s 93MB C:/Users/User/AppData/Local/UnrealEngine/4.17/DerivedDataCache/Boot.ddc.
[2017.09.20-21.45.20:937][  0]LogDerivedDataCache: Display: Loaded Boot cache: C:/Users/User/AppData/Local/UnrealEngine/4.17/DerivedDataCache/Boot.ddc
[2017.09.20-21.45.20:937][  0]LogDerivedDataCache: FDerivedDataBackendGraph:  Pak pak cache file ../../../../Projects/BonVoyage/DerivedDataCache/DDC.ddp not found, will not use a pak cache.
[2017.09.20-21.45.20:937][  0]LogDerivedDataCache: Unable to find inner node Pak for hierarchical cache Hierarchy.
[2017.09.20-21.45.20:937][  0]LogDerivedDataCache: FDerivedDataBackendGraph:  CompressedPak pak cache file ../../../../Projects/BonVoyage/DerivedDataCache/Compressed.ddp not found, will not use a pak cache.
[2017.09.20-21.45.20:937][  0]LogDerivedDataCache: Unable to find inner node CompressedPak for hierarchical cache Hierarchy.
[2017.09.20-21.45.20:954][  0]LogDerivedDataCache: Display: Pak cache opened for reading ../../../Engine/DerivedDataCache/Compressed.ddp.
[2017.09.20-21.45.20:965][  0]LogDerivedDataCache: Using Local data cache path C:/Users/User/AppData/Local/UnrealEngine/Common/DerivedDataCache: Writable
[2017.09.20-21.45.20:977][  0]LogMaterial: Verifying Global Shaders for PCD3D_SM5
[2017.09.20-21.45.20:977][  0]LogSlate: Using Freetype 2.6.0
[2017.09.20-21.45.20:978][  0]LogSlate: SlateFontCache - WITH_FREETYPE: 1, WITH_HARFBUZZ: 1
[2017.09.20-21.45.20:978][  0]LogSlate: SlateFontCache - WITH_FREETYPE: 1, WITH_HARFBUZZ: 1
[2017.09.20-21.45.21:212][  0]LogAssetRegistry: FAssetRegistry took 0.0047 seconds to start up
[2017.09.20-21.45.21:239][  0]LogPackageLocalizationCache: Processed 5 localized package path(s) for 2 prioritized culture(s) in 0.010268 seconds
[2017.09.20-21.45.21:329][  0]LogInit: Selected Device Profile: [Windows]
[2017.09.20-21.45.21:440][  0]LogContentStreaming: Texture pool size is 1000.00 MB
[2017.09.20-21.45.21:690][  0]LogSimplygon: Simplygon DLL not present - disabling.
[2017.09.20-21.45.21:720][  0]LogMeshReduction: Using SimplygonSwarm for distributed automatic mesh merging
[2017.09.20-21.45.21:720][  0]LogMeshReduction: Using QuadricMeshReduction for automatic static mesh reduction
[2017.09.20-21.45.21:720][  0]LogMeshReduction: No automatic skeletal mesh reduction module available
[2017.09.20-21.45.21:720][  0]LogMeshReduction: No automatic mesh merging module available
[2017.09.20-21.45.21:720][  0]LogMeshMerging: No automatic mesh merging module available
[2017.09.20-21.45.22:015][  0]LogNetVersion: BonVoyage , NetCL: 3573198, EngineNetVer: 2, GameNetVer: 0 (Checksum: 2954532094)
[2017.09.20-21.45.22:149][  0]LogInit: WinSock: version 1.1 (2.2), MaxSocks=32767, MaxUdp=65467
[2017.09.20-21.45.23:008][  0]LogMoviePlayer: Initializing movie player
[2017.09.20-21.45.23:247][  0]LogCollectionManager: Loaded 0 collections in 0.001387 seconds
[2017.09.20-21.45.23:294][  0]LogFileCache: Scanning file cache for directory 'D:/Unreal/Projects/BonVoyage/Saved/Collections/' took 0.01s
[2017.09.20-21.45.23:294][  0]LogFileCache: Scanning file cache for directory 'D:/Unreal/Projects/BonVoyage/Content/Developers/User/Collections/' took 0.01s
[2017.09.20-21.45.23:294][  0]LogFileCache: Scanning file cache for directory 'D:/Unreal/Projects/BonVoyage/Content/Collections/' took 0.01s
[2017.09.20-21.45.23:294][  0]LogCollectionManager: Rebuilt the object cache for 0 collections in 0.000000 seconds (found 0 objects)
[2017.09.20-21.45.23:294][  0]LogCollectionManager: Fixed up redirectors for 0 collections in 0.000070 seconds (updated 0 objects)
[2017.09.20-21.45.23:405][  0]LogTcpMessaging: Initializing TcpMessaging bridge
[2017.09.20-21.45.23:436][  0]LogUdpMessaging: Initializing bridge on interface 0.0.0.0:0 to multicast group 230.0.0.1:6666.
[2017.09.20-21.45.23:787][  0]SourceControl: Source control is disabled
[2017.09.20-21.45.23:787][  0]SourceControl: Source control is disabled
[2017.09.20-21.45.23:819][  0]SourceControl: Source control is disabled
[2017.09.20-21.45.24:010][  0]LogAndroidPermission: UAndroidPermissionCallbackProxy::GetInstance
[2017.09.20-21.45.24:174][  0]LogOcInput: OculusInput pre-init called
[2017.09.20-21.45.24:244][  0]LogUObjectArray: 38676 objects as part of root set at end of initial load.
[2017.09.20-21.45.24:244][  0]LogUObjectAllocator: 8465440 out of 0 bytes used by permanent object pool.
[2017.09.20-21.45.24:244][  0]LogUObjectArray: CloseDisregardForGC: 0/0 objects in disregard for GC pool
[2017.09.20-21.45.24:329][  0]LogEngine: Initializing Engine...
[2017.09.20-21.45.24:348][  0]LogHMD: Failed to initialize OpenVR with code 126
[2017.09.20-21.45.24:551][  0]LogStats: UGameplayTagsManager::ConstructGameplayTagTree: Construct from data asset -  0.000 s
[2017.09.20-21.45.24:552][  0]LogStats: UGameplayTagsManager::ConstructGameplayTagTree: ImportINI -  0.000 s
[2017.09.20-21.45.24:552][  0]LogStats: UGameplayTagsManager::ConstructGameplayTagTree: GameplayTagTreeChangedEvent.Broadcast -  0.000 s
[2017.09.20-21.45.24:580][  0]LogInit: XAudio2 using 'Speakers (Realtek High Definition Audio)' : 6 channels at 48 kHz using 32 bits per sample (channel mask 0x3f)
[2017.09.20-21.45.24:640][  0]LogInit: FAudioDevice initialized.
[2017.09.20-21.45.24:658][  0]LogInit: Texture streaming: Enabled
[2017.09.20-21.45.24:676][  0]LogMaterial: Uniform references updated for custom material expression Custom.
[2017.09.20-21.45.24:886][  0]LogSlateStyle: Warning: Unable to find Slate Widget Style 'NormalText'. Using FTextBlockStyle defaults instead.
[2017.09.20-21.45.24:886][  0]LogSlateStyle: Warning: Unable to find Slate Widget Style 'SpinBox'. Using FSpinBoxStyle defaults instead.
[2017.09.20-21.45.26:001][  0]LogBlueprint: Warning: [AwayPanel] 'CurrentRoom' variable not found. Base class was probably changed.
[2017.09.20-21.45.26:001][  0]LogBlueprint: Warning: [AwayPanel] 'Rooms' variable not found. Base class was probably changed.
[2017.09.20-21.45.26:002][  0]LogBlueprint: Warning: [AwayPanel] 'BeamTarget' variable not found. Base class was probably changed.
[2017.09.20-21.45.26:032][  0]LogBlueprint: Warning: [RoomRoster] 'CurrentRoom' variable not found. Base class was probably changed.
[2017.09.20-21.45.26:032][  0]LogBlueprint: Warning: [RoomRoster] 'Rooms' variable not found. Base class was probably changed.
[2017.09.20-21.45.26:032][  0]LogBlueprint: Warning: [RoomRoster] 'BeamTarget' variable not found. Base class was probably changed.
[2017.09.20-21.45.27:116][  0]LogInit: Display: Game Engine Initialized.
[2017.09.20-21.45.27:116][  0]LogGameplayTags: Display: UGameplayTagsManager::DoneAddingNativeTags. DelegateIsBound: 0
[2017.09.20-21.45.27:231][  0]LogInit: Display: Starting Game.
[2017.09.20-21.45.27:231][  0]LogNet: Browse: /Temp/Autosaves/Game/ThirdPersonBP/Maps/UEDPCThirdPersonExampleMap?Name=Player
[2017.09.20-21.45.27:231][  0]LogLoad: LoadMap: /Temp/Autosaves/Game/ThirdPersonBP/Maps/UEDPCThirdPersonExampleMap?Name=Player
[2017.09.20-21.45.27:278][  0]LogMemory: Platform Memory Stats for Windows
[2017.09.20-21.45.27:278][  0]LogMemory: Process Physical Memory: 990.63 MB used, 990.63 MB peak
[2017.09.20-21.45.27:278][  0]LogMemory: Process Virtual Memory: 1115.17 MB used, 1115.17 MB peak
[2017.09.20-21.45.27:278][  0]LogMemory: Physical Memory: 9046.18 MB used,  56411.07 MB free, 65457.25 MB total
[2017.09.20-21.45.27:278][  0]LogMemory: Virtual Memory: 1805.43 MB used,  56411.07 MB free, 134217728.00 MB total
[2017.09.20-21.45.27:278][  0]LogMemory: 
[2017.09.20-21.45.27:278][  0]Allocator Stats for TBB: (not implemented)
[2017.09.20-21.45.27:325][  0]LogBlueprint: Warning: [NebulaBase] 'Planet' variable not found. Base class was probably changed.
[2017.09.20-21.45.27:325][  0]LogBlueprint: Warning: [NebulaBase] 'Planet' variable not found. Base class was probably changed.
[2017.09.20-21.45.28:230][  0]LogAIModule: Creating AISystem for world ThirdPersonExampleMap
[2017.09.20-21.45.28:230][  0]LogLoad: Game class is 'HeraldGameMode_C'
[2017.09.20-21.45.28:245][  0]LogWorld: Bringing World /Temp/Autosaves/Game/ThirdPersonBP/Maps/UEDPCThirdPersonExampleMap.ThirdPersonExampleMap up for play (max tick rate 0) at 2017.09.20-14.45.28
[2017.09.20-21.45.28:254][  0]LogWorld: Bringing up level for play took: 0.022995
[2017.09.20-21.45.28:306][  0]LogLoad: Took 1.074646 seconds to LoadMap(/Temp/Autosaves/Game/ThirdPersonBP/Maps/UEDPCThirdPersonExampleMap)
[2017.09.20-21.45.28:452][  0]LogRenderer: Reallocating scene render targets to support 1920x1080 Format 10 NumSamples 1 (Frame:1).
[2017.09.20-21.45.28:452][  0]LogLoad: (Engine Initialization) Total time: 13.38 seconds
[2017.09.20-21.45.28:452][  0]LogLoad: (Engine Initialization) Total Blueprint compile time: 0.00 seconds
[2017.09.20-21.45.28:452][  0]LogExternalProfiler: No external profilers were discovered.  External profiling features will not be available.
[2017.09.20-21.45.28:664][ 10]LogBlueprintUserMessages: [RoomComponent] Prototron
[2017.09.20-21.45.28:681][ 10]LogBlueprintUserMessages: [RoomComponent] Crusher
[2017.09.20-21.45.28:683][ 10]LogBlueprintUserMessages: [HUDComponent] Hello
[2017.09.20-21.45.49:741][313]LogScript: Warning: Accessed None trying to read property AwayShip
	CrewRecord_C /Engine/Transient.GameEngine_0:HeraldGameInstance_C_0.CrewRecord_C_0
	Function /Game/Assets/Widgets/CrewRecord.CrewRecord_C:OnPaint:019E
[2017.09.20-21.45.49:741][313]LogScript: Warning: Script call stack:
	Function /Game/Assets/Widgets/CrewRecord.CrewRecord_C:OnPaint

[2017.09.20-21.45.49:741][313]LogScript: Warning: Accessed None
	CrewRecord_C /Engine/Transient.GameEngine_0:HeraldGameInstance_C_0.CrewRecord_C_0
	Function /Game/Assets/Widgets/CrewRecord.CrewRecord_C:OnPaint:01B3
[2017.09.20-21.45.49:741][313]LogScript: Warning: Script call stack:
	Function /Game/Assets/Widgets/CrewRecord.CrewRecord_C:OnPaint

[2017.09.20-21.45.49:741][313]LogScript: Warning: Accessed None
	CrewRecord_C /Engine/Transient.GameEngine_0:HeraldGameInstance_C_0.CrewRecord_C_0
	Function /Game/Assets/Widgets/CrewRecord.CrewRecord_C:OnPaint:0152
[2017.09.20-21.45.49:741][313]LogScript: Warning: Script call stack:
	Function /Game/Assets/Widgets/CrewRecord.CrewRecord_C:OnPaint

[2017.09.20-21.45.49:741][313]LogScript: Warning: Accessed None trying to read property AwayShip
	CrewRecord_C /Engine/Transient.GameEngine_0:HeraldGameInstance_C_0.CrewRecord_C_0
	Function /Game/Assets/Widgets/CrewRecord.CrewRecord_C:OnPaint:022F
[2017.09.20-21.45.49:741][313]LogScript: Warning: Script call stack:
	Function /Game/Assets/Widgets/CrewRecord.CrewRecord_C:OnPaint

[2017.09.20-21.45.49:741][313]LogScript: Warning: Accessed None
	CrewRecord_C /Engine/Transient.GameEngine_0:HeraldGameInstance_C_0.CrewRecord_C_0
	Function /Game/Assets/Widgets/CrewRecord.CrewRecord_C:OnPaint:0244
[2017.09.20-21.45.49:741][313]LogScript: Warning: Script call stack:
	Function /Game/Assets/Widgets/CrewRecord.CrewRecord_C:OnPaint

[2017.09.20-21.45.49:741][313]LogScript: Warning: Accessed None
	CrewRecord_C /Engine/Transient.GameEngine_0:HeraldGameInstance_C_0.CrewRecord_C_0
	Function /Game/Assets/Widgets/CrewRecord.CrewRecord_C:OnPaint:0259
[2017.09.20-21.45.49:741][313]LogScript: Warning: Script call stack:
	Function /Game/Assets/Widgets/CrewRecord.CrewRecord_C:OnPaint

[2017.09.20-21.45.49:741][313]LogScript: Warning: Accessed None trying to read property AwayShip
	CrewRecord_C /Engine/Transient.GameEngine_0:HeraldGameInstance_C_0.CrewRecord_C_1
	Function /Game/Assets/Widgets/CrewRecord.CrewRecord_C:OnPaint:019E
[2017.09.20-21.45.49:741][313]LogScript: Warning: Script call stack:
	Function /Game/Assets/Widgets/CrewRecord.CrewRecord_C:OnPaint

[2017.09.20-21.45.49:741][313]LogScript: Warning: Accessed None
	CrewRecord_C /Engine/Transient.GameEngine_0:HeraldGameInstance_C_0.CrewRecord_C_1
	Function /Game/Assets/Widgets/CrewRecord.CrewRecord_C:OnPaint:01B3
[2017.09.20-21.45.49:741][313]LogScript: Warning: Script call stack:
	Function /Game/Assets/Widgets/CrewRecord.CrewRecord_C:OnPaint

[2017.09.20-21.45.49:741][313]LogScript: Warning: Accessed None
	CrewRecord_C /Engine/Transient.GameEngine_0:HeraldGameInstance_C_0.CrewRecord_C_1
	Function /Game/Assets/Widgets/CrewRecord.CrewRecord_C:OnPaint:0152
[2017.09.20-21.45.49:741][313]LogScript: Warning: Script call stack:
	Function /Game/Assets/Widgets/CrewRecord.CrewRecord_C:OnPaint

[2017.09.20-21.45.49:741][313]LogScript: Warning: Accessed None trying to read property AwayShip
	CrewRecord_C /Engine/Transient.GameEngine_0:HeraldGameInstance_C_0.CrewRecord_C_1
	Function /Game/Assets/Widgets/CrewRecord.CrewRecord_C:OnPaint:022F
[2017.09.20-21.45.49:741][313]LogScript: Warning: Script call stack:
	Function /Game/Assets/Widgets/CrewRecord.CrewRecord_C:OnPaint

[2017.09.20-21.45.49:741][313]LogScript: Warning: Accessed None
	CrewRecord_C /Engine/Transient.GameEngine_0:HeraldGameInstance_C_0.CrewRecord_C_1
	Function /Game/Assets/Widgets/CrewRecord.CrewRecord_C:OnPaint:0244
[2017.09.20-21.45.49:741][313]LogScript: Warning: Script call stack:
	Function /Game/Assets/Widgets/CrewRecord.CrewRecord_C:OnPaint

[2017.09.20-21.45.49:741][313]LogScript: Warning: Accessed None
	CrewRecord_C /Engine/Transient.GameEngine_0:HeraldGameInstance_C_0.CrewRecord_C_1
	Function /Game/Assets/Widgets/CrewRecord.CrewRecord_C:OnPaint:0259
[2017.09.20-21.45.49:741][313]LogScript: Warning: Script call stack:
	Function /Game/Assets/Widgets/CrewRecord.CrewRecord_C:OnPaint

[2017.09.20-21.45.49:741][313]LogScript: Warning: Accessed None trying to read property AwayShip
	CrewRecord_C /Engine/Transient.GameEngine_0:HeraldGameInstance_C_0.CrewRecord_C_2
	Function /Game/Assets/Widgets/CrewRecord.CrewRecord_C:OnPaint:019E
[2017.09.20-21.45.49:741][313]LogScript: Warning: Script call stack:
	Function /Game/Assets/Widgets/CrewRecord.CrewRecord_C:OnPaint

[2017.09.20-21.45.49:741][313]LogScript: Warning: Accessed None
	CrewRecord_C /Engine/Transient.GameEngine_0:HeraldGameInstance_C_0.CrewRecord_C_2
	Function /Game/Assets/Widgets/CrewRecord.CrewRecord_C:OnPaint:01B3
[2017.09.20-21.45.49:741][313]LogScript: Warning: Script call stack:
	Function /Game/Assets/Widgets/CrewRecord.CrewRecord_C:OnPaint

[2017.09.20-21.45.49:742][313]LogScript: Warning: Accessed None
	CrewRecord_C /Engine/Transient.GameEngine_0:HeraldGameInstance_C_0.CrewRecord_C_2
	Function /Game/Assets/Widgets/CrewRecord.CrewRecord_C:OnPaint:0152
[2017.09.20-21.45.49:742][313]LogScript: Warning: Script call stack:
	Function /Game/Assets/Widgets/CrewRecord.CrewRecord_C:OnPaint

[2017.09.20-21.45.49:742][313]LogScript: Warning: Accessed None trying to read property AwayShip
	CrewRecord_C /Engine/Transient.GameEngine_0:HeraldGameInstance_C_0.CrewRecord_C_2
	Function /Game/Assets/Widgets/CrewRecord.CrewRecord_C:OnPaint:022F
[2017.09.20-21.45.49:742][313]LogScript: Warning: Script call stack:
	Function /Game/Assets/Widgets/CrewRecord.CrewRecord_C:OnPaint

[2017.09.20-21.45.49:742][313]LogScript: Warning: Accessed None
	CrewRecord_C /Engine/Transient.GameEngine_0:HeraldGameInstance_C_0.CrewRecord_C_2
	Function /Game/Assets/Widgets/CrewRecord.CrewRecord_C:OnPaint:0244
[2017.09.20-21.45.49:742][313]LogScript: Warning: Script call stack:
	Function /Game/Assets/Widgets/CrewRecord.CrewRecord_C:OnPaint

[2017.09.20-21.45.49:742][313]LogScript: Warning: Accessed None
	CrewRecord_C /Engine/Transient.GameEngine_0:HeraldGameInstance_C_0.CrewRecord_C_2
	Function /Game/Assets/Widgets/CrewRecord.CrewRecord_C:OnPaint:0259
[2017.09.20-21.45.49:742][313]LogScript: Warning: Script call stack:
	Function /Game/Assets/Widgets/CrewRecord.CrewRecord_C:OnPaint

[2017.09.20-21.45.49:742][313]LogScript: Warning: Accessed None trying to read property AwayShip
	CrewRecord_C /Engine/Transient.GameEngine_0:HeraldGameInstance_C_0.CrewRecord_C_3
	Function /Game/Assets/Widgets/CrewRecord.CrewRecord_C:OnPaint:019E
[2017.09.20-21.45.49:742][313]LogScript: Warning: Script call stack:
	Function /Game/Assets/Widgets/CrewRecord.CrewRecord_C:OnPaint

[2017.09.20-21.45.49:742][313]LogScript: Warning: Accessed None
	CrewRecord_C /Engine/Transient.GameEngine_0:HeraldGameInstance_C_0.CrewRecord_C_3
	Function /Game/Assets/Widgets/CrewRecord.CrewRecord_C:OnPaint:01B3
[2017.09.20-21.45.49:742][313]LogScript: Warning: Script call stack:
	Function /Game/Assets/Widgets/CrewRecord.CrewRecord_C:OnPaint

[2017.09.20-21.45.49:742][313]LogScript: Warning: Accessed None
	CrewRecord_C /Engine/Transient.GameEngine_0:HeraldGameInstance_C_0.CrewRecord_C_3
	Function /Game/Assets/Widgets/CrewRecord.CrewRecord_C:OnPaint:0152
[2017.09.20-21.45.49:742][313]LogScript: Warning: Script call stack:
	Function /Game/Assets/Widgets/CrewRecord.CrewRecord_C:OnPaint

[2017.09.20-21.45.49:742][313]LogScript: Warning: Accessed None trying to read property AwayShip
	CrewRecord_C /Engine/Transient.GameEngine_0:HeraldGameInstance_C_0.CrewRecord_C_3
	Function /Game/Assets/Widgets/CrewRecord.CrewRecord_C:OnPaint:022F
[2017.09.20-21.45.49:742][313]LogScript: Warning: Script call stack:
	Function /Game/Assets/Widgets/CrewRecord.CrewRecord_C:OnPaint

[2017.09.20-21.45.49:742][313]LogScript: Warning: Accessed None
	CrewRecord_C /Engine/Transient.GameEngine_0:HeraldGameInstance_C_0.CrewRecord_C_3
	Function /Game/Assets/Widgets/CrewRecord.CrewRecord_C:OnPaint:0244
[2017.09.20-21.45.49:742][313]LogScript: Warning: Script call stack:
	Function /Game/Assets/Widgets/CrewRecord.CrewRecord_C:OnPaint

[2017.09.20-21.45.49:742][313]LogScript: Warning: Accessed None
	CrewRecord_C /Engine/Transient.GameEngine_0:HeraldGameInstance_C_0.CrewRecord_C_3
	Function /Game/Assets/Widgets/CrewRecord.CrewRecord_C:OnPaint:0259
[2017.09.20-21.45.49:742][313]LogScript: Warning: Script call stack:
	Function /Game/Assets/Widgets/CrewRecord.CrewRecord_C:OnPaint

[2017.09.20-21.45.49:749][314]LogScript: Warning: Accessed None trying to read property AwayShip
	CrewRecord_C /Engine/Transient.GameEngine_0:HeraldGameInstance_C_0.CrewRecord_C_0
	Function /Game/Assets/Widgets/CrewRecord.CrewRecord_C:OnPaint:019E
[2017.09.20-21.45.49:749][314]LogScript: Warning: Script call stack:
	Function /Game/Assets/Widgets/CrewRecord.CrewRecord_C:OnPaint

[2017.09.20-21.45.49:749][314]LogScript: Warning: Accessed None
	CrewRecord_C /Engine/Transient.GameEngine_0:HeraldGameInstance_C_0.CrewRecord_C_0
	Function /Game/Assets/Widgets/CrewRecord.CrewRecord_C:OnPaint:01B3
[2017.09.20-21.45.49:749][314]LogScript: Warning: Script call stack:
	Function /Game/Assets/Widgets/CrewRecord.CrewRecord_C:OnPaint

[2017.09.20-21.45.49:749][314]LogScript: Warning: Accessed None
	CrewRecord_C /Engine/Transient.GameEngine_0:HeraldGameInstance_C_0.CrewRecord_C_0
	Function /Game/Assets/Widgets/CrewRecord.CrewRecord_C:OnPaint:0152
[2017.09.20-21.45.49:749][314]LogScript: Warning: Script call stack:
	Function /Game/Assets/Widgets/CrewRecord.CrewRecord_C:OnPaint

[2017.09.20-21.45.49:749][314]LogScript: Warning: Accessed None trying to read property AwayShip
	CrewRecord_C /Engine/Transient.GameEngine_0:HeraldGameInstance_C_0.CrewRecord_C_0
	Function /Game/Assets/Widgets/CrewRecord.CrewRecord_C:OnPaint:022F
[2017.09.20-21.45.49:749][314]LogScript: Warning: Script call stack:
	Function /Game/Assets/Widgets/CrewRecord.CrewRecord_C:OnPaint

[2017.09.20-21.45.49:749][314]LogScript: Warning: Accessed None
	CrewRecord_C /Engine/Transient.GameEngine_0:HeraldGameInstance_C_0.CrewRecord_C_0
	Function /Game/Assets/Widgets/CrewRecord.CrewRecord_C:OnPaint:0244
[2017.09.20-21.45.49:749][314]LogScript: Warning: Script call stack:
	Function /Game/Assets/Widgets/CrewRecord.CrewRecord_C:OnPaint

[2017.09.20-21.45.49:749][314]LogScript: Warning: Accessed None
	CrewRecord_C /Engine/Transient.GameEngine_0:HeraldGameInstance_C_0.CrewRecord_C_0
	Function /Game/Assets/Widgets/CrewRecord.CrewRecord_C:OnPaint:0259
[2017.09.20-21.45.49:749][314]LogScript: Warning: Script call stack:
	Function /Game/Assets/Widgets/CrewRecord.CrewRecord_C:OnPaint

[2017.09.20-21.45.49:749][314]LogScript: Warning: Accessed None trying to read property AwayShip
	CrewRecord_C /Engine/Transient.GameEngine_0:HeraldGameInstance_C_0.CrewRecord_C_1
	Function /Game/Assets/Widgets/CrewRecord.CrewRecord_C:OnPaint:019E
[2017.09.20-21.45.49:749][314]LogScript: Warning: Script call stack:
	Function /Game/Assets/Widgets/CrewRecord.CrewRecord_C:OnPaint

[2017.09.20-21.45.49:749][314]LogScript: Warning: Accessed None
	CrewRecord_C /Engine/Transient.GameEngine_0:HeraldGameInstance_C_0.CrewRecord_C_1
	Function /Game/Assets/Widgets/CrewRecord.CrewRecord_C:OnPaint:01B3
[2017.09.20-21.45.49:749][314]LogScript: Warning: Script call stack:
	Function /Game/Assets/Widgets/CrewRecord.CrewRecord_C:OnPaint

[2017.09.20-21.45.49:749][314]LogScript: Warning: Accessed None
	CrewRecord_C /Engine/Transient.GameEngine_0:HeraldGameInstance_C_0.CrewRecord_C_1
	Function /Game/Assets/Widgets/CrewRecord.CrewRecord_C:OnPaint:0152
[2017.09.20-21.45.49:749][314]LogScript: Warning: Script call stack:
	Function /Game/Assets/Widgets/CrewRecord.CrewRecord_C:OnPaint

[2017.09.20-21.45.49:749][314]LogScript: Warning: Accessed None trying to read property AwayShip
	CrewRecord_C /Engine/Transient.GameEngine_0:HeraldGameInstance_C_0.CrewRecord_C_1
	Function /Game/Assets/Widgets/CrewRecord.CrewRecord_C:OnPaint:022F
[2017.09.20-21.45.49:749][314]LogScript: Warning: Script call stack:
	Function /Game/Assets/Widgets/CrewRecord.CrewRecord_C:OnPaint

[2017.09.20-21.45.49:749][314]LogScript: Warning: Accessed None
	CrewRecord_C /Engine/Transient.GameEngine_0:HeraldGameInstance_C_0.CrewRecord_C_1
	Function /Game/Assets/Widgets/CrewRecord.CrewRecord_C:OnPaint:0244
[2017.09.20-21.45.49:749][314]LogScript: Warning: Script call stack:
	Function /Game/Assets/Widgets/CrewRecord.CrewRecord_C:OnPaint

[2017.09.20-21.45.49:749][314]LogScript: Warning: Accessed None
	CrewRecord_C /Engine/Transient.GameEngine_0:HeraldGameInstance_C_0.CrewRecord_C_1
	Function /Game/Assets/Widgets/CrewRecord.CrewRecord_C:OnPaint:0259
[2017.09.20-21.45.49:749][314]LogScript: Warning: Script call stack:
	Function /Game/Assets/Widgets/CrewRecord.CrewRecord_C:OnPaint

[2017.09.20-21.45.49:749][314]LogScript: Warning: Accessed None trying to read property AwayShip
	CrewRecord_C /Engine/Transient.GameEngine_0:HeraldGameInstance_C_0.CrewRecord_C_2
	Function /Game/Assets/Widgets/CrewRecord.CrewRecord_C:OnPaint:019E
[2017.09.20-21.45.49:749][314]LogScript: Warning: Script call stack:
	Function /Game/Assets/Widgets/CrewRecord.CrewRecord_C:OnPaint

[2017.09.20-21.45.49:749][314]LogScript: Warning: Accessed None
	CrewRecord_C /Engine/Transient.GameEngine_0:HeraldGameInstance_C_0.CrewRecord_C_2
	Function /Game/Assets/Widgets/CrewRecord.CrewRecord_C:OnPaint:01B3
[2017.09.20-21.45.49:749][314]LogScript: Warning: Script call stack:
	Function /Game/Assets/Widgets/CrewRecord.CrewRecord_C:OnPaint

[2017.09.20-21.45.49:750][314]LogScript: Warning: Accessed None
	CrewRecord_C /Engine/Transient.GameEngine_0:HeraldGameInstance_C_0.CrewRecord_C_2
	Function /Game/Assets/Widgets/CrewRecord.CrewRecord_C:OnPaint:0152
[2017.09.20-21.45.49:750][314]LogScript: Warning: Script call stack:
	Function /Game/Assets/Widgets/CrewRecord.CrewRecord_C:OnPaint

[2017.09.20-21.45.49:750][314]LogScript: Warning: Accessed None trying to read property AwayShip
	CrewRecord_C /Engine/Transient.GameEngine_0:HeraldGameInstance_C_0.CrewRecord_C_2
	Function /Game/Assets/Widgets/CrewRecord.CrewRecord_C:OnPaint:022F
[2017.09.20-21.45.49:750][314]LogScript: Warning: Script call stack:
	Function /Game/Assets/Widgets/CrewRecord.CrewRecord_C:OnPaint

[2017.09.20-21.45.49:750][314]LogScript: Warning: Accessed None
	CrewRecord_C /Engine/Transient.GameEngine_0:HeraldGameInstance_C_0.CrewRecord_C_2
	Function /Game/Assets/Widgets/CrewRecord.CrewRecord_C:OnPaint:0244
[2017.09.20-21.45.49:750][314]LogScript: Warning: Script call stack:
	Function /Game/Assets/Widgets/CrewRecord.CrewRecord_C:OnPaint

[2017.09.20-21.45.49:750][314]LogScript: Warning: Accessed None
	CrewRecord_C /Engine/Transient.GameEngine_0:HeraldGameInstance_C_0.CrewRecord_C_2
	Function /Game/Assets/Widgets/CrewRecord.CrewRecord_C:OnPaint:0259
[2017.09.20-21.45.49:750][314]LogScript: Warning: Script call stack:
	Function /Game/Assets/Widgets/CrewRecord.CrewRecord_C:OnPaint

[2017.09.20-21.45.49:750][314]LogScript: Warning: Accessed None trying to read property AwayShip
	CrewRecord_C /Engine/Transient.GameEngine_0:HeraldGameInstance_C_0.CrewRecord_C_3
	Function /Game/Assets/Widgets/CrewRecord.CrewRecord_C:OnPaint:019E
[2017.09.20-21.45.49:750][314]LogScript: Warning: Script call stack:
	Function /Game/Assets/Widgets/CrewRecord.CrewRecord_C:OnPaint

[2017.09.20-21.45.49:750][314]LogScript: Warning: Accessed None
	CrewRecord_C /Engine/Transient.GameEngine_0:HeraldGameInstance_C_0.CrewRecord_C_3
	Function /Game/Assets/Widgets/CrewRecord.CrewRecord_C:OnPaint:01B3
[2017.09.20-21.45.49:750][314]LogScript: Warning: Script call stack:
	Function /Game/Assets/Widgets/CrewRecord.CrewRecord_C:OnPaint

[2017.09.20-21.45.49:750][314]LogScript: Warning: Accessed None
	CrewRecord_C /Engine/Transient.GameEngine_0:HeraldGameInstance_C_0.CrewRecord_C_3
	Function /Game/Assets/Widgets/CrewRecord.CrewRecord_C:OnPaint:0152
[2017.09.20-21.45.49:750][314]LogScript: Warning: Script call stack:
	Function /Game/Assets/Widgets/CrewRecord.CrewRecord_C:OnPaint

[2017.09.20-21.45.49:750][314]LogScript: Warning: Accessed None trying to read property AwayShip
	CrewRecord_C /Engine/Transient.GameEngine_0:HeraldGameInstance_C_0.CrewRecord_C_3
	Function /Game/Assets/Widgets/CrewRecord.CrewRecord_C:OnPaint:022F
[2017.09.20-21.45.49:750][314]LogScript: Warning: Script call stack:
	Function /Game/Assets/Widgets/CrewRecord.CrewRecord_C:OnPaint

[2017.09.20-21.45.49:750][314]LogScript: Warning: Accessed None
	CrewRecord_C /Engine/Transient.GameEngine_0:HeraldGameInstance_C_0.CrewRecord_C_3
	Function /Game/Assets/Widgets/CrewRecord.CrewRecord_C:OnPaint:0244
[2017.09.20-21.45.49:750][314]LogScript: Warning: Script call stack:
	Function /Game/Assets/Widgets/CrewRecord.CrewRecord_C:OnPaint

[2017.09.20-21.45.49:750][314]LogScript: Warning: Accessed None
	CrewRecord_C /Engine/Transient.GameEngine_0:HeraldGameInstance_C_0.CrewRecord_C_3
	Function /Game/Assets/Widgets/CrewRecord.CrewRecord_C:OnPaint:0259
[2017.09.20-21.45.49:750][314]LogScript: Warning: Script call stack:
	Function /Game/Assets/Widgets/CrewRecord.CrewRecord_C:OnPaint

[2017.09.20-21.45.49:765][315]LogScript: Warning: Accessed None trying to read property AwayShip
	CrewRecord_C /Engine/Transient.GameEngine_0:HeraldGameInstance_C_0.CrewRecord_C_0
	Function /Game/Assets/Widgets/CrewRecord.CrewRecord_C:OnPaint:019E
[2017.09.20-21.45.49:766][315]LogScript: Warning: Script call stack:
	Function /Game/Assets/Widgets/CrewRecord.CrewRecord_C:OnPaint

[2017.09.20-21.45.49:766][315]LogScript: Warning: Accessed None
	CrewRecord_C /Engine/Transient.GameEngine_0:HeraldGameInstance_C_0.CrewRecord_C_0
	Function /Game/Assets/Widgets/CrewRecord.CrewRecord_C:OnPaint:01B3
[2017.09.20-21.45.49:766][315]LogScript: Warning: Script call stack:
	Function /Game/Assets/Widgets/CrewRecord.CrewRecord_C:OnPaint

[2017.09.20-21.45.49:766][315]LogScript: Warning: Accessed None
	CrewRecord_C /Engine/Transient.GameEngine_0:HeraldGameInstance_C_0.CrewRecord_C_0
	Function /Game/Assets/Widgets/CrewRecord.CrewRecord_C:OnPaint:0152
[2017.09.20-21.45.49:766][315]LogScript: Warning: Script call stack:
	Function /Game/Assets/Widgets/CrewRecord.CrewRecord_C:OnPaint

[2017.09.20-21.45.49:766][315]LogScript: Warning: Accessed None trying to read property AwayShip
	CrewRecord_C /Engine/Transient.GameEngine_0:HeraldGameInstance_C_0.CrewRecord_C_0
	Function /Game/Assets/Widgets/CrewRecord.CrewRecord_C:OnPaint:022F
[2017.09.20-21.45.49:766][315]LogScript: Warning: Script call stack:
	Function /Game/Assets/Widgets/CrewRecord.CrewRecord_C:OnPaint

[2017.09.20-21.45.49:766][315]LogScript: Warning: Accessed None
	CrewRecord_C /Engine/Transient.GameEngine_0:HeraldGameInstance_C_0.CrewRecord_C_0
	Function /Game/Assets/Widgets/CrewRecord.CrewRecord_C:OnPaint:0244
[2017.09.20-21.45.49:766][315]LogScript: Warning: Script call stack:
	Function /Game/Assets/Widgets/CrewRecord.CrewRecord_C:OnPaint

[2017.09.20-21.45.49:766][315]LogScript: Warning: Accessed None trying to read property AwayShip
	CrewRecord_C /Engine/Transient.GameEngine_0:HeraldGameInstance_C_0.CrewRecord_C_1
	Function /Game/Assets/Widgets/CrewRecord.CrewRecord_C:OnPaint:019E
[2017.09.20-21.45.49:766][315]LogScript: Warning: Script call stack:
	Function /Game/Assets/Widgets/CrewRecord.CrewRecord_C:OnPaint

[2017.09.20-21.45.49:766][315]LogScript: Warning: Accessed None
	CrewRecord_C /Engine/Transient.GameEngine_0:HeraldGameInstance_C_0.CrewRecord_C_1
	Function /Game/Assets/Widgets/CrewRecord.CrewRecord_C:OnPaint:01B3
[2017.09.20-21.45.49:766][315]LogScript: Warning: Script call stack:
	Function /Game/Assets/Widgets/CrewRecord.CrewRecord_C:OnPaint

[2017.09.20-21.45.49:766][315]LogScript: Warning: Accessed None
	CrewRecord_C /Engine/Transient.GameEngine_0:HeraldGameInstance_C_0.CrewRecord_C_1
	Function /Game/Assets/Widgets/CrewRecord.CrewRecord_C:OnPaint:0152
[2017.09.20-21.45.49:766][315]LogScript: Warning: Script call stack:
	Function /Game/Assets/Widgets/CrewRecord.CrewRecord_C:OnPaint

[2017.09.20-21.45.49:766][315]LogScript: Warning: Accessed None trying to read property AwayShip
	CrewRecord_C /Engine/Transient.GameEngine_0:HeraldGameInstance_C_0.CrewRecord_C_1
	Function /Game/Assets/Widgets/CrewRecord.CrewRecord_C:OnPaint:022F
[2017.09.20-21.45.49:766][315]LogScript: Warning: Script call stack:
	Function /Game/Assets/Widgets/CrewRecord.CrewRecord_C:OnPaint

[2017.09.20-21.45.49:766][315]LogScript: Warning: Accessed None
	CrewRecord_C /Engine/Transient.GameEngine_0:HeraldGameInstance_C_0.CrewRecord_C_1
	Function /Game/Assets/Widgets/CrewRecord.CrewRecord_C:OnPaint:0244
[2017.09.20-21.45.49:766][315]LogScript: Warning: Script call stack:
	Function /Game/Assets/Widgets/CrewRecord.CrewRecord_C:OnPaint

[2017.09.20-21.45.49:766][315]LogScript: Warning: Accessed None trying to read property AwayShip
	CrewRecord_C /Engine/Transient.GameEngine_0:HeraldGameInstance_C_0.CrewRecord_C_2
	Function /Game/Assets/Widgets/CrewRecord.CrewRecord_C:OnPaint:019E
[2017.09.20-21.45.49:766][315]LogScript: Warning: Script call stack:
	Function /Game/Assets/Widgets/CrewRecord.CrewRecord_C:OnPaint

[2017.09.20-21.45.49:766][315]LogScript: Warning: Accessed None
	CrewRecord_C /Engine/Transient.GameEngine_0:HeraldGameInstance_C_0.CrewRecord_C_2
	Function /Game/Assets/Widgets/CrewRecord.CrewRecord_C:OnPaint:01B3
[2017.09.20-21.45.49:766][315]LogScript: Warning: Script call stack:
	Function /Game/Assets/Widgets/CrewRecord.CrewRecord_C:OnPaint

[2017.09.20-21.45.49:766][315]LogScript: Warning: Accessed None
	CrewRecord_C /Engine/Transient.GameEngine_0:HeraldGameInstance_C_0.CrewRecord_C_2
	Function /Game/Assets/Widgets/CrewRecord.CrewRecord_C:OnPaint:0152
[2017.09.20-21.45.49:766][315]LogScript: Warning: Script call stack:
	Function /Game/Assets/Widgets/CrewRecord.CrewRecord_C:OnPaint

[2017.09.20-21.45.49:766][315]LogScript: Warning: Accessed None trying to read property AwayShip
	CrewRecord_C /Engine/Transient.GameEngine_0:HeraldGameInstance_C_0.CrewRecord_C_2
	Function /Game/Assets/Widgets/CrewRecord.CrewRecord_C:OnPaint:022F
[2017.09.20-21.45.49:766][315]LogScript: Warning: Script call stack:
	Function /Game/Assets/Widgets/CrewRecord.CrewRecord_C:OnPaint

[2017.09.20-21.45.49:766][315]LogScript: Warning: Accessed None
	CrewRecord_C /Engine/Transient.GameEngine_0:HeraldGameInstance_C_0.CrewRecord_C_2
	Function /Game/Assets/Widgets/CrewRecord.CrewRecord_C:OnPaint:0244
[2017.09.20-21.45.49:766][315]LogScript: Warning: Script call stack:
	Function /Game/Assets/Widgets/CrewRecord.CrewRecord_C:OnPaint

[2017.09.20-21.45.49:766][315]LogScript: Warning: Accessed None trying to read property AwayShip
	CrewRecord_C /Engine/Transient.GameEngine_0:HeraldGameInstance_C_0.CrewRecord_C_3
	Function /Game/Assets/Widgets/CrewRecord.CrewRecord_C:OnPaint:019E
[2017.09.20-21.45.49:766][315]LogScript: Warning: Script call stack:
	Function /Game/Assets/Widgets/CrewRecord.CrewRecord_C:OnPaint

[2017.09.20-21.45.49:766][315]LogScript: Warning: Accessed None
	CrewRecord_C /Engine/Transient.GameEngine_0:HeraldGameInstance_C_0.CrewRecord_C_3
	Function /Game/Assets/Widgets/CrewRecord.CrewRecord_C:OnPaint:01B3
[2017.09.20-21.45.49:766][315]LogScript: Warning: Script call stack:
	Function /Game/Assets/Widgets/CrewRecord.CrewRecord_C:OnPaint

[2017.09.20-21.45.49:766][315]LogScript: Warning: Accessed None
	CrewRecord_C /Engine/Transient.GameEngine_0:HeraldGameInstance_C_0.CrewRecord_C_3
	Function /Game/Assets/Widgets/CrewRecord.CrewRecord_C:OnPaint:0152
[2017.09.20-21.45.49:766][315]LogScript: Warning: Script call stack:
	Function /Game/Assets/Widgets/CrewRecord.CrewRecord_C:OnPaint

[2017.09.20-21.45.49:766][315]LogScript: Warning: Accessed None trying to read property AwayShip
	CrewRecord_C /Engine/Transient.GameEngine_0:HeraldGameInstance_C_0.CrewRecord_C_3
	Function /Game/Assets/Widgets/CrewRecord.CrewRecord_C:OnPaint:022F
[2017.09.20-21.45.49:766][315]LogScript: Warning: Script call stack:
	Function /Game/Assets/Widgets/CrewRecord.CrewRecord_C:OnPaint

[2017.09.20-21.45.49:766][315]LogScript: Warning: Accessed None
	CrewRecord_C /Engine/Transient.GameEngine_0:HeraldGameInstance_C_0.CrewRecord_C_3
	Function /Game/Assets/Widgets/CrewRecord.CrewRecord_C:OnPaint:0244
[2017.09.20-21.45.49:766][315]LogScript: Warning: Script call stack:
	Function /Game/Assets/Widgets/CrewRecord.CrewRecord_C:OnPaint

[2017.09.20-21.46.12:054][697]LogTemp: Warning: redtentaclegames: !!start crimson
[2017.09.20-21.46.14:344][839]LogTemp: Warning: redtentaclegames: !!board engines
[2017.09.20-21.46.14:353][839]LogScript: Warning: Accessed None trying to read property AwayShip
	CrewRecord_C /Engine/Transient.GameEngine_0:HeraldGameInstance_C_0.CrewRecord_C_4
	Function /Game/Assets/Widgets/CrewRecord.CrewRecord_C:OnPaint:019E
[2017.09.20-21.46.14:353][839]LogScript: Warning: Script call stack:
	Function /Game/Assets/Widgets/CrewRecord.CrewRecord_C:OnPaint

[2017.09.20-21.46.14:353][839]LogScript: Warning: Accessed None
	CrewRecord_C /Engine/Transient.GameEngine_0:HeraldGameInstance_C_0.CrewRecord_C_4
	Function /Game/Assets/Widgets/CrewRecord.CrewRecord_C:OnPaint:01B3
[2017.09.20-21.46.14:353][839]LogScript: Warning: Script call stack:
	Function /Game/Assets/Widgets/CrewRecord.CrewRecord_C:OnPaint

[2017.09.20-21.46.14:353][839]LogScript: Warning: Accessed None
	CrewRecord_C /Engine/Transient.GameEngine_0:HeraldGameInstance_C_0.CrewRecord_C_4
	Function /Game/Assets/Widgets/CrewRecord.CrewRecord_C:OnPaint:0152
[2017.09.20-21.46.14:353][839]LogScript: Warning: Script call stack:
	Function /Game/Assets/Widgets/CrewRecord.CrewRecord_C:OnPaint

[2017.09.20-21.46.14:353][839]LogScript: Warning: Accessed None trying to read property AwayShip
	CrewRecord_C /Engine/Transient.GameEngine_0:HeraldGameInstance_C_0.CrewRecord_C_4
	Function /Game/Assets/Widgets/CrewRecord.CrewRecord_C:OnPaint:022F
[2017.09.20-21.46.14:353][839]LogScript: Warning: Script call stack:
	Function /Game/Assets/Widgets/CrewRecord.CrewRecord_C:OnPaint

[2017.09.20-21.46.14:353][839]LogScript: Warning: Accessed None
	CrewRecord_C /Engine/Transient.GameEngine_0:HeraldGameInstance_C_0.CrewRecord_C_4
	Function /Game/Assets/Widgets/CrewRecord.CrewRecord_C:OnPaint:0244
[2017.09.20-21.46.14:353][839]LogScript: Warning: Script call stack:
	Function /Game/Assets/Widgets/CrewRecord.CrewRecord_C:OnPaint

[2017.09.20-21.46.14:353][839]LogScript: Warning: Accessed None
	CrewRecord_C /Engine/Transient.GameEngine_0:HeraldGameInstance_C_0.CrewRecord_C_4
	Function /Game/Assets/Widgets/CrewRecord.CrewRecord_C:OnPaint:0259
[2017.09.20-21.46.14:353][839]LogScript: Warning: Script call stack:
	Function /Game/Assets/Widgets/CrewRecord.CrewRecord_C:OnPaint

[2017.09.20-21.46.14:363][840]LogScript: Warning: Accessed None trying to read property AwayShip
	CrewRecord_C /Engine/Transient.GameEngine_0:HeraldGameInstance_C_0.CrewRecord_C_4
	Function /Game/Assets/Widgets/CrewRecord.CrewRecord_C:OnPaint:019E
[2017.09.20-21.46.14:363][840]LogScript: Warning: Script call stack:
	Function /Game/Assets/Widgets/CrewRecord.CrewRecord_C:OnPaint

[2017.09.20-21.46.14:363][840]LogScript: Warning: Accessed None
	CrewRecord_C /Engine/Transient.GameEngine_0:HeraldGameInstance_C_0.CrewRecord_C_4
	Function /Game/Assets/Widgets/CrewRecord.CrewRecord_C:OnPaint:01B3
[2017.09.20-21.46.14:364][840]LogScript: Warning: Script call stack:
	Function /Game/Assets/Widgets/CrewRecord.CrewRecord_C:OnPaint

[2017.09.20-21.46.14:364][840]LogScript: Warning: Accessed None
	CrewRecord_C /Engine/Transient.GameEngine_0:HeraldGameInstance_C_0.CrewRecord_C_4
	Function /Game/Assets/Widgets/CrewRecord.CrewRecord_C:OnPaint:0152
[2017.09.20-21.46.14:364][840]LogScript: Warning: Script call stack:
	Function /Game/Assets/Widgets/CrewRecord.CrewRecord_C:OnPaint

[2017.09.20-21.46.14:364][840]LogScript: Warning: Accessed None trying to read property AwayShip
	CrewRecord_C /Engine/Transient.GameEngine_0:HeraldGameInstance_C_0.CrewRecord_C_4
	Function /Game/Assets/Widgets/CrewRecord.CrewRecord_C:OnPaint:022F
[2017.09.20-21.46.14:364][840]LogScript: Warning: Script call stack:
	Function /Game/Assets/Widgets/CrewRecord.CrewRecord_C:OnPaint

[2017.09.20-21.46.14:364][840]LogScript: Warning: Accessed None
	CrewRecord_C /Engine/Transient.GameEngine_0:HeraldGameInstance_C_0.CrewRecord_C_4
	Function /Game/Assets/Widgets/CrewRecord.CrewRecord_C:OnPaint:0244
[2017.09.20-21.46.14:364][840]LogScript: Warning: Script call stack:
	Function /Game/Assets/Widgets/CrewRecord.CrewRecord_C:OnPaint

[2017.09.20-21.46.14:364][840]LogScript: Warning: Accessed None
	CrewRecord_C /Engine/Transient.GameEngine_0:HeraldGameInstance_C_0.CrewRecord_C_4
	Function /Game/Assets/Widgets/CrewRecord.CrewRecord_C:OnPaint:0259
[2017.09.20-21.46.14:364][840]LogScript: Warning: Script call stack:
	Function /Game/Assets/Widgets/CrewRecord.CrewRecord_C:OnPaint

[2017.09.20-21.46.14:379][841]LogScript: Warning: Accessed None trying to read property AwayShip
	CrewRecord_C /Engine/Transient.GameEngine_0:HeraldGameInstance_C_0.CrewRecord_C_4
	Function /Game/Assets/Widgets/CrewRecord.CrewRecord_C:OnPaint:019E
[2017.09.20-21.46.14:379][841]LogScript: Warning: Script call stack:
	Function /Game/Assets/Widgets/CrewRecord.CrewRecord_C:OnPaint

[2017.09.20-21.46.14:379][841]LogScript: Warning: Accessed None
	CrewRecord_C /Engine/Transient.GameEngine_0:HeraldGameInstance_C_0.CrewRecord_C_4
	Function /Game/Assets/Widgets/CrewRecord.CrewRecord_C:OnPaint:01B3
[2017.09.20-21.46.14:379][841]LogScript: Warning: Script call stack:
	Function /Game/Assets/Widgets/CrewRecord.CrewRecord_C:OnPaint

[2017.09.20-21.46.14:379][841]LogScript: Warning: Accessed None
	CrewRecord_C /Engine/Transient.GameEngine_0:HeraldGameInstance_C_0.CrewRecord_C_4
	Function /Game/Assets/Widgets/CrewRecord.CrewRecord_C:OnPaint:0152
[2017.09.20-21.46.14:379][841]LogScript: Warning: Script call stack:
	Function /Game/Assets/Widgets/CrewRecord.CrewRecord_C:OnPaint

[2017.09.20-21.46.14:379][841]LogScript: Warning: Accessed None trying to read property AwayShip
	CrewRecord_C /Engine/Transient.GameEngine_0:HeraldGameInstance_C_0.CrewRecord_C_4
	Function /Game/Assets/Widgets/CrewRecord.CrewRecord_C:OnPaint:022F
[2017.09.20-21.46.14:379][841]LogScript: Warning: Script call stack:
	Function /Game/Assets/Widgets/CrewRecord.CrewRecord_C:OnPaint

[2017.09.20-21.46.14:379][841]LogScript: Warning: Accessed None
	CrewRecord_C /Engine/Transient.GameEngine_0:HeraldGameInstance_C_0.CrewRecord_C_4
	Function /Game/Assets/Widgets/CrewRecord.CrewRecord_C:OnPaint:0244
[2017.09.20-21.46.14:379][841]LogScript: Warning: Script call stack:
	Function /Game/Assets/Widgets/CrewRecord.CrewRecord_C:OnPaint

[2017.09.20-21.46.26:920][617]LogTemp: Warning: redtentaclegames: !!away
[2017.09.20-21.46.26:920][617]LogBlueprintUserMessages: [CrewComponent] crimson
[2017.09.20-21.46.59:781][650]LogBlueprintUserMessages: [None] Found room
[2017.09.20-21.47.00:781][712]LogBlueprintUserMessages: [None] Found room
[2017.09.20-21.47.01:782][774]LogBlueprintUserMessages: [None] Found room
[2017.09.20-21.47.02:782][836]LogBlueprintUserMessages: [None] Found room
[2017.09.20-21.47.03:781][898]LogBlueprintUserMessages: [None] Found room
[2017.09.20-21.47.04:782][960]LogBlueprintUserMessages: [None] Found room
[2017.09.20-21.47.05:782][ 22]LogBlueprintUserMessages: [None] Found room
[2017.09.20-21.47.06:782][ 84]LogBlueprintUserMessages: [None] Found room
[2017.09.20-21.47.07:782][146]LogBlueprintUserMessages: [None] Found room
[2017.09.20-21.47.08:782][208]LogBlueprintUserMessages: [None] Found room
[2017.09.20-21.47.09:782][270]LogBlueprintUserMessages: [None] Found room
[2017.09.20-21.47.10:782][332]LogBlueprintUserMessages: [None] Found room
[2017.09.20-21.47.11:782][394]LogBlueprintUserMessages: [None] Found room
[2017.09.20-21.47.12:782][456]LogBlueprintUserMessages: [None] Found room
[2017.09.20-21.47.13:782][518]LogBlueprintUserMessages: [None] Found room
[2017.09.20-21.47.14:782][580]LogBlueprintUserMessages: [None] Found room
[2017.09.20-21.47.15:782][642]LogBlueprintUserMessages: [None] Found room
[2017.09.20-21.47.16:783][704]LogBlueprintUserMessages: [None] Found room
[2017.09.20-21.47.17:783][766]LogBlueprintUserMessages: [None] Found room
[2017.09.20-21.47.18:783][828]LogBlueprintUserMessages: [None] Found room
[2017.09.20-21.47.19:783][890]LogBlueprintUserMessages: [None] Found room
[2017.09.20-21.47.20:784][952]LogBlueprintUserMessages: [None] Found room
[2017.09.20-21.47.21:783][ 14]LogBlueprintUserMessages: [None] Found room
[2017.09.20-21.47.22:784][ 76]LogBlueprintUserMessages: [None] Found room
[2017.09.20-21.47.23:784][138]LogBlueprintUserMessages: [None] Found room
[2017.09.20-21.47.24:783][200]LogBlueprintUserMessages: [None] Found room
[2017.09.20-21.47.25:783][262]LogBlueprintUserMessages: [None] Found room
[2017.09.20-21.47.26:783][324]LogBlueprintUserMessages: [None] Found room
[2017.09.20-21.47.26:985][336]LogParticles: Error: Bad values in FParticleSystemSceneProxy::GetObjectPositionAndScale
[2017.09.20-21.47.26:985][336]LogParticles: Error: SystemPositionForMacroUVs: {148235.390625, 27743.480469, 10522.182617}
[2017.09.20-21.47.26:985][336]LogParticles: Error: ObjectPostProjectionPositionWithW: {702.500000, -722.088379, 10.000000, 0.000000}
[2017.09.20-21.47.26:985][336]LogParticles: Error: RightPostProjectionPosition: {902.500000, -722.088379, 10.000000, 0.000000}
[2017.09.20-21.47.26:985][336]LogParticles: Error: UpPostProjectionPosition: {702.500000, -366.532715, 10.000000, 0.000000}
[2017.09.20-21.47.26:985][336]LogParticles: Error: ObjectNDCPosition: {70250000.000000, -72208840.000000}
[2017.09.20-21.47.26:985][336]LogParticles: Error: RightNDCPosX: inf
[2017.09.20-21.47.26:985][336]LogParticles: Error: UpNDCPosY: -inf
[2017.09.20-21.47.26:985][336]LogParticles: Error: MacroUVPosition: {148235.390625, 27743.480469, 10522.182617}
[2017.09.20-21.47.26:985][336]LogParticles: Error: MacroUVRadius: 200.000000
[2017.09.20-21.47.26:985][336]LogParticles: Error: DX: 2097152.000000
[2017.09.20-21.47.26:985][336]LogParticles: Error: DY: -inf
[2017.09.20-21.47.26:985][336]LogParticles: Error: View0: {-0.883838, -0.467793, 0.000000, 1.000000}
[2017.09.20-21.47.26:985][336]LogParticles: Error: View1: {-0.007701, 0.014551, 0.999864, 1.000000}
[2017.09.20-21.47.26:985][336]LogParticles: Error: View2: {-0.467729, 0.883718, -0.016463, 1.000000}
[2017.09.20-21.47.26:985][336]LogParticles: Error: View3: {0.000000, 0.000000, 0.000000, 1.000000}
[2017.09.20-21.47.26:985][336]LogParticles: Error: ViewProj0: {-0.883758, -0.467944, 0.000003, 1.000000}
[2017.09.20-21.47.26:985][336]LogParticles: Error: ViewProj1: {-0.013445, 0.025404, 1.777546, 1.000000}
[2017.09.20-21.47.26:985][336]LogParticles: Error: ViewProj2: {0.000000, 0.000000, 0.000000, 1.000000}
[2017.09.20-21.47.26:985][336]LogParticles: Error: ViewProj3: {-0.467729, 0.883718, -0.016463, 1.000000}
[2017.09.20-21.47.27:795][386]LogBlueprintUserMessages: [None] Found room
[2017.09.20-21.47.28:798][448]LogBlueprintUserMessages: [None] Found room
[2017.09.20-21.47.29:798][510]LogBlueprintUserMessages: [None] Found room
[2017.09.20-21.47.30:798][572]LogBlueprintUserMessages: [None] Found room
[2017.09.20-21.47.31:798][634]LogBlueprintUserMessages: [None] Found room
[2017.09.20-21.47.32:798][696]LogBlueprintUserMessages: [None] Found room
[2017.09.20-21.47.33:798][758]LogBlueprintUserMessages: [None] Found room
[2017.09.20-21.47.34:556][805]LogBlueprintUserMessages: [ScannerComponent] Disabled
[2017.09.20-21.47.34:556][805]LogBlueprintUserMessages: [ScannerComponent] Disabled
[2017.09.20-21.47.34:799][820]LogBlueprintUserMessages: [None] Found room
[2017.09.20-21.47.35:798][882]LogBlueprintUserMessages: [None] Found room
[2017.09.20-21.47.36:798][944]LogBlueprintUserMessages: [None] Found room
[2017.09.20-21.47.37:798][  6]LogBlueprintUserMessages: [None] Found room
[2017.09.20-21.47.38:798][ 68]LogBlueprintUserMessages: [None] Found room
[2017.09.20-21.47.39:799][130]LogBlueprintUserMessages: [None] Found room
[2017.09.20-21.47.40:799][192]LogBlueprintUserMessages: [None] Found room
[2017.09.20-21.47.41:799][254]LogBlueprintUserMessages: [None] Found room
[2017.09.20-21.47.42:798][316]LogBlueprintUserMessages: [None] Found room
[2017.09.20-21.47.43:799][378]LogBlueprintUserMessages: [None] Found room
[2017.09.20-21.47.44:799][440]LogBlueprintUserMessages: [None] Found room
[2017.09.20-21.47.45:799][502]LogBlueprintUserMessages: [None] Found room
[2017.09.20-21.47.46:799][564]LogBlueprintUserMessages: [None] Found room
[2017.09.20-21.47.47:799][626]LogBlueprintUserMessages: [None] Found room
[2017.09.20-21.47.48:799][688]LogBlueprintUserMessages: [None] Found room
[2017.09.20-21.47.49:799][750]LogBlueprintUserMessages: [None] Found room
[2017.09.20-21.47.50:799][812]LogBlueprintUserMessages: [None] Found room
[2017.09.20-21.47.51:799][874]LogBlueprintUserMessages: [None] Found room
[2017.09.20-21.47.52:799][936]LogBlueprintUserMessages: [None] Found room
[2017.09.20-21.47.53:799][998]LogBlueprintUserMessages: [None] Found room
[2017.09.20-21.47.54:799][ 60]LogBlueprintUserMessages: [None] Found room
[2017.09.20-21.47.55:800][122]LogBlueprintUserMessages: [None] Found room
[2017.09.20-21.47.56:800][184]LogBlueprintUserMessages: [None] Found room
[2017.09.20-21.47.57:799][246]LogBlueprintUserMessages: [None] Found room
[2017.09.20-21.47.58:799][308]LogBlueprintUserMessages: [None] Found room
[2017.09.20-21.47.59:799][370]LogBlueprintUserMessages: [None] Found room
[2017.09.20-21.48.00:800][432]LogBlueprintUserMessages: [None] Found room
[2017.09.20-21.48.01:800][494]LogBlueprintUserMessages: [None] Found room
[2017.09.20-21.48.02:800][556]LogBlueprintUserMessages: [None] Found room
[2017.09.20-21.48.03:800][618]LogBlueprintUserMessages: [None] Found room
[2017.09.20-21.48.04:800][680]LogBlueprintUserMessages: [None] Found room
[2017.09.20-21.48.05:800][742]LogBlueprintUserMessages: [None] Found room
[2017.09.20-21.48.06:800][804]LogBlueprintUserMessages: [None] Found room
[2017.09.20-21.48.07:800][866]LogBlueprintUserMessages: [None] Found room
[2017.09.20-21.48.08:800][928]LogBlueprintUserMessages: [None] Found room
[2017.09.20-21.48.09:800][990]LogBlueprintUserMessages: [None] Found room
[2017.09.20-21.48.10:800][ 52]LogBlueprintUserMessages: [None] Found room
[2017.09.20-21.48.11:800][114]LogBlueprintUserMessages: [None] Found room
[2017.09.20-21.48.12:800][176]LogBlueprintUserMessages: [None] Found room
[2017.09.20-21.48.13:801][238]LogBlueprintUserMessages: [None] Found room
[2017.09.20-21.48.14:800][300]LogBlueprintUserMessages: [None] Found room
[2017.09.20-21.48.15:801][362]LogBlueprintUserMessages: [None] Found room
[2017.09.20-21.48.16:801][424]LogBlueprintUserMessages: [None] Found room
[2017.09.20-21.48.17:801][486]LogBlueprintUserMessages: [None] Found room
[2017.09.20-21.48.18:801][548]LogBlueprintUserMessages: [None] Found room
[2017.09.20-21.48.19:801][610]LogBlueprintUserMessages: [None] Found room
[2017.09.20-21.48.19:987][620]LogWindowsTextInputMethodSystem: Display: IME system now deactivated.
[2017.09.20-21.48.19:992][620]LogEngine: All Windows Closed
[2017.09.20-21.48.19:992][620]LogWindows: FPlatformMisc::RequestExit(0)
[2017.09.20-21.48.20:421][621]LogExit: Preparing to exit.
[2017.09.20-21.48.20:421][621]LogMoviePlayer: Shutting down movie player
[2017.09.20-21.48.21:648][621]LogExit: Game engine shut down
[2017.09.20-21.48.21:712][621]LogExit: Object subsystem successfully closed.
[2017.09.20-21.48.21:725][621]LogD3D11RHI: Shutdown
[2017.09.20-21.48.21:725][621]LogD3D11RHI: CleanupD3DDevice
[2017.09.20-21.48.21:728][621]LogD3D11RHI: ~FD3D11DynamicRHI
[2017.09.20-21.48.21:732][621]LogModuleManager: Shutting down and abandoning module SequenceRecorderSections (306)
[2017.09.20-21.48.21:732][621]LogModuleManager: Shutting down and abandoning module SequenceRecorder (304)
[2017.09.20-21.48.21:732][621]LogModuleManager: Shutting down and abandoning module AutomationController (302)
[2017.09.20-21.48.21:732][621]LogModuleManager: Shutting down and abandoning module AutomationWorker (300)
[2017.09.20-21.48.21:732][621]LogModuleManager: Shutting down and abandoning module AIModule (298)
[2017.09.20-21.48.21:732][621]LogModuleManager: Shutting down and abandoning module GameplayDebugger (297)
[2017.09.20-21.48.21:732][621]LogModuleManager: Shutting down and abandoning module AITestSuite (295)
[2017.09.20-21.48.21:732][621]LogModuleManager: Shutting down and abandoning module WmfMediaFactory (292)
[2017.09.20-21.48.21:732][621]LogModuleManager: Shutting down and abandoning module AvfMediaFactory (290)
[2017.09.20-21.48.21:732][621]LogModuleManager: Shutting down and abandoning module AndroidMediaFactory (288)
[2017.09.20-21.48.21:732][621]LogModuleManager: Shutting down and abandoning module Media (287)
[2017.09.20-21.48.21:732][621]LogModuleManager: Shutting down and abandoning module CharacterAI (284)
[2017.09.20-21.48.21:732][621]LogModuleManager: Shutting down and abandoning module SessionServices (282)
[2017.09.20-21.48.21:732][621]LogModuleManager: Shutting down and abandoning module MovieSceneCapture (280)
[2017.09.20-21.48.21:732][621]LogModuleManager: Shutting down and abandoning module MovieSceneTracks (278)
[2017.09.20-21.48.21:732][621]LogModuleManager: Shutting down and abandoning module MovieScene (276)
[2017.09.20-21.48.21:732][621]LogModuleManager: Shutting down and abandoning module GeometryCache (274)
[2017.09.20-21.48.21:732][621]LogModuleManager: Shutting down and abandoning module GeometryCacheEd (273)
[2017.09.20-21.48.21:732][621]LogModuleManager: Shutting down and abandoning module Niagara (270)
[2017.09.20-21.48.21:732][621]LogModuleManager: Shutting down and abandoning module NiagaraEditor (269)
[2017.09.20-21.48.21:732][621]LogModuleManager: Shutting down and abandoning module StreamingPauseRendering (266)
[2017.09.20-21.48.21:732][621]LogModuleManager: Shutting down and abandoning module PortalServices (264)
[2017.09.20-21.48.21:733][621]LogModuleManager: Shutting down and abandoning module PortalRpc (262)
[2017.09.20-21.48.21:733][621]LogModuleManager: Shutting down and abandoning module MessagingRpc (260)
[2017.09.20-21.48.21:733][621]LogModuleManager: Shutting down and abandoning module ProfilerService (258)
[2017.09.20-21.48.21:775][621]LogModuleManager: Shutting down and abandoning module TaskGraph (256)
[2017.09.20-21.48.21:775][621]LogModuleManager: Shutting down and abandoning module SteamVRController (254)
[2017.09.20-21.48.21:775][621]LogModuleManager: Shutting down and abandoning module ProceduralMeshComponent (252)
[2017.09.20-21.48.21:775][621]LogModuleManager: Shutting down and abandoning module OculusInput (250)
[2017.09.20-21.48.21:775][621]LogModuleManager: Shutting down and abandoning module MobilePatchingUtils (248)
[2017.09.20-21.48.21:775][621]LogModuleManager: Shutting down and abandoning module CustomMeshComponent (246)
[2017.09.20-21.48.21:775][621]LogModuleManager: Shutting down and abandoning module CableComponent (244)
[2017.09.20-21.48.21:775][621]LogModuleManager: Shutting down and abandoning module ArchVisCharacter (242)
[2017.09.20-21.48.21:775][621]LogModuleManager: Shutting down and abandoning module AndroidPermission (240)
[2017.09.20-21.48.21:775][621]LogModuleManager: Shutting down and abandoning module HTML5Networking (236)
[2017.09.20-21.48.21:775][621]LogModuleManager: Shutting down and abandoning module VisualStudioSourceCodeAccess (234)
[2017.09.20-21.48.21:775][621]LogModuleManager: Shutting down and abandoning module DesktopPlatform (233)
[2017.09.20-21.48.21:775][621]LogModuleManager: Shutting down and abandoning module HotReload (231)
[2017.09.20-21.48.21:775][621]LogDirectoryWatcher: A directory notification for 'D:/Unreal/Projects/BonVoyage/Binaries/Win64' was aborted.
[2017.09.20-21.48.21:776][621]LogModuleManager: Shutting down and abandoning module UObjectPlugin (228)
[2017.09.20-21.48.21:776][621]LogModuleManager: Shutting down and abandoning module SubversionSourceControl (226)
[2017.09.20-21.48.21:776][621]LogModuleManager: Shutting down and abandoning module PerforceSourceControl (224)
[2017.09.20-21.48.21:776][621]LogModuleManager: Shutting down and abandoning module SourceControl (223)
[2017.09.20-21.48.21:776][621]LogModuleManager: Shutting down and abandoning module BonVoyage (220)
[2017.09.20-21.48.21:776][621]LogModuleManager: Shutting down and abandoning module RuntimePhysXCooking (218)
[2017.09.20-21.48.21:776][621]LogModuleManager: Shutting down and abandoning module PhysXVehiclesEditor (216)
[2017.09.20-21.48.21:776][621]LogModuleManager: Shutting down and abandoning module PhysXVehicles (214)
[2017.09.20-21.48.21:776][621]LogModuleManager: Shutting down and abandoning module LocationServicesBPLibrary (212)
[2017.09.20-21.48.21:776][621]LogModuleManager: Shutting down and abandoning module ImmediatePhysicsEditor (210)
[2017.09.20-21.48.21:776][621]LogModuleManager: Shutting down and abandoning module ImmediatePhysics (208)
[2017.09.20-21.48.21:776][621]LogModuleManager: Shutting down and abandoning module UdpMessaging (206)
[2017.09.20-21.48.21:877][621]LogModuleManager: Shutting down and abandoning module TcpMessaging (204)
[2017.09.20-21.48.22:477][621]LogModuleManager: Shutting down and abandoning module GameplayTagsEditor (202)
[2017.09.20-21.48.22:477][621]LogModuleManager: Shutting down and abandoning module FacialAnimation (200)
[2017.09.20-21.48.22:477][621]LogModuleManager: Shutting down and abandoning module AssetManagerEditor (198)
[2017.09.20-21.48.22:477][621]LogModuleManager: Shutting down and abandoning module GraphEditor (197)
[2017.09.20-21.48.22:477][621]LogModuleManager: Shutting down and abandoning module ContentBrowser (195)
[2017.09.20-21.48.22:477][621]LogModuleManager: Shutting down and abandoning module CollectionManager (194)
[2017.09.20-21.48.22:477][621]LogDirectoryWatcher: A directory notification for 'D:/Unreal/Projects/BonVoyage/Content/Collections/' was aborted.
[2017.09.20-21.48.22:477][621]LogDirectoryWatcher: A directory notification for 'D:/Unreal/Projects/BonVoyage/Content/Developers/User/Collections/' was aborted.
[2017.09.20-21.48.22:477][621]LogDirectoryWatcher: A directory notification for 'D:/Unreal/Projects/BonVoyage/Saved/Collections/' was aborted.
[2017.09.20-21.48.22:477][621]LogModuleManager: Shutting down and abandoning module DirectoryWatcher (193)
[2017.09.20-21.48.22:477][621]LogModuleManager: Shutting down and abandoning module LightPropagationVolumeRuntime (188)
[2017.09.20-21.48.22:477][621]LogModuleManager: Shutting down and abandoning module Paper2D (186)
[2017.09.20-21.48.22:477][621]LogModuleManager: Shutting down and abandoning module WindowsMoviePlayer (184)
[2017.09.20-21.48.22:477][621]LogModuleManager: Shutting down and abandoning module WmfMedia (182)
[2017.09.20-21.48.22:477][621]LogModuleManager: Shutting down and abandoning module PacketHandler (180)
[2017.09.20-21.48.22:477][621]LogModuleManager: Shutting down and abandoning module ClothingSystemEditor (178)
[2017.09.20-21.48.22:477][621]LogModuleManager: Shutting down and abandoning module ClothingSystemRuntime (176)
[2017.09.20-21.48.22:477][621]LogModuleManager: Shutting down and abandoning module Overlay (174)
[2017.09.20-21.48.22:477][621]LogModuleManager: Shutting down and abandoning module OverlayEditor (173)
[2017.09.20-21.48.22:477][621]LogModuleManager: Shutting down and abandoning module MediaAssets (170)
[2017.09.20-21.48.22:477][621]LogModuleManager: Shutting down and abandoning module VREditor (168)
[2017.09.20-21.48.22:477][621]LogModuleManager: Shutting down and abandoning module StringTableEditor (166)
[2017.09.20-21.48.22:477][621]LogModuleManager: Shutting down and abandoning module GameplayTasksEditor (164)
[2017.09.20-21.48.22:477][621]LogModuleManager: Shutting down and abandoning module BehaviorTreeEditor (162)
[2017.09.20-21.48.22:477][621]LogModuleManager: Shutting down and abandoning module FunctionalTesting (160)
[2017.09.20-21.48.22:477][621]LogModuleManager: Shutting down and abandoning module CollisionAnalyzer (158)
[2017.09.20-21.48.22:477][621]LogModuleManager: Shutting down and abandoning module WorkspaceMenuStructure (157)
[2017.09.20-21.48.22:478][621]LogModuleManager: Shutting down and abandoning module UMG (154)
[2017.09.20-21.48.22:478][621]LogModuleManager: Shutting down and abandoning module UMGEditor (153)
[2017.09.20-21.48.22:478][621]LogModuleManager: Shutting down and abandoning module Sequencer (152)
[2017.09.20-21.48.22:478][621]LogModuleManager: Shutting down and abandoning module MessageLog (149)
[2017.09.20-21.48.22:478][621]LogModuleManager: Shutting down and abandoning module SlateReflector (144)
[2017.09.20-21.48.22:478][621]LogModuleManager: Shutting down and abandoning module Slate (142)
[2017.09.20-21.48.22:478][621]LogModuleManager: Shutting down and abandoning module EditorStyle (140)
[2017.09.20-21.48.22:480][621]LogModuleManager: Shutting down and abandoning module MRMesh (138)
[2017.09.20-21.48.22:480][621]LogModuleManager: Shutting down and abandoning module Messaging (136)
[2017.09.20-21.48.22:480][621]LogModuleManager: Shutting down and abandoning module SourceCodeAccess (134)
[2017.09.20-21.48.22:480][621]LogModuleManager: Shutting down and abandoning module HeadMountedDisplay (132)
[2017.09.20-21.48.22:480][621]LogModuleManager: Shutting down and abandoning module XAudio2 (130)
[2017.09.20-21.48.22:480][621]LogModuleManager: Shutting down and abandoning module Networking (128)
[2017.09.20-21.48.22:480][621]LogModuleManager: Shutting down and abandoning module Core (124)
[2017.09.20-21.48.22:480][621]LogModuleManager: Shutting down and abandoning module KismetCompiler (122)
[2017.09.20-21.48.22:480][621]LogModuleManager: Shutting down and abandoning module LevelSequence (120)
[2017.09.20-21.48.22:480][621]LogModuleManager: Shutting down and abandoning module MeshUtilities (118)
[2017.09.20-21.48.22:480][621]LogModuleManager: Shutting down and abandoning module MeshMergeUtilities (117)
[2017.09.20-21.48.22:480][621]LogModuleManager: Shutting down and abandoning module MeshReductionInterface (116)
[2017.09.20-21.48.22:480][621]LogModuleManager: Shutting down and abandoning module SimplygonSwarm (115)
[2017.09.20-21.48.22:480][621]LogModuleManager: Shutting down and abandoning module SimplygonMeshReduction (113)
[2017.09.20-21.48.22:480][621]LogModuleManager: Shutting down and abandoning module QuadricMeshReduction (111)
[2017.09.20-21.48.22:480][621]LogModuleManager: Shutting down and abandoning module MaterialBaking (107)
[2017.09.20-21.48.22:480][621]LogModuleManager: Shutting down and abandoning module DerivedDataCache (102)
[2017.09.20-21.48.22:557][621]LogDerivedDataCache: Shutdown
[2017.09.20-21.48.22:558][621]LogModuleManager: Shutting down and abandoning module TargetPlatform (100)
[2017.09.20-21.48.22:558][621]LogModuleManager: Shutting down and abandoning module VulkanShaderFormat (99)
[2017.09.20-21.48.22:558][621]LogModuleManager: Shutting down and abandoning module ShaderFormatVectorVM (97)
[2017.09.20-21.48.22:558][621]LogModuleManager: Shutting down and abandoning module ShaderFormatOpenGL (95)
[2017.09.20-21.48.22:558][621]LogModuleManager: Shutting down and abandoning module ShaderFormatD3D (93)
[2017.09.20-21.48.22:558][621]LogModuleManager: Shutting down and abandoning module MetalShaderFormat (91)
[2017.09.20-21.48.22:558][621]LogModuleManager: Shutting down and abandoning module TextureFormatUncompressed (89)
[2017.09.20-21.48.22:558][621]LogModuleManager: Shutting down and abandoning module TextureFormatPVR (87)
[2017.09.20-21.48.22:558][621]LogModuleManager: Shutting down and abandoning module TextureFormatDXT (85)
[2017.09.20-21.48.22:558][621]LogModuleManager: Shutting down and abandoning module TextureFormatIntelISPCTexComp (83)
[2017.09.20-21.48.22:558][621]LogModuleManager: Shutting down and abandoning module TextureFormatASTC (81)
[2017.09.20-21.48.22:558][621]LogModuleManager: Shutting down and abandoning module ImageWrapper (80)
[2017.09.20-21.48.22:558][621]LogModuleManager: Shutting down and abandoning module TextureFormatAndroid (77)
[2017.09.20-21.48.22:558][621]LogModuleManager: Shutting down and abandoning module AudioFormatOpus (75)
[2017.09.20-21.48.22:558][621]LogModuleManager: Shutting down and abandoning module AudioFormatOgg (73)
[2017.09.20-21.48.22:558][621]LogModuleManager: Shutting down and abandoning module AudioFormatADPCM (71)
[2017.09.20-21.48.22:558][621]LogModuleManager: Shutting down and abandoning module WindowsTargetPlatform (69)
[2017.09.20-21.48.22:558][621]LogModuleManager: Shutting down and abandoning module WindowsServerTargetPlatform (67)
[2017.09.20-21.48.22:558][621]LogModuleManager: Shutting down and abandoning module WindowsNoEditorTargetPlatform (65)
[2017.09.20-21.48.22:558][621]LogModuleManager: Shutting down and abandoning module WindowsClientTargetPlatform (63)
[2017.09.20-21.48.22:558][621]LogModuleManager: Shutting down and abandoning module InputCore (60)
[2017.09.20-21.48.22:558][621]LogModuleManager: Shutting down and abandoning module Settings (58)
[2017.09.20-21.48.22:558][621]LogModuleManager: Shutting down and abandoning module PhysXCooking (56)
[2017.09.20-21.48.22:558][621]LogModuleManager: Shutting down and abandoning module SteamVR (54)
[2017.09.20-21.48.22:558][621]LogModuleManager: Shutting down and abandoning module OculusHMD (52)
[2017.09.20-21.48.22:558][621]LogModuleManager: Shutting down and abandoning module ExampleDeviceProfileSelector (50)
[2017.09.20-21.48.22:558][621]LogModuleManager: Shutting down and abandoning module OnlineBlueprintSupport (48)
[2017.09.20-21.48.22:558][621]LogModuleManager: Shutting down and abandoning module OnlineSubsystem (44)
[2017.09.20-21.48.22:558][621]LogOnline: Display: Unloading online subsystem: NULL
[2017.09.20-21.48.22:558][621]LogModuleManager: Shutting down and abandoning module XMPP (43)
[2017.09.20-21.48.22:558][621]LogModuleManager: Shutting down and abandoning module HTTP (41)
[2017.09.20-21.48.22:568][621]LogModuleManager: Shutting down and abandoning module SSL (40)
[2017.09.20-21.48.22:569][621]LogModuleManager: Shutting down and abandoning module AnimationModifiers (36)
[2017.09.20-21.48.22:569][621]LogModuleManager: Shutting down and abandoning module PropertyEditor (35)
[2017.09.20-21.48.22:569][621]LogModuleManager: Shutting down and abandoning module AudioEditor (32)
[2017.09.20-21.48.22:569][621]LogModuleManager: Shutting down and abandoning module TextureCompressor (30)
[2017.09.20-21.48.22:569][621]LogModuleManager: Shutting down and abandoning module ShaderCore (28)
[2017.09.20-21.48.22:569][621]LogModuleManager: Shutting down and abandoning module Landscape (26)
[2017.09.20-21.48.22:569][621]LogModuleManager: Shutting down and abandoning module SlateRHIRenderer (24)
[2017.09.20-21.48.22:570][621]LogModuleManager: Shutting down and abandoning module OpenGLDrv (22)
[2017.09.20-21.48.22:570][621]LogModuleManager: Shutting down and abandoning module D3D11RHI (20)
[2017.09.20-21.48.22:570][621]LogModuleManager: Shutting down and abandoning module AnimGraphRuntime (18)
[2017.09.20-21.48.22:570][621]LogModuleManager: Shutting down and abandoning module Renderer (16)
[2017.09.20-21.48.22:570][621]LogModuleManager: Shutting down and abandoning module Engine (14)
[2017.09.20-21.48.22:570][621]LogModuleManager: Shutting down and abandoning module CoreUObject (12)
[2017.09.20-21.48.22:570][621]LogModuleManager: Shutting down and abandoning module NetworkFile (10)
[2017.09.20-21.48.22:570][621]LogModuleManager: Shutting down and abandoning module CookedIterativeFile (8)
[2017.09.20-21.48.22:570][621]LogModuleManager: Shutting down and abandoning module StreamingFile (6)
[2017.09.20-21.48.22:570][621]LogModuleManager: Shutting down and abandoning module SandboxFile (4)
[2017.09.20-21.48.22:570][621]LogModuleManager: Shutting down and abandoning module PakFile (2)
[2017.09.20-21.48.22:572][621]LogExit: Exiting.
[2017.09.20-21.48.22:574][621]Log file closed, 09/20/17 14:48:22
