Log file open, 09/15/17 12:06:24
LogWindows: LoadLibraryWithSearchPaths failed for file aqProf.dll. GetLastError=0
LogWindows: LoadLibraryWithSearchPaths failed for file VSPerf140.dll. GetLastError=0
LogWindows: LoadLibraryWithSearchPaths failed for file VtuneApi.dll. GetLastError=0
LogWindows: LoadLibraryWithSearchPaths failed for file VtuneApi32e.dll. GetLastError=0
LogInit: Display: Running engine for game: BonVoyage
LogPlatformFile: Not using cached read wrapper
LogInit: Display: RandInit(1104421835) SRandInit(1104421835).
LogTaskGraph: Started task graph with 5 named threads and 14 total threads with 3 sets of task threads.
LogStats: Stats thread started at 0.167402
LogD3D11RHI: Aftermath initialized
LogPluginManager: Mounting plugin Paper2D
LogPluginManager: Mounting plugin LightPropagationVolume
LogPluginManager: Mounting plugin CodeLiteSourceCodeAccess
LogPluginManager: Mounting plugin GitSourceControl
LogPluginManager: Mounting plugin KDevelopSourceCodeAccess
LogPluginManager: Mounting plugin NullSourceCodeAccess
LogPluginManager: Mounting plugin PerforceSourceControl
LogPluginManager: Mounting plugin SubversionSourceControl
LogPluginManager: Mounting plugin UObjectPlugin
LogPluginManager: Mounting plugin VisualStudioSourceCodeAccess
LogPluginManager: Mounting plugin XCodeSourceCodeAccess
LogPluginManager: Mounting plugin AssetManagerEditor
LogPluginManager: Mounting plugin AudioCapture
LogPluginManager: Mounting plugin FacialAnimation
LogPluginManager: Mounting plugin GameplayTagsEditor
LogPluginManager: Mounting plugin MobileLauncherProfileWizard
LogPluginManager: Mounting plugin PluginBrowser
LogPluginManager: Mounting plugin SpeedTreeImporter
LogPluginManager: Mounting plugin AlembicImporter
LogPluginManager: Mounting plugin CharacterAI
LogPluginManager: Mounting plugin HTML5Networking
LogPluginManager: Mounting plugin AndroidMedia
LogPluginManager: Mounting plugin AvfMedia
LogPluginManager: Mounting plugin MediaPlayerEditor
LogPluginManager: Mounting plugin WmfMedia
LogPluginManager: Mounting plugin TcpMessaging
LogPluginManager: Mounting plugin UdpMessaging
LogPluginManager: Mounting plugin LevelSequenceEditor
LogPluginManager: Mounting plugin MatineeToLevelSequence
LogPluginManager: Mounting plugin OnlineSubsystemGooglePlay
LogPluginManager: Mounting plugin OnlineSubsystemIOS
LogPluginManager: Mounting plugin OnlineSubsystem
LogPluginManager: Mounting plugin OnlineSubsystemNull
LogPluginManager: Mounting plugin OnlineSubsystemUtils
LogPluginManager: Mounting plugin AndroidDeviceProfileSelector
LogPluginManager: Mounting plugin AndroidMoviePlayer
LogPluginManager: Mounting plugin AndroidPermission
LogPluginManager: Mounting plugin AppleMoviePlayer
LogPluginManager: Mounting plugin ArchVisCharacter
LogPluginManager: Mounting plugin CableComponent
LogPluginManager: Mounting plugin CustomMeshComponent
LogPluginManager: Mounting plugin ExampleDeviceProfileSelector
LogPluginManager: Mounting plugin GoogleCloudMessaging
LogPluginManager: Mounting plugin ImmediatePhysics
LogPluginManager: Mounting plugin IOSDeviceProfileSelector
LogPluginManager: Mounting plugin LinuxDeviceProfileSelector
LogPluginManager: Mounting plugin LocationServicesBPLibrary
LogPluginManager: Mounting plugin MobilePatchingUtils
LogPluginManager: Mounting plugin OculusVR
LogPluginManager: Mounting plugin PhysXVehicles
LogPluginManager: Mounting plugin ProceduralMeshComponent
LogPluginManager: Mounting plugin RuntimePhysXCooking
LogPluginManager: Mounting plugin SteamVR
LogPluginManager: Mounting plugin WindowsMoviePlayer
LogInit: Using libcurl 7.47.1
LogInit:  - built for x86_64-pc-win32
LogInit:  - supports SSL with OpenSSL/1.0.2g
LogInit:  - supports HTTP deflate (compression) using libz 1.2.8
LogInit:  - other features:
LogInit:      CURL_VERSION_SSL
LogInit:      CURL_VERSION_LIBZ
LogInit:      CURL_VERSION_IPV6
LogInit:      CURL_VERSION_ASYNCHDNS
LogInit:      CURL_VERSION_LARGEFILE
LogInit:      CURL_VERSION_IDN
LogInit:  CurlRequestOptions (configurable via config and command line):
LogInit:  - bVerifyPeer = false  - Libcurl will NOT verify peer certificate
LogInit:  - bUseHttpProxy = false  - Libcurl will NOT use HTTP proxy
LogInit:  - bDontReuseConnections = false  - Libcurl will reuse connections
LogInit:  - CertBundlePath = nullptr  - Libcurl will use whatever was configured at build time.
LogHMD: Failed initializing OVRPlugin 1.15.0
LogInit: Build: ++UE4+Release-4.17-CL-3586342
LogInit: Engine Version: 4.17.1-3586342+++UE4+Release-4.17
LogInit: Compatible Engine Version: 4.17.0-3573198+++UE4+Release-4.17
LogInit: Net CL: 3573198
LogDevObjectVersion: Number of dev versions registered: 16
LogDevObjectVersion:   Dev-Blueprints (B0D832E4-1F89-4F0D-ACCF-7EB736FD4AA2): 10
LogDevObjectVersion:   Dev-Build (E1C64328-A22C-4D53-A36C-8E866417BD8C): 0
LogDevObjectVersion:   Dev-Core (375EC13C-06E4-48FB-B500-84F0262A717E): 2
LogDevObjectVersion:   Dev-Editor (E4B068ED-F494-42E9-A231-DA0B2E46BB41): 20
LogDevObjectVersion:   Dev-Framework (CFFC743F-43B0-4480-9391-14DF171D2073): 28
LogDevObjectVersion:   Dev-Mobile (B02B49B5-BB20-44E9-A304-32B752E40360): 0
LogDevObjectVersion:   Dev-Networking (A4E4105C-59A1-49B5-A7C5-40C4547EDFEE): 0
LogDevObjectVersion:   Dev-Online (39C831C9-5AE6-47DC-9A44-9C173E1C8E7C): 0
LogDevObjectVersion:   Dev-Physics (78F01B33-EBEA-4F98-B9B4-84EACCB95AA2): 0
LogDevObjectVersion:   Dev-Platform (6631380F-2D4D-43E0-8009-CF276956A95A): 0
LogDevObjectVersion:   Dev-Rendering (12F88B9F-8875-4AFC-A67C-D90C383ABD29): 19
LogDevObjectVersion:   Dev-Sequencer (7B5AE74C-D270-4C10-A958-57980B212A5A): 4
LogDevObjectVersion:   Dev-VR (D7296918-1DD6-4BDD-9DE2-64A83CC13884): 0
LogDevObjectVersion:   Dev-LoadTimes (C2A15278-BFE7-4AFE-6C17-90FF531DF755): 1
LogDevObjectVersion:   Private-Geometry (6EACA3D4-40EC-4CC1-B786-8BED09428FC5): 1
LogDevObjectVersion:   Dev-AnimPhys (29E575DD-E0A3-4627-9D10-D276232CDCEA): 7
LogInit: Compiled (64-bit): Aug 15 2017 02:05:26
LogInit: Compiled with Visual C++: 19.00.24215.01
LogInit: Build Configuration: Development
LogInit: Branch Name: ++UE4+Release-4.17
LogInit: Command line: 
LogInit: Base directory: D:/Unreal/UE_4.17/Engine/Binaries/Win64/
LogInit: Installed Engine Build: 1
LogInit: Presizing for max 8388607 objects, including 0 objects not considered by GC, pre-allocating 0 bytes for permanent pool.
LogInit: Object subsystem initialized
[2017.09.15-19.06.25:582][  0]LogInit: Selected Device Profile: [Windows]
[2017.09.15-19.06.25:582][  0]LogInit: Applying CVar settings loaded from the selected device profile: [Windows]
[2017.09.15-19.06.25:593][  0]LogInit: Computer: CYLONRAIDER
[2017.09.15-19.06.25:593][  0]LogInit: User: User
[2017.09.15-19.06.25:593][  0]LogInit: CPU Page size=4096, Cores=4
[2017.09.15-19.06.25:593][  0]LogInit: High frequency timer resolution =2.531251 MHz
[2017.09.15-19.06.25:593][  0]LogMemory: Memory total: Physical=63.9GB (64GB approx)
[2017.09.15-19.06.25:593][  0]LogMemory: Platform Memory Stats for Windows
[2017.09.15-19.06.25:593][  0]LogMemory: Process Physical Memory: 285.27 MB used, 285.27 MB peak
[2017.09.15-19.06.25:593][  0]LogMemory: Process Virtual Memory: 278.98 MB used, 278.98 MB peak
[2017.09.15-19.06.25:593][  0]LogMemory: Physical Memory: 7354.81 MB used,  58102.44 MB free, 65457.25 MB total
[2017.09.15-19.06.25:593][  0]LogMemory: Virtual Memory: 700.93 MB used,  58102.44 MB free, 134217728.00 MB total
[2017.09.15-19.06.25:922][  0]LogInit: Using OS detected language (en-US).
[2017.09.15-19.06.25:922][  0]LogInit: Using OS detected locale (en-US).
[2017.09.15-19.06.25:924][  0]LogTextLocalizationManager: No specific localization for 'en-US' exists, so the 'en' localization will be used.
[2017.09.15-19.06.26:581][  0]LogD3D11RHI: D3D11 adapters:
[2017.09.15-19.06.27:240][  0]LogD3D11RHI:    0. 'NVIDIA GeForce GTX 1070' (Feature Level 11_0)
[2017.09.15-19.06.27:240][  0]LogD3D11RHI:       8113/0/32728 MB DedicatedVideo/DedicatedSystem/SharedSystem, Outputs:1, VendorId:0x10de
[2017.09.15-19.06.27:241][  0]LogD3D11RHI:    1. 'Microsoft Basic Render Driver' (Feature Level 11_0)
[2017.09.15-19.06.27:241][  0]LogD3D11RHI:       0/0/32728 MB DedicatedVideo/DedicatedSystem/SharedSystem, Outputs:0, VendorId:0x1414
[2017.09.15-19.06.27:241][  0]LogD3D11RHI: Chosen D3D11 Adapter: 0
[2017.09.15-19.06.27:247][  0]LogD3D11RHI: Creating new Direct3DDevice
[2017.09.15-19.06.27:247][  0]LogD3D11RHI:     GPU DeviceId: 0x1be1 (for the marketing name, search the web for "GPU Device Id")
[2017.09.15-19.06.27:247][  0]LogWindows: EnumDisplayDevices:
[2017.09.15-19.06.27:247][  0]LogWindows:    0. 'NVIDIA GeForce GTX 1070' (P:1 D:1)
[2017.09.15-19.06.27:247][  0]LogWindows:    1. 'NVIDIA GeForce GTX 1070' (P:0 D:0)
[2017.09.15-19.06.27:247][  0]LogWindows:    2. 'NVIDIA GeForce GTX 1070' (P:0 D:0)
[2017.09.15-19.06.27:247][  0]LogWindows:    3. 'NVIDIA GeForce GTX 1070' (P:0 D:0)
[2017.09.15-19.06.27:247][  0]LogWindows: DebugString: FoundDriverCount:4 
[2017.09.15-19.06.27:247][  0]LogD3D11RHI:     Adapter Name: NVIDIA GeForce GTX 1070
[2017.09.15-19.06.27:247][  0]LogD3D11RHI:   Driver Version: 382.05 (internal:22.21.13.8205, unified:382.05)
[2017.09.15-19.06.27:247][  0]LogD3D11RHI:      Driver Date: 5-1-2017
[2017.09.15-19.06.27:247][  0]LogRHI: Texture pool is 1361 MB (70% of 1945 MB)
[2017.09.15-19.06.27:857][  0]LogD3D11RHI: Async texture creation enabled
[2017.09.15-19.06.27:887][  0]LogD3D11RHI: GPU Timing Frequency: 1000.000000 (Debug: 2 1)
[2017.09.15-19.06.27:929][  0]LogShaderCompilers: Guid format shader working directory is 15 characters bigger than the processId version (../../../../Projects/BonVoyage/Intermediate/Shaders/WorkingDirectory/2672/).
[2017.09.15-19.06.27:930][  0]LogShaderCompilers: Cleaned the shader compiler working directory 'C:/Users/User/AppData/Local/Temp/UnrealShaderWorkingDir/FA90B91349B937C0454026A5C9E5947A/'.
[2017.09.15-19.06.27:930][  0]LogShaderCompilers: Display: Using Local Shader Compiler.
[2017.09.15-19.06.28:846][  0]LogTemp: Display: Loaded TP AllDesktopTargetPlatform
[2017.09.15-19.06.28:884][  0]LogTemp: Display: Loaded TP MacClientTargetPlatform
[2017.09.15-19.06.28:923][  0]LogTemp: Display: Loaded TP MacNoEditorTargetPlatform
[2017.09.15-19.06.28:958][  0]LogTemp: Display: Loaded TP MacServerTargetPlatform
[2017.09.15-19.06.28:994][  0]LogTemp: Display: Loaded TP MacTargetPlatform
[2017.09.15-19.06.29:032][  0]LogTemp: Display: Loaded TP WindowsClientTargetPlatform
[2017.09.15-19.06.29:070][  0]LogTemp: Display: Loaded TP WindowsNoEditorTargetPlatform
[2017.09.15-19.06.29:105][  0]LogTemp: Display: Loaded TP WindowsServerTargetPlatform
[2017.09.15-19.06.29:135][  0]LogTemp: Display: Loaded TP WindowsTargetPlatform
[2017.09.15-19.06.29:171][  0]LogTemp: Display: Loaded TP AndroidTargetPlatform
[2017.09.15-19.06.29:207][  0]LogTemp: Display: Loaded TP Android_ASTCTargetPlatform
[2017.09.15-19.06.29:241][  0]LogTemp: Display: Loaded TP Android_ATCTargetPlatform
[2017.09.15-19.06.29:277][  0]LogTemp: Display: Loaded TP Android_DXTTargetPlatform
[2017.09.15-19.06.29:314][  0]LogTemp: Display: Loaded TP Android_ETC1TargetPlatform
[2017.09.15-19.06.29:348][  0]LogTemp: Display: Loaded TP Android_ETC2TargetPlatform
[2017.09.15-19.06.29:422][  0]LogTemp: Display: Loaded TP Android_MultiTargetPlatform
[2017.09.15-19.06.29:422][  0]LogTemp: Display: Loaded TP Android_PVRTCTargetPlatform
[2017.09.15-19.06.29:448][  0]LogTemp: Display: Loaded TP HTML5TargetPlatform
[2017.09.15-19.06.29:520][  0]LogTemp: Display: Loaded TP IOSTargetPlatform
[2017.09.15-19.06.29:543][  0]LogTemp: Display: Loaded TP TVOSTargetPlatform
[2017.09.15-19.06.29:577][  0]LogTemp: Display: Loaded TP LinuxClientTargetPlatform
[2017.09.15-19.06.29:613][  0]LogTemp: Display: Loaded TP LinuxNoEditorTargetPlatform
[2017.09.15-19.06.29:647][  0]LogTemp: Display: Loaded TP LinuxServerTargetPlatform
[2017.09.15-19.06.29:685][  0]LogTemp: Display: Loaded TP LinuxTargetPlatform
[2017.09.15-19.06.29:685][  0]LogTargetPlatformManager: Display: Building Assets For Windows
[2017.09.15-19.06.30:019][  0]LogDerivedDataCache: Display: Max Cache Size: 512 MB
[2017.09.15-19.06.30:108][  0]LogDerivedDataCache: Loaded boot cache 0.09s 93MB C:/Users/User/AppData/Local/UnrealEngine/4.17/DerivedDataCache/Boot.ddc.
[2017.09.15-19.06.30:108][  0]LogDerivedDataCache: Display: Loaded Boot cache: C:/Users/User/AppData/Local/UnrealEngine/4.17/DerivedDataCache/Boot.ddc
[2017.09.15-19.06.30:108][  0]LogDerivedDataCache: FDerivedDataBackendGraph:  Pak pak cache file ../../../../Projects/BonVoyage/DerivedDataCache/DDC.ddp not found, will not use a pak cache.
[2017.09.15-19.06.30:108][  0]LogDerivedDataCache: Unable to find inner node Pak for hierarchical cache Hierarchy.
[2017.09.15-19.06.30:108][  0]LogDerivedDataCache: FDerivedDataBackendGraph:  CompressedPak pak cache file ../../../../Projects/BonVoyage/DerivedDataCache/Compressed.ddp not found, will not use a pak cache.
[2017.09.15-19.06.30:108][  0]LogDerivedDataCache: Unable to find inner node CompressedPak for hierarchical cache Hierarchy.
[2017.09.15-19.06.30:125][  0]LogDerivedDataCache: Display: Pak cache opened for reading ../../../Engine/DerivedDataCache/Compressed.ddp.
[2017.09.15-19.06.30:136][  0]LogDerivedDataCache: Using Local data cache path C:/Users/User/AppData/Local/UnrealEngine/Common/DerivedDataCache: Writable
[2017.09.15-19.06.30:147][  0]LogMaterial: Verifying Global Shaders for PCD3D_SM5
[2017.09.15-19.06.30:148][  0]LogSlate: Using Freetype 2.6.0
[2017.09.15-19.06.30:148][  0]LogSlate: SlateFontCache - WITH_FREETYPE: 1, WITH_HARFBUZZ: 1
[2017.09.15-19.06.30:148][  0]LogSlate: SlateFontCache - WITH_FREETYPE: 1, WITH_HARFBUZZ: 1
[2017.09.15-19.06.30:396][  0]LogAssetRegistry: FAssetRegistry took 0.0260 seconds to start up
[2017.09.15-19.06.30:496][  0]LogInit: Selected Device Profile: [Windows]
[2017.09.15-19.06.30:629][  0]LogContentStreaming: Texture pool size is 0.00 MB
[2017.09.15-19.06.30:859][  0]LogSimplygon: Simplygon DLL not present - disabling.
[2017.09.15-19.06.30:885][  0]LogMeshReduction: Using SimplygonSwarm for distributed automatic mesh merging
[2017.09.15-19.06.30:885][  0]LogMeshReduction: Using QuadricMeshReduction for automatic static mesh reduction
[2017.09.15-19.06.30:885][  0]LogMeshReduction: No automatic skeletal mesh reduction module available
[2017.09.15-19.06.30:885][  0]LogMeshReduction: No automatic mesh merging module available
[2017.09.15-19.06.30:885][  0]LogMeshMerging: No automatic mesh merging module available
[2017.09.15-19.06.31:218][  0]LogNetVersion: BonVoyage , NetCL: 3573198, EngineNetVer: 2, GameNetVer: 0 (Checksum: 2954532094)
[2017.09.15-19.06.31:395][  0]LogPackageLocalizationCache: Processed 5 localized package path(s) for 2 prioritized culture(s) in 0.036905 seconds
[2017.09.15-19.06.31:401][  0]LogUObjectArray: 35825 objects as part of root set at end of initial load.
[2017.09.15-19.06.31:401][  0]LogUObjectAllocator: 7529112 out of 0 bytes used by permanent object pool.
[2017.09.15-19.06.31:401][  0]LogUObjectArray: CloseDisregardForGC: 0/0 objects in disregard for GC pool
[2017.09.15-19.06.31:441][  0]LogInit: WinSock: version 1.1 (2.2), MaxSocks=32767, MaxUdp=65467
[2017.09.15-19.06.33:511][  0]LogTcpMessaging: Initializing TcpMessaging bridge
[2017.09.15-19.06.33:544][  0]LogUdpMessaging: Initializing bridge on interface 0.0.0.0:0 to multicast group 230.0.0.1:6666.
[2017.09.15-19.06.34:040][  0]LogMaterial: Uniform references updated for custom material expression Custom.
[2017.09.15-19.06.34:349][  0]SourceControl: Source control is disabled
[2017.09.15-19.06.34:350][  0]SourceControl: Source control is disabled
[2017.09.15-19.06.34:382][  0]SourceControl: Source control is disabled
[2017.09.15-19.06.34:415][  0]SourceControl: Source control is disabled
[2017.09.15-19.06.34:822][  0]LogAndroidPermission: UAndroidPermissionCallbackProxy::GetInstance
[2017.09.15-19.06.35:001][  0]LogOcInput: OculusInput pre-init called
[2017.09.15-19.06.35:202][  0]LogEngine: Initializing Engine...
[2017.09.15-19.06.35:224][  0]LogHMD: Failed to initialize OpenVR with code 126
[2017.09.15-19.06.35:459][  0]LogStats: UGameplayTagsManager::ConstructGameplayTagTree: Construct from data asset -  0.000 s
[2017.09.15-19.06.35:459][  0]LogStats: UGameplayTagsManager::ConstructGameplayTagTree: ImportINI -  0.000 s
[2017.09.15-19.06.35:459][  0]LogStats: UGameplayTagsManager::ConstructGameplayTagTree: GameplayTagTreeChangedEvent.Broadcast -  0.000 s
[2017.09.15-19.06.35:552][  0]LogAIModule: Creating AISystem for world Untitled
[2017.09.15-19.06.35:578][  0]LogInit: XAudio2 using 'Speakers (Realtek High Definition Audio)' : 6 channels at 48 kHz using 32 bits per sample (channel mask 0x3f)
[2017.09.15-19.06.35:667][  0]LogInit: FAudioDevice initialized.
[2017.09.15-19.06.35:753][  0]LogDerivedDataCache: Saved boot cache 0.09s 93MB C:/Users/User/AppData/Local/UnrealEngine/4.17/DerivedDataCache/Boot.ddc.
[2017.09.15-19.06.35:761][  0]LogInit: Texture streaming: Enabled
[2017.09.15-19.06.35:841][  0]LogEngineSessionManager: EngineSessionManager initialized
[2017.09.15-19.06.35:841][  0]LogEngineSessionManager: EngineSessionManager sent abnormal shutdown report. Type=Crashed, SessionId={BD16AEBE-48EE-C88F-C46A-368023313D71}
[2017.09.15-19.06.35:990][  0]LogInit: Transaction tracking system initialized
[2017.09.15-19.06.36:288][  0]BlueprintLog: New page: Editor Load
[2017.09.15-19.06.36:955][  0]LocalizationService: Localization service is disabled
[2017.09.15-19.06.37:435][  0]LogConsoleResponse: Display: 
[2017.09.15-19.06.37:604][  0]LogCook: Display: Max memory allowance for cook 16384mb min free memory 0mb
[2017.09.15-19.06.37:604][  0]LogCook: Display: Mobile HDR setting 1
[2017.09.15-19.06.37:604][  0]LogGameplayTags: Display: UGameplayTagsManager::DoneAddingNativeTags. DelegateIsBound: 0
[2017.09.15-19.06.38:294][  0]LogFileCache: Scanning file cache for directory 'D:/Unreal/Projects/BonVoyage/Content/' took 0.02s
[2017.09.15-19.06.38:326][  0]SourceControl: Source control is disabled
[2017.09.15-19.06.38:327][  0]Cmd: MAP LOAD FILE="../../../../Projects/BonVoyage/Content/ThirdPersonBP/Maps/ThirdPersonExampleMap.umap" TEMPLATE=0 SHOWPROGRESS=1 FEATURELEVEL=3
[2017.09.15-19.06.38:327][  0]LightingResults: New page: Lighting Build
[2017.09.15-19.06.38:353][  0]MapCheck: New page: Map Check
[2017.09.15-19.06.38:353][  0]LightingResults: New page: Lighting Build
[2017.09.15-19.06.39:502][  0]LogBlueprint: Warning: [AwayPanel] 'CurrentRoom' variable not found. Base class was probably changed.
[2017.09.15-19.06.39:502][  0]LogBlueprint: Warning: [AwayPanel] 'Rooms' variable not found. Base class was probably changed.
[2017.09.15-19.06.39:502][  0]LogBlueprint: Warning: [AwayPanel] 'BeamTarget' variable not found. Base class was probably changed.
[2017.09.15-19.06.39:531][  0]LogBlueprint: Warning: [RoomRoster] 'CurrentRoom' variable not found. Base class was probably changed.
[2017.09.15-19.06.39:531][  0]LogBlueprint: Warning: [RoomRoster] 'Rooms' variable not found. Base class was probably changed.
[2017.09.15-19.06.39:531][  0]LogBlueprint: Warning: [RoomRoster] 'BeamTarget' variable not found. Base class was probably changed.
[2017.09.15-19.07.02:542][  0]LogAIModule: Creating AISystem for world ThirdPersonExampleMap
[2017.09.15-19.07.02:565][  0]LogEditorServer: Finished looking for orphan Actors (0.000 secs)
[2017.09.15-19.07.02:598][  0]Cmd: MAP CHECKDEP NOCLEARLOG
[2017.09.15-19.07.02:650][  0]MapCheck: Map check complete: 0 Error(s), 0 Warning(s), took 50.925ms to complete.
[2017.09.15-19.07.02:650][  0]LogFileHelpers: Loading map 'ThirdPersonExampleMap' took 24.330
[2017.09.15-19.07.02:790][  0]LogCollectionManager: Loaded 0 collections in 0.001346 seconds
[2017.09.15-19.07.02:866][  0]LogFileCache: Scanning file cache for directory 'D:/Unreal/Projects/BonVoyage/Saved/Collections/' took 0.01s
[2017.09.15-19.07.02:866][  0]LogFileCache: Scanning file cache for directory 'D:/Unreal/Projects/BonVoyage/Content/Developers/User/Collections/' took 0.01s
[2017.09.15-19.07.02:866][  0]LogFileCache: Scanning file cache for directory 'D:/Unreal/Projects/BonVoyage/Content/Collections/' took 0.01s
[2017.09.15-19.07.02:866][  0]LogCollectionManager: Rebuilt the GUID cache for 0 collections in 0.000000 seconds
[2017.09.15-19.07.02:880][  0]LogContentBrowser: Native class hierarchy populated in 0.0142 seconds. Added 2387 classes and 502 folders.
[2017.09.15-19.07.02:932][  0]LogContentBrowser: Native class hierarchy updated for 'WidgetCarousel' in 0.0018 seconds. Added 0 classes and 0 folders.
[2017.09.15-19.07.02:970][  0]LogContentBrowser: Native class hierarchy updated for 'AddContentDialog' in 0.0018 seconds. Added 0 classes and 0 folders.
[2017.09.15-19.07.03:019][  0]LogContentBrowser: Native class hierarchy updated for 'SceneOutliner' in 0.0018 seconds. Added 1 classes and 2 folders.
[2017.09.15-19.07.03:204][  0]LogSlate: Took 0.000293 seconds to synchronously load lazily loaded font '../../../Engine/Content/Slate/Fonts/Roboto-Regular.ttf' (155K)
[2017.09.15-19.07.03:206][  0]LogSlate: Took 0.000149 seconds to synchronously load lazily loaded font '../../../Engine/Content/Slate/Fonts/Roboto-Bold.ttf' (160K)
[2017.09.15-19.07.03:210][  0]LogSlate: Took 0.000173 seconds to synchronously load lazily loaded font '../../../Engine/Content/Editor/Slate/Fonts/FontAwesome.ttf' (139K)
[2017.09.15-19.07.03:211][  0]LogSlate: Took 0.000121 seconds to synchronously load lazily loaded font '../../../Engine/Content/Editor/Slate/Fonts/DroidSansMono.ttf' (77K)
[2017.09.15-19.07.03:332][  0]LogRenderer: Reallocating scene render targets to support 976x576 Format 10 NumSamples 1 (Frame:1).
[2017.09.15-19.07.03:487][  0]LogContentBrowser: Native class hierarchy updated for 'HierarchicalLODOutliner' in 0.0014 seconds. Added 1 classes and 2 folders.
[2017.09.15-19.07.03:487][  0]LogLoad: (Engine Initialization) Total time: 40.21 seconds
[2017.09.15-19.07.03:487][  0]LogLoad: (Engine Initialization) Total Blueprint compile time: 0.00 seconds
[2017.09.15-19.07.03:487][  0]LogExternalProfiler: No external profilers were discovered.  External profiling features will not be available.
[2017.09.15-19.07.03:822][  0]LogWindowsTextInputMethodSystem: Display: IME system now deactivated.
[2017.09.15-19.07.03:855][  0]LogContentStreaming: Texture pool size now 1000 MB
[2017.09.15-19.07.04:175][  1]LogAssetRegistry: Asset discovery search completed in 33.8070 seconds
[2017.09.15-19.07.04:177][  1]LogCollectionManager: Rebuilt the object cache for 0 collections in 0.000000 seconds (found 0 objects)
[2017.09.15-19.07.04:178][  1]LogCollectionManager: Fixed up redirectors for 0 collections in 0.000167 seconds (updated 0 objects)
[2017.09.15-19.08.04:105][181]LogHttp: Warning: 0000025C307DDC00: request failed, libcurl error: 6 (Couldn't resolve host name)
[2017.09.15-19.08.04:105][181]LogHttp: Warning: 0000025C307DDC00: libcurl info message cache 0 (Could not resolve host: datarouter.ol.epicgames.com)
[2017.09.15-19.08.04:106][181]LogHttp: Warning: 0000025C307DDC00: libcurl info message cache 1 (Closing connection 0)
[2017.09.15-19.10.04:499][543]LogHttp: Warning: 0000025C307CE680: request failed, libcurl error: 6 (Couldn't resolve host name)
[2017.09.15-19.10.04:499][543]LogHttp: Warning: 0000025C307CE680: libcurl info message cache 0 (Could not resolve host: datarouter.ol.epicgames.com)
[2017.09.15-19.10.04:499][543]LogHttp: Warning: 0000025C307CE680: libcurl info message cache 1 (Closing connection 1)
[2017.09.15-19.12.16:832][940]LogHttp: Warning: 0000025C307CD480: request failed, libcurl error: 6 (Couldn't resolve host name)
[2017.09.15-19.12.16:832][940]LogHttp: Warning: 0000025C307CD480: libcurl info message cache 0 (Could not resolve host: datarouter.ol.epicgames.com)
[2017.09.15-19.12.16:832][940]LogHttp: Warning: 0000025C307CD480: libcurl info message cache 1 (Closing connection 2)
[2017.09.15-19.14.17:500][302]LogHttp: Warning: 0000025C43809180: request failed, libcurl error: 6 (Couldn't resolve host name)
[2017.09.15-19.14.17:500][302]LogHttp: Warning: 0000025C43809180: libcurl info message cache 0 (Could not resolve host: datarouter.ol.epicgames.com)
[2017.09.15-19.14.17:500][302]LogHttp: Warning: 0000025C43809180: libcurl info message cache 1 (Closing connection 3)
[2017.09.15-19.16.17:833][663]LogHttp: Warning: 0000025C43809C00: request failed, libcurl error: 6 (Couldn't resolve host name)
[2017.09.15-19.16.17:833][663]LogHttp: Warning: 0000025C43809C00: libcurl info message cache 0 (Could not resolve host: datarouter.ol.epicgames.com)
[2017.09.15-19.16.17:834][663]LogHttp: Warning: 0000025C43809C00: libcurl info message cache 1 (Closing connection 4)
[2017.09.15-19.18.18:167][ 24]LogHttp: Warning: 0000025C43808280: request failed, libcurl error: 6 (Couldn't resolve host name)
[2017.09.15-19.18.18:167][ 24]LogHttp: Warning: 0000025C43808280: libcurl info message cache 0 (Could not resolve host: datarouter.ol.epicgames.com)
[2017.09.15-19.18.18:167][ 24]LogHttp: Warning: 0000025C43808280: libcurl info message cache 1 (Closing connection 5)
[2017.09.15-19.20.18:501][385]LogHttp: Warning: 0000025C43809000: request failed, libcurl error: 6 (Couldn't resolve host name)
[2017.09.15-19.20.18:501][385]LogHttp: Warning: 0000025C43809000: libcurl info message cache 0 (Could not resolve host: datarouter.ol.epicgames.com)
[2017.09.15-19.20.18:502][385]LogHttp: Warning: 0000025C43809000: libcurl info message cache 1 (Closing connection 6)
[2017.09.15-19.22.18:835][746]LogHttp: Warning: 0000025C43809D80: request failed, libcurl error: 6 (Couldn't resolve host name)
[2017.09.15-19.22.18:835][746]LogHttp: Warning: 0000025C43809D80: libcurl info message cache 0 (Could not resolve host: datarouter.ol.epicgames.com)
[2017.09.15-19.22.18:835][746]LogHttp: Warning: 0000025C43809D80: libcurl info message cache 1 (Closing connection 7)
[2017.09.15-19.24.31:504][144]LogHttp: Warning: 0000025C43809C00: request failed, libcurl error: 6 (Couldn't resolve host name)
[2017.09.15-19.24.31:504][144]LogHttp: Warning: 0000025C43809C00: libcurl info message cache 0 (Could not resolve host: datarouter.ol.epicgames.com)
[2017.09.15-19.24.31:504][144]LogHttp: Warning: 0000025C43809C00: libcurl info message cache 1 (Closing connection 8)
[2017.09.15-19.26.32:168][506]LogHttp: Warning: 0000025C4380AC80: request failed, libcurl error: 6 (Couldn't resolve host name)
[2017.09.15-19.26.32:168][506]LogHttp: Warning: 0000025C4380AC80: libcurl info message cache 0 (Could not resolve host: datarouter.ol.epicgames.com)
[2017.09.15-19.26.32:169][506]LogHttp: Warning: 0000025C4380AC80: libcurl info message cache 1 (Closing connection 9)
[2017.09.15-19.28.44:502][903]LogHttp: Warning: 0000025C43809C00: request failed, libcurl error: 6 (Couldn't resolve host name)
[2017.09.15-19.28.44:503][903]LogHttp: Warning: 0000025C43809C00: libcurl info message cache 0 (Could not resolve host: datarouter.ol.epicgames.com)
[2017.09.15-19.28.44:503][903]LogHttp: Warning: 0000025C43809C00: libcurl info message cache 1 (Closing connection 10)
[2017.09.15-19.30.45:171][265]LogHttp: Warning: 0000025C4380AC80: request failed, libcurl error: 6 (Couldn't resolve host name)
[2017.09.15-19.30.45:171][265]LogHttp: Warning: 0000025C4380AC80: libcurl info message cache 0 (Could not resolve host: datarouter.ol.epicgames.com)
[2017.09.15-19.30.45:171][265]LogHttp: Warning: 0000025C4380AC80: libcurl info message cache 1 (Closing connection 11)
[2017.09.15-19.32.45:836][627]LogHttp: Warning: 0000025C43809180: request failed, libcurl error: 6 (Couldn't resolve host name)
[2017.09.15-19.32.45:836][627]LogHttp: Warning: 0000025C43809180: libcurl info message cache 0 (Could not resolve host: datarouter.ol.epicgames.com)
[2017.09.15-19.32.45:837][627]LogHttp: Warning: 0000025C43809180: libcurl info message cache 1 (Closing connection 12)
[2017.09.15-19.34.46:171][988]LogHttp: Warning: 0000025C30805A80: request failed, libcurl error: 6 (Couldn't resolve host name)
[2017.09.15-19.34.46:171][988]LogHttp: Warning: 0000025C30805A80: libcurl info message cache 0 (Could not resolve host: datarouter.ol.epicgames.com)
[2017.09.15-19.34.46:171][988]LogHttp: Warning: 0000025C30805A80: libcurl info message cache 1 (Closing connection 13)
[2017.09.15-19.36.58:838][386]LogHttp: Warning: 0000025C30807880: request failed, libcurl error: 6 (Couldn't resolve host name)
[2017.09.15-19.36.58:838][386]LogHttp: Warning: 0000025C30807880: libcurl info message cache 0 (Could not resolve host: datarouter.ol.epicgames.com)
[2017.09.15-19.36.58:838][386]LogHttp: Warning: 0000025C30807880: libcurl info message cache 1 (Closing connection 14)
[2017.09.15-19.39.11:302][783]LogHttp: Warning: 0000025C4382F280: request failed, libcurl error: 6 (Couldn't resolve host name)
[2017.09.15-19.39.11:302][783]LogHttp: Warning: 0000025C4382F280: libcurl info message cache 0 (Could not resolve host: datarouter.ol.epicgames.com)
[2017.09.15-19.39.11:303][783]LogHttp: Warning: 0000025C4382F280: libcurl info message cache 1 (Closing connection 15)
[2017.09.15-19.41.11:970][145]LogHttp: Warning: 0000025C3068B400: request failed, libcurl error: 6 (Couldn't resolve host name)
[2017.09.15-19.41.11:970][145]LogHttp: Warning: 0000025C3068B400: libcurl info message cache 0 (Could not resolve host: datarouter.ol.epicgames.com)
[2017.09.15-19.41.11:970][145]LogHttp: Warning: 0000025C3068B400: libcurl info message cache 1 (Closing connection 16)
[2017.09.15-19.43.12:303][506]LogHttp: Warning: 0000025C30689000: request failed, libcurl error: 6 (Couldn't resolve host name)
[2017.09.15-19.43.12:303][506]LogHttp: Warning: 0000025C30689000: libcurl info message cache 0 (Could not resolve host: datarouter.ol.epicgames.com)
[2017.09.15-19.43.12:304][506]LogHttp: Warning: 0000025C30689000: libcurl info message cache 1 (Closing connection 17)
[2017.09.15-19.45.24:713][902]LogHttp: Warning: 0000025C43028280: request failed, libcurl error: 6 (Couldn't resolve host name)
[2017.09.15-19.45.24:713][902]LogHttp: Warning: 0000025C43028280: libcurl info message cache 0 (Could not resolve host: datarouter.ol.epicgames.com)
[2017.09.15-19.45.24:713][902]LogHttp: Warning: 0000025C43028280: libcurl info message cache 1 (Closing connection 18)
[2017.09.15-19.47.37:046][299]LogHttp: Warning: 0000025C43029A80: request failed, libcurl error: 6 (Couldn't resolve host name)
[2017.09.15-19.47.37:047][299]LogHttp: Warning: 0000025C43029A80: libcurl info message cache 0 (Could not resolve host: datarouter.ol.epicgames.com)
[2017.09.15-19.47.37:047][299]LogHttp: Warning: 0000025C43029A80: libcurl info message cache 1 (Closing connection 19)
[2017.09.15-19.49.49:380][696]LogHttp: Warning: 0000025C43028A00: request failed, libcurl error: 6 (Couldn't resolve host name)
[2017.09.15-19.49.49:380][696]LogHttp: Warning: 0000025C43028A00: libcurl info message cache 0 (Could not resolve host: datarouter.ol.epicgames.com)
[2017.09.15-19.49.49:380][696]LogHttp: Warning: 0000025C43028A00: libcurl info message cache 1 (Closing connection 20)
[2017.09.15-19.51.49:714][ 57]LogHttp: Warning: 0000025C4411CD00: request failed, libcurl error: 6 (Couldn't resolve host name)
[2017.09.15-19.51.49:714][ 57]LogHttp: Warning: 0000025C4411CD00: libcurl info message cache 0 (Could not resolve host: datarouter.ol.epicgames.com)
[2017.09.15-19.51.49:714][ 57]LogHttp: Warning: 0000025C4411CD00: libcurl info message cache 1 (Closing connection 21)
[2017.09.15-19.54.02:048][454]LogHttp: Warning: 0000025C4411EC80: request failed, libcurl error: 6 (Couldn't resolve host name)
[2017.09.15-19.54.02:048][454]LogHttp: Warning: 0000025C4411EC80: libcurl info message cache 0 (Could not resolve host: datarouter.ol.epicgames.com)
[2017.09.15-19.54.02:048][454]LogHttp: Warning: 0000025C4411EC80: libcurl info message cache 1 (Closing connection 22)
[2017.09.15-19.56.14:381][851]LogHttp: Warning: 0000025C4411FD00: request failed, libcurl error: 6 (Couldn't resolve host name)
[2017.09.15-19.56.14:381][851]LogHttp: Warning: 0000025C4411FD00: libcurl info message cache 0 (Could not resolve host: datarouter.ol.epicgames.com)
[2017.09.15-19.56.14:381][851]LogHttp: Warning: 0000025C4411FD00: libcurl info message cache 1 (Closing connection 23)
[2017.09.15-19.58.14:715][212]LogHttp: Warning: 0000025C4411C400: request failed, libcurl error: 6 (Couldn't resolve host name)
[2017.09.15-19.58.14:715][212]LogHttp: Warning: 0000025C4411C400: libcurl info message cache 0 (Could not resolve host: datarouter.ol.epicgames.com)
[2017.09.15-19.58.14:715][212]LogHttp: Warning: 0000025C4411C400: libcurl info message cache 1 (Closing connection 24)
[2017.09.15-20.00.15:382][574]LogHttp: Warning: 0000025C4411CD00: request failed, libcurl error: 6 (Couldn't resolve host name)
[2017.09.15-20.00.15:382][574]LogHttp: Warning: 0000025C4411CD00: libcurl info message cache 0 (Could not resolve host: datarouter.ol.epicgames.com)
[2017.09.15-20.00.15:382][574]LogHttp: Warning: 0000025C4411CD00: libcurl info message cache 1 (Closing connection 25)
[2017.09.15-20.02.15:715][935]LogHttp: Warning: 0000025C4411C400: request failed, libcurl error: 6 (Couldn't resolve host name)
[2017.09.15-20.02.15:715][935]LogHttp: Warning: 0000025C4411C400: libcurl info message cache 0 (Could not resolve host: datarouter.ol.epicgames.com)
[2017.09.15-20.02.15:715][935]LogHttp: Warning: 0000025C4411C400: libcurl info message cache 1 (Closing connection 26)
[2017.09.15-20.04.28:050][332]LogHttp: Warning: 0000025C4411CE80: request failed, libcurl error: 6 (Couldn't resolve host name)
[2017.09.15-20.04.28:050][332]LogHttp: Warning: 0000025C4411CE80: libcurl info message cache 0 (Could not resolve host: datarouter.ol.epicgames.com)
[2017.09.15-20.04.28:050][332]LogHttp: Warning: 0000025C4411CE80: libcurl info message cache 1 (Closing connection 27)
[2017.09.15-20.06.28:716][694]LogHttp: Warning: 0000025C32F3B880: request failed, libcurl error: 6 (Couldn't resolve host name)
[2017.09.15-20.06.28:716][694]LogHttp: Warning: 0000025C32F3B880: libcurl info message cache 0 (Could not resolve host: datarouter.ol.epicgames.com)
[2017.09.15-20.06.28:716][694]LogHttp: Warning: 0000025C32F3B880: libcurl info message cache 1 (Closing connection 28)
[2017.09.15-20.08.41:051][ 91]LogHttp: Warning: 0000025C32F3A500: request failed, libcurl error: 6 (Couldn't resolve host name)
[2017.09.15-20.08.41:051][ 91]LogHttp: Warning: 0000025C32F3A500: libcurl info message cache 0 (Could not resolve host: datarouter.ol.epicgames.com)
[2017.09.15-20.08.41:051][ 91]LogHttp: Warning: 0000025C32F3A500: libcurl info message cache 1 (Closing connection 29)
[2017.09.15-20.10.41:383][452]LogHttp: Warning: 0000025C32F3BB80: request failed, libcurl error: 6 (Couldn't resolve host name)
[2017.09.15-20.10.41:383][452]LogHttp: Warning: 0000025C32F3BB80: libcurl info message cache 0 (Could not resolve host: datarouter.ol.epicgames.com)
[2017.09.15-20.10.41:383][452]LogHttp: Warning: 0000025C32F3BB80: libcurl info message cache 1 (Closing connection 30)
[2017.09.15-20.12.53:716][849]LogHttp: Warning: 0000025C32F3B400: request failed, libcurl error: 6 (Couldn't resolve host name)
[2017.09.15-20.12.53:717][849]LogHttp: Warning: 0000025C32F3B400: libcurl info message cache 0 (Could not resolve host: datarouter.ol.epicgames.com)
[2017.09.15-20.12.53:717][849]LogHttp: Warning: 0000025C32F3B400: libcurl info message cache 1 (Closing connection 31)
